<?xml version="1.0" encoding="UTF-8"?>
<coverage generated="1658058656415" clover="3.2.0">
  <project timestamp="1658058656415" name="All files">
    <metrics statements="746" coveredstatements="741" conditionals="170" coveredconditionals="141" methods="32" coveredmethods="32" elements="948" coveredelements="914" complexity="0" loc="746" ncloc="746" packages="1" files="6" classes="6"/>
    <file name="bar.ts" path="C:\Users\User\test\toxin-slider\src\bar.ts">
      <metrics statements="66" coveredstatements="66" conditionals="21" coveredconditionals="11" methods="5" coveredmethods="5"/>
      <line num="1" count="1" type="stmt"/>
      <line num="2" count="1" type="stmt"/>
      <line num="3" count="1" type="stmt"/>
      <line num="4" count="1" type="stmt"/>
      <line num="5" count="1" type="stmt"/>
      <line num="6" count="1" type="stmt"/>
      <line num="7" count="1" type="stmt"/>
      <line num="8" count="1" type="stmt"/>
      <line num="9" count="1" type="stmt"/>
      <line num="10" count="1" type="stmt"/>
      <line num="11" count="1" type="stmt"/>
      <line num="12" count="1" type="stmt"/>
      <line num="13" count="1" type="stmt"/>
      <line num="14" count="1" type="stmt"/>
      <line num="15" count="1" type="stmt"/>
      <line num="16" count="1" type="cond" truecount="1" falsecount="0"/>
      <line num="17" count="2" type="stmt"/>
      <line num="18" count="2" type="stmt"/>
      <line num="19" count="2" type="stmt"/>
      <line num="20" count="2" type="stmt"/>
      <line num="21" count="2" type="stmt"/>
      <line num="22" count="2" type="stmt"/>
      <line num="23" count="2" type="stmt"/>
      <line num="24" count="2" type="stmt"/>
      <line num="25" count="2" type="stmt"/>
      <line num="26" count="1" type="stmt"/>
      <line num="27" count="1" type="cond" truecount="1" falsecount="0"/>
      <line num="28" count="8" type="stmt"/>
      <line num="29" count="8" type="stmt"/>
      <line num="30" count="8" type="stmt"/>
      <line num="31" count="8" type="stmt"/>
      <line num="32" count="1" type="stmt"/>
      <line num="33" count="1" type="stmt"/>
      <line num="34" count="4" type="cond" truecount="1" falsecount="0"/>
      <line num="35" count="4" type="stmt"/>
      <line num="36" count="4" type="stmt"/>
      <line num="37" count="4" type="stmt"/>
      <line num="38" count="4" type="stmt"/>
      <line num="39" count="4" type="cond" truecount="1" falsecount="1"/>
      <line num="40" count="4" type="cond" truecount="1" falsecount="1"/>
      <line num="41" count="4" type="stmt"/>
      <line num="42" count="4" type="stmt"/>
      <line num="43" count="4" type="cond" truecount="1" falsecount="4"/>
      <line num="44" count="4" type="cond" truecount="1" falsecount="4"/>
      <line num="45" count="4" type="stmt"/>
      <line num="46" count="4" type="stmt"/>
      <line num="47" count="4" type="stmt"/>
      <line num="48" count="4" type="stmt"/>
      <line num="49" count="4" type="stmt"/>
      <line num="50" count="4" type="stmt"/>
      <line num="51" count="4" type="cond" truecount="1" falsecount="0"/>
      <line num="52" count="4" type="stmt"/>
      <line num="53" count="4" type="stmt"/>
      <line num="54" count="4" type="stmt"/>
      <line num="55" count="4" type="cond" truecount="1" falsecount="0"/>
      <line num="56" count="4" type="cond" truecount="1" falsecount="0"/>
      <line num="57" count="2" type="stmt"/>
      <line num="58" count="2" type="stmt"/>
      <line num="59" count="2" type="stmt"/>
      <line num="60" count="4" type="cond" truecount="1" falsecount="0"/>
      <line num="61" count="1" type="stmt"/>
      <line num="62" count="1" type="stmt"/>
      <line num="63" count="1" type="stmt"/>
      <line num="64" count="1" type="stmt"/>
      <line num="65" count="1" type="stmt"/>
      <line num="66" count="4" type="stmt"/>
    </file>
    <file name="controller.ts" path="C:\Users\User\test\toxin-slider\src\controller.ts">
      <metrics statements="24" coveredstatements="24" conditionals="2" coveredconditionals="2" methods="2" coveredmethods="2"/>
      <line num="1" count="1" type="stmt"/>
      <line num="2" count="1" type="stmt"/>
      <line num="3" count="1" type="stmt"/>
      <line num="4" count="1" type="stmt"/>
      <line num="5" count="1" type="stmt"/>
      <line num="6" count="1" type="stmt"/>
      <line num="7" count="1" type="stmt"/>
      <line num="8" count="1" type="stmt"/>
      <line num="9" count="1" type="cond" truecount="1" falsecount="0"/>
      <line num="10" count="2" type="stmt"/>
      <line num="11" count="2" type="stmt"/>
      <line num="12" count="2" type="stmt"/>
      <line num="13" count="2" type="stmt"/>
      <line num="14" count="2" type="stmt"/>
      <line num="15" count="2" type="stmt"/>
      <line num="16" count="2" type="stmt"/>
      <line num="17" count="2" type="stmt"/>
      <line num="18" count="1" type="stmt"/>
      <line num="19" count="1" type="stmt"/>
      <line num="20" count="6" type="cond" truecount="1" falsecount="0"/>
      <line num="21" count="6" type="stmt"/>
      <line num="22" count="6" type="stmt"/>
      <line num="23" count="6" type="stmt"/>
      <line num="24" count="6" type="stmt"/>
    </file>
    <file name="model.ts" path="C:\Users\User\test\toxin-slider\src\model.ts">
      <metrics statements="203" coveredstatements="203" conditionals="61" coveredconditionals="61" methods="10" coveredmethods="10"/>
      <line num="1" count="1" type="stmt"/>
      <line num="2" count="1" type="stmt"/>
      <line num="3" count="1" type="stmt"/>
      <line num="4" count="1" type="stmt"/>
      <line num="5" count="1" type="stmt"/>
      <line num="6" count="1" type="stmt"/>
      <line num="7" count="1" type="stmt"/>
      <line num="8" count="1" type="stmt"/>
      <line num="9" count="1" type="stmt"/>
      <line num="10" count="1" type="stmt"/>
      <line num="11" count="1" type="stmt"/>
      <line num="12" count="1" type="stmt"/>
      <line num="13" count="1" type="cond" truecount="1" falsecount="0"/>
      <line num="14" count="3" type="stmt"/>
      <line num="15" count="3" type="stmt"/>
      <line num="16" count="1" type="stmt"/>
      <line num="17" count="1" type="cond" truecount="1" falsecount="0"/>
      <line num="18" count="43" type="stmt"/>
      <line num="19" count="43" type="stmt"/>
      <line num="20" count="43" type="stmt"/>
      <line num="21" count="43" type="stmt"/>
      <line num="22" count="43" type="stmt"/>
      <line num="23" count="43" type="stmt"/>
      <line num="24" count="43" type="stmt"/>
      <line num="25" count="43" type="stmt"/>
      <line num="26" count="43" type="cond" truecount="1" falsecount="0"/>
      <line num="27" count="3" type="cond" truecount="1" falsecount="0"/>
      <line num="28" count="2" type="cond" truecount="1" falsecount="0"/>
      <line num="29" count="1" type="stmt"/>
      <line num="30" count="1" type="stmt"/>
      <line num="31" count="1" type="stmt"/>
      <line num="32" count="1" type="stmt"/>
      <line num="33" count="3" type="cond" truecount="1" falsecount="0"/>
      <line num="34" count="1" type="stmt"/>
      <line num="35" count="1" type="stmt"/>
      <line num="36" count="43" type="stmt"/>
      <line num="37" count="43" type="stmt"/>
      <line num="38" count="43" type="cond" truecount="1" falsecount="0"/>
      <line num="39" count="3" type="stmt"/>
      <line num="40" count="3" type="stmt"/>
      <line num="41" count="3" type="stmt"/>
      <line num="42" count="3" type="stmt"/>
      <line num="43" count="3" type="stmt"/>
      <line num="44" count="3" type="stmt"/>
      <line num="45" count="3" type="stmt"/>
      <line num="46" count="3" type="stmt"/>
      <line num="47" count="40" type="cond" truecount="1" falsecount="0"/>
      <line num="48" count="43" type="cond" truecount="1" falsecount="0"/>
      <line num="49" count="36" type="stmt"/>
      <line num="50" count="36" type="stmt"/>
      <line num="51" count="36" type="stmt"/>
      <line num="52" count="36" type="stmt"/>
      <line num="53" count="4" type="cond" truecount="3" falsecount="0"/>
      <line num="54" count="4" type="stmt"/>
      <line num="55" count="4" type="stmt"/>
      <line num="56" count="4" type="stmt"/>
      <line num="57" count="4" type="stmt"/>
      <line num="58" count="36" type="cond" truecount="1" falsecount="0"/>
      <line num="59" count="3" type="cond" truecount="1" falsecount="0"/>
      <line num="60" count="2" type="stmt"/>
      <line num="61" count="2" type="cond" truecount="1" falsecount="0"/>
      <line num="62" count="1" type="stmt"/>
      <line num="63" count="1" type="stmt"/>
      <line num="64" count="41" type="cond" truecount="1" falsecount="0"/>
      <line num="65" count="1" type="stmt"/>
      <line num="66" count="1" type="stmt"/>
      <line num="67" count="4" type="cond" truecount="1" falsecount="0"/>
      <line num="68" count="4" type="stmt"/>
      <line num="69" count="4" type="stmt"/>
      <line num="70" count="1" type="stmt"/>
      <line num="71" count="1" type="cond" truecount="1" falsecount="0"/>
      <line num="72" count="36" type="stmt"/>
      <line num="73" count="36" type="stmt"/>
      <line num="74" count="36" type="stmt"/>
      <line num="75" count="36" type="stmt"/>
      <line num="76" count="36" type="stmt"/>
      <line num="77" count="36" type="stmt"/>
      <line num="78" count="36" type="stmt"/>
      <line num="79" count="36" type="stmt"/>
      <line num="80" count="36" type="stmt"/>
      <line num="81" count="36" type="stmt"/>
      <line num="82" count="36" type="stmt"/>
      <line num="83" count="36" type="stmt"/>
      <line num="84" count="1" type="stmt"/>
      <line num="85" count="1" type="cond" truecount="1" falsecount="0"/>
      <line num="86" count="36" type="stmt"/>
      <line num="87" count="36" type="stmt"/>
      <line num="88" count="36" type="stmt"/>
      <line num="89" count="36" type="stmt"/>
      <line num="90" count="36" type="stmt"/>
      <line num="91" count="36" type="stmt"/>
      <line num="92" count="36" type="cond" truecount="1" falsecount="0"/>
      <line num="93" count="3" type="stmt"/>
      <line num="94" count="36" type="cond" truecount="1" falsecount="0"/>
      <line num="95" count="33" type="cond" truecount="3" falsecount="0"/>
      <line num="96" count="33" type="stmt"/>
      <line num="97" count="33" type="cond" truecount="1" falsecount="0"/>
      <line num="98" count="10" type="stmt"/>
      <line num="99" count="10" type="stmt"/>
      <line num="100" count="33" type="stmt"/>
      <line num="101" count="36" type="stmt"/>
      <line num="102" count="36" type="stmt"/>
      <line num="103" count="36" type="stmt"/>
      <line num="104" count="1" type="stmt"/>
      <line num="105" count="1" type="cond" truecount="1" falsecount="0"/>
      <line num="106" count="79" type="stmt"/>
      <line num="107" count="79" type="stmt"/>
      <line num="108" count="79" type="stmt"/>
      <line num="109" count="79" type="stmt"/>
      <line num="110" count="79" type="stmt"/>
      <line num="111" count="79" type="stmt"/>
      <line num="112" count="79" type="stmt"/>
      <line num="113" count="79" type="cond" truecount="1" falsecount="0"/>
      <line num="114" count="42" type="cond" truecount="1" falsecount="0"/>
      <line num="115" count="2" type="stmt"/>
      <line num="116" count="2" type="stmt"/>
      <line num="117" count="40" type="cond" truecount="1" falsecount="0"/>
      <line num="118" count="42" type="cond" truecount="1" falsecount="0"/>
      <line num="119" count="3" type="stmt"/>
      <line num="120" count="3" type="stmt"/>
      <line num="121" count="37" type="cond" truecount="1" falsecount="0"/>
      <line num="122" count="42" type="cond" truecount="1" falsecount="0"/>
      <line num="123" count="35" type="cond" truecount="1" falsecount="0"/>
      <line num="124" count="1" type="stmt"/>
      <line num="125" count="1" type="stmt"/>
      <line num="126" count="34" type="cond" truecount="1" falsecount="0"/>
      <line num="127" count="35" type="cond" truecount="1" falsecount="0"/>
      <line num="128" count="1" type="stmt"/>
      <line num="129" count="1" type="stmt"/>
      <line num="130" count="33" type="cond" truecount="1" falsecount="0"/>
      <line num="131" count="33" type="stmt"/>
      <line num="132" count="33" type="stmt"/>
      <line num="133" count="2" type="cond" truecount="1" falsecount="0"/>
      <line num="134" count="2" type="stmt"/>
      <line num="135" count="2" type="stmt"/>
      <line num="136" count="37" type="cond" truecount="1" falsecount="0"/>
      <line num="137" count="79" type="cond" truecount="2" falsecount="0"/>
      <line num="138" count="5" type="stmt"/>
      <line num="139" count="5" type="stmt"/>
      <line num="140" count="32" type="cond" truecount="1" falsecount="0"/>
      <line num="141" count="79" type="cond" truecount="1" falsecount="0"/>
      <line num="142" count="1" type="stmt"/>
      <line num="143" count="1" type="stmt"/>
      <line num="144" count="31" type="cond" truecount="2" falsecount="0"/>
      <line num="145" count="77" type="cond" truecount="1" falsecount="0"/>
      <line num="146" count="27" type="cond" truecount="2" falsecount="0"/>
      <line num="147" count="9" type="stmt"/>
      <line num="148" count="9" type="stmt"/>
      <line num="149" count="18" type="stmt"/>
      <line num="150" count="27" type="cond" truecount="1" falsecount="0"/>
      <line num="151" count="1" type="stmt"/>
      <line num="152" count="1" type="stmt"/>
      <line num="153" count="17" type="cond" truecount="1" falsecount="0"/>
      <line num="154" count="17" type="stmt"/>
      <line num="155" count="17" type="stmt"/>
      <line num="156" count="4" type="cond" truecount="1" falsecount="0"/>
      <line num="157" count="4" type="stmt"/>
      <line num="158" count="4" type="stmt"/>
      <line num="159" count="1" type="stmt"/>
      <line num="160" count="1" type="cond" truecount="1" falsecount="0"/>
      <line num="161" count="43" type="stmt"/>
      <line num="162" count="43" type="stmt"/>
      <line num="163" count="43" type="stmt"/>
      <line num="164" count="43" type="stmt"/>
      <line num="165" count="43" type="stmt"/>
      <line num="166" count="43" type="stmt"/>
      <line num="167" count="43" type="stmt"/>
      <line num="168" count="43" type="stmt"/>
      <line num="169" count="43" type="cond" truecount="1" falsecount="0"/>
      <line num="170" count="11" type="cond" truecount="1" falsecount="0"/>
      <line num="171" count="6" type="cond" truecount="1" falsecount="0"/>
      <line num="172" count="3" type="stmt"/>
      <line num="173" count="3" type="stmt"/>
      <line num="174" count="11" type="cond" truecount="2" falsecount="0"/>
      <line num="175" count="3" type="stmt"/>
      <line num="176" count="3" type="stmt"/>
      <line num="177" count="11" type="stmt"/>
      <line num="178" count="43" type="stmt"/>
      <line num="179" count="43" type="stmt"/>
      <line num="180" count="43" type="stmt"/>
      <line num="181" count="1" type="stmt"/>
      <line num="182" count="1" type="cond" truecount="1" falsecount="0"/>
      <line num="183" count="36" type="stmt"/>
      <line num="184" count="36" type="stmt"/>
      <line num="185" count="36" type="stmt"/>
      <line num="186" count="36" type="stmt"/>
      <line num="187" count="36" type="stmt"/>
      <line num="188" count="36" type="stmt"/>
      <line num="189" count="36" type="cond" truecount="1" falsecount="0"/>
      <line num="190" count="6" type="stmt"/>
      <line num="191" count="6" type="stmt"/>
      <line num="192" count="30" type="cond" truecount="1" falsecount="0"/>
      <line num="193" count="30" type="stmt"/>
      <line num="194" count="30" type="stmt"/>
      <line num="195" count="1" type="stmt"/>
      <line num="196" count="1" type="stmt"/>
      <line num="197" count="40" type="cond" truecount="1" falsecount="0"/>
      <line num="198" count="40" type="stmt"/>
      <line num="199" count="40" type="stmt"/>
      <line num="200" count="1" type="stmt"/>
      <line num="201" count="43" type="cond" truecount="1" falsecount="0"/>
      <line num="202" count="43" type="stmt"/>
      <line num="203" count="43" type="stmt"/>
    </file>
    <file name="progress-bar.ts" path="C:\Users\User\test\toxin-slider\src\progress-bar.ts">
      <metrics statements="33" coveredstatements="33" conditionals="6" coveredconditionals="6" methods="2" coveredmethods="2"/>
      <line num="1" count="1" type="stmt"/>
      <line num="2" count="1" type="stmt"/>
      <line num="3" count="1" type="stmt"/>
      <line num="4" count="1" type="stmt"/>
      <line num="5" count="1" type="stmt"/>
      <line num="6" count="1" type="stmt"/>
      <line num="7" count="1" type="stmt"/>
      <line num="8" count="1" type="cond" truecount="1" falsecount="0"/>
      <line num="9" count="2" type="stmt"/>
      <line num="10" count="2" type="stmt"/>
      <line num="11" count="2" type="stmt"/>
      <line num="12" count="2" type="stmt"/>
      <line num="13" count="2" type="stmt"/>
      <line num="14" count="2" type="stmt"/>
      <line num="15" count="2" type="stmt"/>
      <line num="16" count="1" type="stmt"/>
      <line num="17" count="1" type="cond" truecount="1" falsecount="0"/>
      <line num="18" count="8" type="stmt"/>
      <line num="19" count="8" type="stmt"/>
      <line num="20" count="8" type="stmt"/>
      <line num="21" count="8" type="cond" truecount="1" falsecount="0"/>
      <line num="22" count="8" type="cond" truecount="1" falsecount="0"/>
      <line num="23" count="8" type="stmt"/>
      <line num="24" count="8" type="stmt"/>
      <line num="25" count="8" type="cond" truecount="1" falsecount="0"/>
      <line num="26" count="1" type="stmt"/>
      <line num="27" count="8" type="cond" truecount="1" falsecount="0"/>
      <line num="28" count="7" type="stmt"/>
      <line num="29" count="7" type="stmt"/>
      <line num="30" count="8" type="stmt"/>
      <line num="31" count="8" type="stmt"/>
      <line num="32" count="8" type="stmt"/>
      <line num="33" count="1" type="stmt"/>
    </file>
    <file name="thumb.ts" path="C:\Users\User\test\toxin-slider\src\thumb.ts">
      <metrics statements="187" coveredstatements="187" conditionals="60" coveredconditionals="44" methods="9" coveredmethods="9"/>
      <line num="1" count="1" type="stmt"/>
      <line num="2" count="1" type="stmt"/>
      <line num="3" count="1" type="stmt"/>
      <line num="4" count="1" type="stmt"/>
      <line num="5" count="1" type="stmt"/>
      <line num="6" count="3" type="cond" truecount="1" falsecount="0"/>
      <line num="7" count="3" type="stmt"/>
      <line num="8" count="3" type="stmt"/>
      <line num="9" count="3" type="stmt"/>
      <line num="10" count="3" type="stmt"/>
      <line num="11" count="1" type="stmt"/>
      <line num="12" count="1" type="stmt"/>
      <line num="13" count="1" type="stmt"/>
      <line num="14" count="1" type="stmt"/>
      <line num="15" count="1" type="stmt"/>
      <line num="16" count="1" type="stmt"/>
      <line num="17" count="1" type="stmt"/>
      <line num="18" count="1" type="stmt"/>
      <line num="19" count="1" type="stmt"/>
      <line num="20" count="1" type="stmt"/>
      <line num="21" count="1" type="stmt"/>
      <line num="22" count="1" type="stmt"/>
      <line num="23" count="1" type="stmt"/>
      <line num="24" count="1" type="stmt"/>
      <line num="25" count="1" type="stmt"/>
      <line num="26" count="1" type="stmt"/>
      <line num="27" count="1" type="stmt"/>
      <line num="28" count="1" type="stmt"/>
      <line num="29" count="1" type="stmt"/>
      <line num="30" count="1" type="stmt"/>
      <line num="31" count="1" type="stmt"/>
      <line num="32" count="1" type="stmt"/>
      <line num="33" count="1" type="stmt"/>
      <line num="34" count="1" type="stmt"/>
      <line num="35" count="1" type="stmt"/>
      <line num="36" count="1" type="stmt"/>
      <line num="37" count="1" type="stmt"/>
      <line num="38" count="1" type="stmt"/>
      <line num="39" count="1" type="stmt"/>
      <line num="40" count="1" type="stmt"/>
      <line num="41" count="1" type="cond" truecount="1" falsecount="0"/>
      <line num="42" count="8" type="stmt"/>
      <line num="43" count="8" type="stmt"/>
      <line num="44" count="8" type="stmt"/>
      <line num="45" count="8" type="stmt"/>
      <line num="46" count="8" type="stmt"/>
      <line num="47" count="8" type="stmt"/>
      <line num="48" count="8" type="stmt"/>
      <line num="49" count="8" type="stmt"/>
      <line num="50" count="8" type="stmt"/>
      <line num="51" count="8" type="stmt"/>
      <line num="52" count="1" type="stmt"/>
      <line num="53" count="1" type="cond" truecount="1" falsecount="0"/>
      <line num="54" count="46" type="stmt"/>
      <line num="55" count="46" type="stmt"/>
      <line num="56" count="46" type="stmt"/>
      <line num="57" count="46" type="stmt"/>
      <line num="58" count="46" type="cond" truecount="2" falsecount="0"/>
      <line num="59" count="46" type="stmt"/>
      <line num="60" count="46" type="cond" truecount="2" falsecount="0"/>
      <line num="61" count="13" type="stmt"/>
      <line num="62" count="44" type="cond" truecount="1" falsecount="0"/>
      <line num="63" count="33" type="stmt"/>
      <line num="64" count="33" type="stmt"/>
      <line num="65" count="46" type="stmt"/>
      <line num="66" count="46" type="cond" truecount="1" falsecount="0"/>
      <line num="67" count="8" type="stmt"/>
      <line num="68" count="46" type="cond" truecount="1" falsecount="0"/>
      <line num="69" count="38" type="stmt"/>
      <line num="70" count="38" type="stmt"/>
      <line num="71" count="46" type="stmt"/>
      <line num="72" count="46" type="stmt"/>
      <line num="73" count="46" type="stmt"/>
      <line num="74" count="1" type="stmt"/>
      <line num="75" count="1" type="cond" truecount="1" falsecount="0"/>
      <line num="76" count="94" type="cond" truecount="2" falsecount="0"/>
      <line num="77" count="94" type="stmt"/>
      <line num="78" count="1" type="stmt"/>
      <line num="79" count="1" type="cond" truecount="1" falsecount="0"/>
      <line num="80" count="2" type="stmt"/>
      <line num="81" count="2" type="stmt"/>
      <line num="82" count="1" type="stmt"/>
      <line num="83" count="1" type="cond" truecount="1" falsecount="0"/>
      <line num="84" count="16" type="stmt"/>
      <line num="85" count="16" type="stmt"/>
      <line num="86" count="16" type="stmt"/>
      <line num="87" count="16" type="stmt"/>
      <line num="88" count="16" type="stmt"/>
      <line num="89" count="16" type="stmt"/>
      <line num="90" count="16" type="stmt"/>
      <line num="91" count="16" type="stmt"/>
      <line num="92" count="16" type="stmt"/>
      <line num="93" count="16" type="stmt"/>
      <line num="94" count="16" type="stmt"/>
      <line num="95" count="1" type="stmt"/>
      <line num="96" count="1" type="cond" truecount="1" falsecount="0"/>
      <line num="97" count="46" type="cond" truecount="2" falsecount="0"/>
      <line num="98" count="46" type="stmt"/>
      <line num="99" count="46" type="stmt"/>
      <line num="100" count="46" type="stmt"/>
      <line num="101" count="46" type="cond" truecount="2" falsecount="0"/>
      <line num="102" count="46" type="stmt"/>
      <line num="103" count="46" type="stmt"/>
      <line num="104" count="46" type="stmt"/>
      <line num="105" count="46" type="stmt"/>
      <line num="106" count="1" type="stmt"/>
      <line num="107" count="1" type="stmt"/>
      <line num="108" count="6" type="cond" truecount="1" falsecount="0"/>
      <line num="109" count="6" type="stmt"/>
      <line num="110" count="6" type="stmt"/>
      <line num="111" count="6" type="stmt"/>
      <line num="112" count="6" type="stmt"/>
      <line num="113" count="6" type="stmt"/>
      <line num="114" count="6" type="stmt"/>
      <line num="115" count="6" type="stmt"/>
      <line num="116" count="6" type="stmt"/>
      <line num="117" count="6" type="cond" truecount="1" falsecount="0"/>
      <line num="118" count="3" type="cond" truecount="0" falsecount="2"/>
      <line num="119" count="3" type="cond" truecount="0" falsecount="1"/>
      <line num="120" count="3" type="stmt"/>
      <line num="121" count="3" type="cond" truecount="0" falsecount="2"/>
      <line num="122" count="3" type="cond" truecount="0" falsecount="1"/>
      <line num="123" count="3" type="stmt"/>
      <line num="124" count="6" type="stmt"/>
      <line num="125" count="6" type="stmt"/>
      <line num="126" count="6" type="cond" truecount="1" falsecount="2"/>
      <line num="127" count="6" type="cond" truecount="1" falsecount="2"/>
      <line num="128" count="6" type="stmt"/>
      <line num="129" count="6" type="stmt"/>
      <line num="130" count="6" type="cond" truecount="1" falsecount="1"/>
      <line num="131" count="6" type="cond" truecount="1" falsecount="1"/>
      <line num="132" count="6" type="stmt"/>
      <line num="133" count="6" type="stmt"/>
      <line num="134" count="6" type="cond" truecount="1" falsecount="1"/>
      <line num="135" count="6" type="cond" truecount="1" falsecount="1"/>
      <line num="136" count="6" type="stmt"/>
      <line num="137" count="6" type="stmt"/>
      <line num="138" count="6" type="stmt"/>
      <line num="139" count="6" type="stmt"/>
      <line num="140" count="6" type="stmt"/>
      <line num="141" count="6" type="stmt"/>
      <line num="142" count="6" type="stmt"/>
      <line num="143" count="6" type="cond" truecount="1" falsecount="0"/>
      <line num="144" count="6" type="cond" truecount="1" falsecount="0"/>
      <line num="145" count="6" type="stmt"/>
      <line num="146" count="6" type="stmt"/>
      <line num="147" count="6" type="stmt"/>
      <line num="148" count="6" type="stmt"/>
      <line num="149" count="1" type="stmt"/>
      <line num="150" count="10" type="cond" truecount="1" falsecount="0"/>
      <line num="151" count="10" type="stmt"/>
      <line num="152" count="10" type="stmt"/>
      <line num="153" count="10" type="stmt"/>
      <line num="154" count="10" type="stmt"/>
      <line num="155" count="10" type="cond" truecount="1" falsecount="1"/>
      <line num="156" count="10" type="cond" truecount="1" falsecount="1"/>
      <line num="157" count="10" type="stmt"/>
      <line num="158" count="10" type="cond" truecount="1" falsecount="0"/>
      <line num="159" count="2" type="stmt"/>
      <line num="160" count="2" type="cond" truecount="1" falsecount="0"/>
      <line num="161" count="2" type="cond" truecount="1" falsecount="0"/>
      <line num="162" count="10" type="cond" truecount="2" falsecount="0"/>
      <line num="163" count="2" type="stmt"/>
      <line num="164" count="2" type="cond" truecount="1" falsecount="0"/>
      <line num="165" count="2" type="cond" truecount="1" falsecount="0"/>
      <line num="166" count="8" type="cond" truecount="1" falsecount="0"/>
      <line num="167" count="6" type="stmt"/>
      <line num="168" count="6" type="cond" truecount="1" falsecount="0"/>
      <line num="169" count="6" type="cond" truecount="1" falsecount="0"/>
      <line num="170" count="6" type="stmt"/>
      <line num="171" count="10" type="stmt"/>
      <line num="172" count="10" type="stmt"/>
      <line num="173" count="10" type="stmt"/>
      <line num="174" count="10" type="stmt"/>
      <line num="175" count="10" type="stmt"/>
      <line num="176" count="1" type="stmt"/>
      <line num="177" count="6" type="cond" truecount="1" falsecount="0"/>
      <line num="178" count="6" type="stmt"/>
      <line num="179" count="6" type="stmt"/>
      <line num="180" count="6" type="stmt"/>
      <line num="181" count="6" type="stmt"/>
      <line num="182" count="6" type="stmt"/>
      <line num="183" count="6" type="stmt"/>
      <line num="184" count="6" type="stmt"/>
      <line num="185" count="6" type="stmt"/>
      <line num="186" count="6" type="stmt"/>
      <line num="187" count="6" type="stmt"/>
    </file>
    <file name="view.ts" path="C:\Users\User\test\toxin-slider\src\view.ts">
      <metrics statements="233" coveredstatements="228" conditionals="20" coveredconditionals="17" methods="4" coveredmethods="4"/>
      <line num="1" count="1" type="stmt"/>
      <line num="2" count="1" type="stmt"/>
      <line num="3" count="1" type="stmt"/>
      <line num="4" count="1" type="stmt"/>
      <line num="5" count="1" type="stmt"/>
      <line num="6" count="1" type="stmt"/>
      <line num="7" count="1" type="stmt"/>
      <line num="8" count="1" type="stmt"/>
      <line num="9" count="1" type="stmt"/>
      <line num="10" count="1" type="stmt"/>
      <line num="11" count="1" type="stmt"/>
      <line num="12" count="1" type="stmt"/>
      <line num="13" count="1" type="stmt"/>
      <line num="14" count="1" type="stmt"/>
      <line num="15" count="1" type="stmt"/>
      <line num="16" count="1" type="stmt"/>
      <line num="17" count="1" type="stmt"/>
      <line num="18" count="1" type="stmt"/>
      <line num="19" count="1" type="stmt"/>
      <line num="20" count="1" type="stmt"/>
      <line num="21" count="1" type="stmt"/>
      <line num="22" count="1" type="stmt"/>
      <line num="23" count="1" type="stmt"/>
      <line num="24" count="1" type="stmt"/>
      <line num="25" count="1" type="stmt"/>
      <line num="26" count="1" type="stmt"/>
      <line num="27" count="1" type="stmt"/>
      <line num="28" count="1" type="stmt"/>
      <line num="29" count="1" type="stmt"/>
      <line num="30" count="1" type="stmt"/>
      <line num="31" count="1" type="stmt"/>
      <line num="32" count="1" type="stmt"/>
      <line num="33" count="1" type="stmt"/>
      <line num="34" count="1" type="stmt"/>
      <line num="35" count="1" type="stmt"/>
      <line num="36" count="1" type="stmt"/>
      <line num="37" count="1" type="stmt"/>
      <line num="38" count="1" type="stmt"/>
      <line num="39" count="1" type="stmt"/>
      <line num="40" count="1" type="cond" truecount="1" falsecount="0"/>
      <line num="41" count="2" type="stmt"/>
      <line num="42" count="2" type="stmt"/>
      <line num="43" count="2" type="stmt"/>
      <line num="44" count="2" type="stmt"/>
      <line num="45" count="2" type="stmt"/>
      <line num="46" count="2" type="stmt"/>
      <line num="47" count="2" type="stmt"/>
      <line num="48" count="2" type="stmt"/>
      <line num="49" count="2" type="stmt"/>
      <line num="50" count="2" type="stmt"/>
      <line num="51" count="2" type="stmt"/>
      <line num="52" count="2" type="stmt"/>
      <line num="53" count="2" type="stmt"/>
      <line num="54" count="2" type="stmt"/>
      <line num="55" count="2" type="stmt"/>
      <line num="56" count="2" type="stmt"/>
      <line num="57" count="2" type="stmt"/>
      <line num="58" count="2" type="stmt"/>
      <line num="59" count="2" type="stmt"/>
      <line num="60" count="2" type="stmt"/>
      <line num="61" count="2" type="stmt"/>
      <line num="62" count="2" type="stmt"/>
      <line num="63" count="2" type="stmt"/>
      <line num="64" count="2" type="stmt"/>
      <line num="65" count="2" type="stmt"/>
      <line num="66" count="2" type="stmt"/>
      <line num="67" count="2" type="stmt"/>
      <line num="68" count="2" type="stmt"/>
      <line num="69" count="2" type="stmt"/>
      <line num="70" count="2" type="stmt"/>
      <line num="71" count="2" type="stmt"/>
      <line num="72" count="2" type="stmt"/>
      <line num="73" count="2" type="stmt"/>
      <line num="74" count="2" type="stmt"/>
      <line num="75" count="2" type="stmt"/>
      <line num="76" count="2" type="stmt"/>
      <line num="77" count="2" type="cond" truecount="0" falsecount="1"/>
      <line num="78" count="2" type="stmt"/>
      <line num="79" count="2" type="stmt"/>
      <line num="80" count="2" type="stmt"/>
      <line num="81" count="2" type="stmt"/>
      <line num="82" count="2" type="stmt"/>
      <line num="83" count="2" type="stmt"/>
      <line num="84" count="2" type="stmt"/>
      <line num="85" count="2" type="stmt"/>
      <line num="86" count="2" type="stmt"/>
      <line num="87" count="2" type="stmt"/>
      <line num="88" count="2" type="stmt"/>
      <line num="89" count="2" type="stmt"/>
      <line num="90" count="2" type="stmt"/>
      <line num="91" count="2" type="stmt"/>
      <line num="92" count="2" type="stmt"/>
      <line num="93" count="2" type="stmt"/>
      <line num="94" count="2" type="stmt"/>
      <line num="95" count="2" type="stmt"/>
      <line num="96" count="2" type="stmt"/>
      <line num="97" count="2" type="stmt"/>
      <line num="98" count="2" type="stmt"/>
      <line num="99" count="2" type="cond" truecount="1" falsecount="0"/>
      <line num="100" count="1" type="stmt"/>
      <line num="101" count="1" type="stmt"/>
      <line num="102" count="2" type="stmt"/>
      <line num="103" count="2" type="stmt"/>
      <line num="104" count="2" type="stmt"/>
      <line num="105" count="2" type="stmt"/>
      <line num="106" count="2" type="stmt"/>
      <line num="107" count="2" type="stmt"/>
      <line num="108" count="2" type="stmt"/>
      <line num="109" count="2" type="stmt"/>
      <line num="110" count="2" type="stmt"/>
      <line num="111" count="2" type="stmt"/>
      <line num="112" count="2" type="stmt"/>
      <line num="113" count="2" type="stmt"/>
      <line num="114" count="2" type="stmt"/>
      <line num="115" count="2" type="stmt"/>
      <line num="116" count="2" type="stmt"/>
      <line num="117" count="2" type="stmt"/>
      <line num="118" count="2" type="stmt"/>
      <line num="119" count="2" type="stmt"/>
      <line num="120" count="2" type="stmt"/>
      <line num="121" count="2" type="stmt"/>
      <line num="122" count="1" type="stmt"/>
      <line num="123" count="1" type="cond" truecount="1" falsecount="0"/>
      <line num="124" count="6" type="stmt"/>
      <line num="125" count="6" type="stmt"/>
      <line num="126" count="6" type="stmt"/>
      <line num="127" count="6" type="stmt"/>
      <line num="128" count="6" type="stmt"/>
      <line num="129" count="6" type="stmt"/>
      <line num="130" count="6" type="stmt"/>
      <line num="131" count="6" type="stmt"/>
      <line num="132" count="6" type="stmt"/>
      <line num="133" count="6" type="stmt"/>
      <line num="134" count="6" type="stmt"/>
      <line num="135" count="6" type="stmt"/>
      <line num="136" count="6" type="stmt"/>
      <line num="137" count="6" type="stmt"/>
      <line num="138" count="6" type="cond" truecount="1" falsecount="0"/>
      <line num="139" count="3" type="stmt"/>
      <line num="140" count="3" type="stmt"/>
      <line num="141" count="3" type="stmt"/>
      <line num="142" count="3" type="stmt"/>
      <line num="143" count="6" type="stmt"/>
      <line num="144" count="6" type="cond" truecount="1" falsecount="0"/>
      <line num="145" count="4" type="stmt"/>
      <line num="146" count="6" type="cond" truecount="1" falsecount="0"/>
      <line num="147" count="2" type="stmt"/>
      <line num="148" count="2" type="stmt"/>
      <line num="149" count="6" type="stmt"/>
      <line num="150" count="6" type="stmt"/>
      <line num="151" count="6" type="stmt"/>
      <line num="152" count="6" type="stmt"/>
      <line num="153" count="6" type="stmt"/>
      <line num="154" count="6" type="stmt"/>
      <line num="155" count="6" type="stmt"/>
      <line num="156" count="6" type="stmt"/>
      <line num="157" count="6" type="stmt"/>
      <line num="158" count="6" type="stmt"/>
      <line num="159" count="6" type="stmt"/>
      <line num="160" count="6" type="stmt"/>
      <line num="161" count="6" type="stmt"/>
      <line num="162" count="6" type="stmt"/>
      <line num="163" count="6" type="stmt"/>
      <line num="164" count="6" type="stmt"/>
      <line num="165" count="6" type="stmt"/>
      <line num="166" count="6" type="stmt"/>
      <line num="167" count="6" type="stmt"/>
      <line num="168" count="6" type="stmt"/>
      <line num="169" count="6" type="stmt"/>
      <line num="170" count="6" type="stmt"/>
      <line num="171" count="6" type="cond" truecount="2" falsecount="0"/>
      <line num="172" count="6" type="stmt"/>
      <line num="173" count="6" type="stmt"/>
      <line num="174" count="6" type="stmt"/>
      <line num="175" count="6" type="stmt"/>
      <line num="176" count="6" type="stmt"/>
      <line num="177" count="6" type="stmt"/>
      <line num="178" count="6" type="stmt"/>
      <line num="179" count="6" type="stmt"/>
      <line num="180" count="6" type="stmt"/>
      <line num="181" count="6" type="stmt"/>
      <line num="182" count="6" type="stmt"/>
      <line num="183" count="6" type="stmt"/>
      <line num="184" count="6" type="stmt"/>
      <line num="185" count="6" type="stmt"/>
      <line num="186" count="6" type="stmt"/>
      <line num="187" count="1" type="stmt"/>
      <line num="188" count="1" type="cond" truecount="1" falsecount="0"/>
      <line num="189" count="8" type="stmt"/>
      <line num="190" count="8" type="stmt"/>
      <line num="191" count="8" type="stmt"/>
      <line num="192" count="8" type="stmt"/>
      <line num="193" count="8" type="stmt"/>
      <line num="194" count="8" type="stmt"/>
      <line num="195" count="8" type="stmt"/>
      <line num="196" count="8" type="stmt"/>
      <line num="197" count="8" type="stmt"/>
      <line num="198" count="8" type="stmt"/>
      <line num="199" count="8" type="cond" truecount="1" falsecount="0"/>
      <line num="200" count="1" type="stmt"/>
      <line num="201" count="1" type="stmt"/>
      <line num="202" count="1" type="stmt"/>
      <line num="203" count="1" type="stmt"/>
      <line num="204" count="1" type="stmt"/>
      <line num="205" count="7" type="cond" truecount="1" falsecount="0"/>
      <line num="206" count="7" type="stmt"/>
      <line num="207" count="8" type="cond" truecount="1" falsecount="0"/>
      <line num="208" count="8" type="cond" truecount="1" falsecount="0"/>
      <line num="209" count="8" type="stmt"/>
      <line num="210" count="8" type="stmt"/>
      <line num="211" count="8" type="cond" truecount="1" falsecount="0"/>
      <line num="212" count="8" type="cond" truecount="1" falsecount="0"/>
      <line num="213" count="8" type="stmt"/>
      <line num="214" count="8" type="stmt"/>
      <line num="215" count="8" type="stmt"/>
      <line num="216" count="1" type="stmt"/>
      <line num="217" count="1" type="cond" truecount="1" falsecount="0"/>
      <line num="218" count="6" type="stmt"/>
      <line num="219" count="6" type="stmt"/>
      <line num="220" count="6" type="stmt"/>
      <line num="221" count="6" type="cond" truecount="1" falsecount="0"/>
      <line num="222" count="3" type="cond" truecount="0" falsecount="1"/>
      <line num="223" count="0" type="stmt"/>
      <line num="224" count="3" type="cond" truecount="0" falsecount="1"/>
      <line num="225" count="0" type="stmt"/>
      <line num="226" count="0" type="stmt"/>
      <line num="227" count="0" type="stmt"/>
      <line num="228" count="0" type="stmt"/>
      <line num="229" count="3" type="stmt"/>
      <line num="230" count="6" type="stmt"/>
      <line num="231" count="6" type="stmt"/>
      <line num="232" count="6" type="stmt"/>
      <line num="233" count="1" type="stmt"/>
    </file>
  </project>
</coverage>
