<?xml version="1.0" encoding="UTF-8"?>
<coverage generated="1658131797063" clover="3.2.0">
  <project timestamp="1658131797063" name="All files">
    <metrics statements="808" coveredstatements="808" conditionals="190" coveredconditionals="163" methods="37" coveredmethods="37" elements="1035" coveredelements="1008" complexity="0" loc="808" ncloc="808" packages="1" files="6" classes="6"/>
    <file name="bar.ts" path="C:\Users\User\test\toxin-slider\src\bar.ts">
      <metrics statements="66" coveredstatements="66" conditionals="23" coveredconditionals="13" methods="5" coveredmethods="5"/>
      <line num="1" count="1" type="stmt"/>
      <line num="2" count="1" type="stmt"/>
      <line num="3" count="1" type="stmt"/>
      <line num="4" count="1" type="stmt"/>
      <line num="5" count="1" type="stmt"/>
      <line num="6" count="1" type="stmt"/>
      <line num="7" count="1" type="stmt"/>
      <line num="8" count="1" type="stmt"/>
      <line num="9" count="1" type="stmt"/>
      <line num="10" count="1" type="stmt"/>
      <line num="11" count="1" type="stmt"/>
      <line num="12" count="1" type="stmt"/>
      <line num="13" count="1" type="stmt"/>
      <line num="14" count="1" type="stmt"/>
      <line num="15" count="1" type="stmt"/>
      <line num="16" count="1" type="cond" truecount="1" falsecount="0"/>
      <line num="17" count="2" type="stmt"/>
      <line num="18" count="2" type="stmt"/>
      <line num="19" count="2" type="stmt"/>
      <line num="20" count="2" type="stmt"/>
      <line num="21" count="2" type="stmt"/>
      <line num="22" count="2" type="stmt"/>
      <line num="23" count="2" type="stmt"/>
      <line num="24" count="2" type="stmt"/>
      <line num="25" count="2" type="stmt"/>
      <line num="26" count="1" type="stmt"/>
      <line num="27" count="1" type="cond" truecount="1" falsecount="0"/>
      <line num="28" count="24" type="stmt"/>
      <line num="29" count="24" type="stmt"/>
      <line num="30" count="24" type="stmt"/>
      <line num="31" count="24" type="stmt"/>
      <line num="32" count="1" type="stmt"/>
      <line num="33" count="1" type="stmt"/>
      <line num="34" count="4" type="cond" truecount="1" falsecount="0"/>
      <line num="35" count="4" type="stmt"/>
      <line num="36" count="4" type="stmt"/>
      <line num="37" count="4" type="stmt"/>
      <line num="38" count="4" type="stmt"/>
      <line num="39" count="4" type="cond" truecount="1" falsecount="1"/>
      <line num="40" count="4" type="cond" truecount="1" falsecount="1"/>
      <line num="41" count="4" type="stmt"/>
      <line num="42" count="4" type="stmt"/>
      <line num="43" count="4" type="cond" truecount="1" falsecount="4"/>
      <line num="44" count="4" type="cond" truecount="1" falsecount="4"/>
      <line num="45" count="4" type="stmt"/>
      <line num="46" count="4" type="stmt"/>
      <line num="47" count="4" type="stmt"/>
      <line num="48" count="4" type="stmt"/>
      <line num="49" count="4" type="stmt"/>
      <line num="50" count="4" type="stmt"/>
      <line num="51" count="4" type="cond" truecount="1" falsecount="0"/>
      <line num="52" count="4" type="stmt"/>
      <line num="53" count="4" type="stmt"/>
      <line num="54" count="4" type="stmt"/>
      <line num="55" count="4" type="cond" truecount="1" falsecount="0"/>
      <line num="56" count="4" type="cond" truecount="1" falsecount="0"/>
      <line num="57" count="1" type="stmt"/>
      <line num="58" count="1" type="stmt"/>
      <line num="59" count="3" type="cond" truecount="1" falsecount="0"/>
      <line num="60" count="4" type="cond" truecount="1" falsecount="0"/>
      <line num="61" count="1" type="stmt"/>
      <line num="62" count="1" type="stmt"/>
      <line num="63" count="2" type="cond" truecount="1" falsecount="0"/>
      <line num="64" count="2" type="stmt"/>
      <line num="65" count="2" type="stmt"/>
      <line num="66" count="4" type="stmt"/>
    </file>
    <file name="controller.ts" path="C:\Users\User\test\toxin-slider\src\controller.ts">
      <metrics statements="24" coveredstatements="24" conditionals="2" coveredconditionals="2" methods="2" coveredmethods="2"/>
      <line num="1" count="1" type="stmt"/>
      <line num="2" count="1" type="stmt"/>
      <line num="3" count="1" type="stmt"/>
      <line num="4" count="1" type="stmt"/>
      <line num="5" count="1" type="stmt"/>
      <line num="6" count="1" type="stmt"/>
      <line num="7" count="1" type="stmt"/>
      <line num="8" count="1" type="stmt"/>
      <line num="9" count="1" type="cond" truecount="1" falsecount="0"/>
      <line num="10" count="2" type="stmt"/>
      <line num="11" count="2" type="stmt"/>
      <line num="12" count="2" type="stmt"/>
      <line num="13" count="2" type="stmt"/>
      <line num="14" count="2" type="stmt"/>
      <line num="15" count="2" type="stmt"/>
      <line num="16" count="2" type="stmt"/>
      <line num="17" count="2" type="stmt"/>
      <line num="18" count="1" type="stmt"/>
      <line num="19" count="1" type="stmt"/>
      <line num="20" count="22" type="cond" truecount="1" falsecount="0"/>
      <line num="21" count="22" type="stmt"/>
      <line num="22" count="22" type="stmt"/>
      <line num="23" count="22" type="stmt"/>
      <line num="24" count="22" type="stmt"/>
    </file>
    <file name="model.ts" path="C:\Users\User\test\toxin-slider\src\model.ts">
      <metrics statements="227" coveredstatements="227" conditionals="68" coveredconditionals="68" methods="12" coveredmethods="12"/>
      <line num="1" count="1" type="stmt"/>
      <line num="2" count="1" type="stmt"/>
      <line num="3" count="1" type="stmt"/>
      <line num="4" count="1" type="stmt"/>
      <line num="5" count="1" type="stmt"/>
      <line num="6" count="1" type="stmt"/>
      <line num="7" count="1" type="stmt"/>
      <line num="8" count="1" type="stmt"/>
      <line num="9" count="1" type="stmt"/>
      <line num="10" count="1" type="stmt"/>
      <line num="11" count="1" type="stmt"/>
      <line num="12" count="1" type="stmt"/>
      <line num="13" count="1" type="cond" truecount="1" falsecount="0"/>
      <line num="14" count="3" type="stmt"/>
      <line num="15" count="3" type="stmt"/>
      <line num="16" count="1" type="stmt"/>
      <line num="17" count="1" type="cond" truecount="1" falsecount="0"/>
      <line num="18" count="63" type="stmt"/>
      <line num="19" count="63" type="stmt"/>
      <line num="20" count="63" type="stmt"/>
      <line num="21" count="63" type="stmt"/>
      <line num="22" count="63" type="stmt"/>
      <line num="23" count="63" type="stmt"/>
      <line num="24" count="63" type="stmt"/>
      <line num="25" count="63" type="stmt"/>
      <line num="26" count="63" type="stmt"/>
      <line num="27" count="63" type="stmt"/>
      <line num="28" count="63" type="cond" truecount="1" falsecount="0"/>
      <line num="29" count="4" type="cond" truecount="1" falsecount="0"/>
      <line num="30" count="3" type="cond" truecount="1" falsecount="0"/>
      <line num="31" count="2" type="stmt"/>
      <line num="32" count="2" type="cond" truecount="1" falsecount="0"/>
      <line num="33" count="1" type="stmt"/>
      <line num="34" count="1" type="stmt"/>
      <line num="35" count="4" type="cond" truecount="1" falsecount="0"/>
      <line num="36" count="1" type="stmt"/>
      <line num="37" count="1" type="stmt"/>
      <line num="38" count="63" type="stmt"/>
      <line num="39" count="63" type="stmt"/>
      <line num="40" count="63" type="cond" truecount="1" falsecount="0"/>
      <line num="41" count="15" type="cond" truecount="1" falsecount="0"/>
      <line num="42" count="14" type="cond" truecount="1" falsecount="0"/>
      <line num="43" count="8" type="stmt"/>
      <line num="44" count="14" type="cond" truecount="1" falsecount="0"/>
      <line num="45" count="6" type="stmt"/>
      <line num="46" count="6" type="stmt"/>
      <line num="47" count="15" type="cond" truecount="1" falsecount="0"/>
      <line num="48" count="1" type="stmt"/>
      <line num="49" count="1" type="stmt"/>
      <line num="50" count="63" type="stmt"/>
      <line num="51" count="63" type="stmt"/>
      <line num="52" count="63" type="cond" truecount="1" falsecount="0"/>
      <line num="53" count="4" type="stmt"/>
      <line num="54" count="4" type="stmt"/>
      <line num="55" count="4" type="stmt"/>
      <line num="56" count="4" type="stmt"/>
      <line num="57" count="4" type="stmt"/>
      <line num="58" count="4" type="stmt"/>
      <line num="59" count="4" type="stmt"/>
      <line num="60" count="4" type="stmt"/>
      <line num="61" count="59" type="cond" truecount="1" falsecount="0"/>
      <line num="62" count="63" type="cond" truecount="1" falsecount="0"/>
      <line num="63" count="10" type="stmt"/>
      <line num="64" count="10" type="stmt"/>
      <line num="65" count="10" type="cond" truecount="2" falsecount="0"/>
      <line num="66" count="10" type="stmt"/>
      <line num="67" count="10" type="stmt"/>
      <line num="68" count="10" type="cond" truecount="1" falsecount="0"/>
      <line num="69" count="10" type="cond" truecount="1" falsecount="0"/>
      <line num="70" count="10" type="stmt"/>
      <line num="71" count="10" type="stmt"/>
      <line num="72" count="10" type="stmt"/>
      <line num="73" count="10" type="stmt"/>
      <line num="74" count="10" type="stmt"/>
      <line num="75" count="49" type="cond" truecount="1" falsecount="0"/>
      <line num="76" count="63" type="cond" truecount="1" falsecount="0"/>
      <line num="77" count="44" type="stmt"/>
      <line num="78" count="44" type="stmt"/>
      <line num="79" count="44" type="stmt"/>
      <line num="80" count="44" type="stmt"/>
      <line num="81" count="5" type="cond" truecount="1" falsecount="0"/>
      <line num="82" count="5" type="stmt"/>
      <line num="83" count="5" type="stmt"/>
      <line num="84" count="5" type="stmt"/>
      <line num="85" count="5" type="stmt"/>
      <line num="86" count="5" type="stmt"/>
      <line num="87" count="5" type="stmt"/>
      <line num="88" count="5" type="stmt"/>
      <line num="89" count="5" type="stmt"/>
      <line num="90" count="1" type="stmt"/>
      <line num="91" count="1" type="cond" truecount="1" falsecount="0"/>
      <line num="92" count="44" type="stmt"/>
      <line num="93" count="44" type="stmt"/>
      <line num="94" count="44" type="stmt"/>
      <line num="95" count="44" type="stmt"/>
      <line num="96" count="44" type="stmt"/>
      <line num="97" count="44" type="stmt"/>
      <line num="98" count="44" type="stmt"/>
      <line num="99" count="44" type="stmt"/>
      <line num="100" count="44" type="stmt"/>
      <line num="101" count="44" type="stmt"/>
      <line num="102" count="44" type="stmt"/>
      <line num="103" count="44" type="stmt"/>
      <line num="104" count="1" type="stmt"/>
      <line num="105" count="1" type="cond" truecount="1" falsecount="0"/>
      <line num="106" count="44" type="stmt"/>
      <line num="107" count="44" type="stmt"/>
      <line num="108" count="44" type="stmt"/>
      <line num="109" count="44" type="stmt"/>
      <line num="110" count="44" type="stmt"/>
      <line num="111" count="44" type="stmt"/>
      <line num="112" count="44" type="cond" truecount="1" falsecount="0"/>
      <line num="113" count="3" type="stmt"/>
      <line num="114" count="44" type="cond" truecount="1" falsecount="0"/>
      <line num="115" count="41" type="cond" truecount="3" falsecount="0"/>
      <line num="116" count="41" type="stmt"/>
      <line num="117" count="41" type="cond" truecount="1" falsecount="0"/>
      <line num="118" count="13" type="stmt"/>
      <line num="119" count="13" type="stmt"/>
      <line num="120" count="41" type="stmt"/>
      <line num="121" count="44" type="stmt"/>
      <line num="122" count="44" type="stmt"/>
      <line num="123" count="44" type="stmt"/>
      <line num="124" count="1" type="stmt"/>
      <line num="125" count="1" type="cond" truecount="1" falsecount="0"/>
      <line num="126" count="107" type="stmt"/>
      <line num="127" count="107" type="stmt"/>
      <line num="128" count="107" type="stmt"/>
      <line num="129" count="107" type="stmt"/>
      <line num="130" count="107" type="stmt"/>
      <line num="131" count="107" type="stmt"/>
      <line num="132" count="107" type="stmt"/>
      <line num="133" count="107" type="cond" truecount="1" falsecount="0"/>
      <line num="134" count="47" type="cond" truecount="1" falsecount="0"/>
      <line num="135" count="3" type="stmt"/>
      <line num="136" count="3" type="stmt"/>
      <line num="137" count="44" type="cond" truecount="1" falsecount="0"/>
      <line num="138" count="47" type="cond" truecount="1" falsecount="0"/>
      <line num="139" count="3" type="stmt"/>
      <line num="140" count="3" type="stmt"/>
      <line num="141" count="41" type="cond" truecount="2" falsecount="0"/>
      <line num="142" count="45" type="cond" truecount="1" falsecount="0"/>
      <line num="143" count="39" type="cond" truecount="1" falsecount="0"/>
      <line num="144" count="2" type="stmt"/>
      <line num="145" count="2" type="stmt"/>
      <line num="146" count="37" type="cond" truecount="1" falsecount="0"/>
      <line num="147" count="39" type="cond" truecount="1" falsecount="0"/>
      <line num="148" count="2" type="stmt"/>
      <line num="149" count="2" type="stmt"/>
      <line num="150" count="35" type="cond" truecount="1" falsecount="0"/>
      <line num="151" count="35" type="stmt"/>
      <line num="152" count="35" type="stmt"/>
      <line num="153" count="2" type="cond" truecount="1" falsecount="0"/>
      <line num="154" count="2" type="stmt"/>
      <line num="155" count="2" type="stmt"/>
      <line num="156" count="60" type="cond" truecount="1" falsecount="0"/>
      <line num="157" count="107" type="cond" truecount="2" falsecount="0"/>
      <line num="158" count="8" type="stmt"/>
      <line num="159" count="8" type="stmt"/>
      <line num="160" count="52" type="cond" truecount="1" falsecount="0"/>
      <line num="161" count="107" type="cond" truecount="1" falsecount="0"/>
      <line num="162" count="2" type="stmt"/>
      <line num="163" count="2" type="stmt"/>
      <line num="164" count="50" type="cond" truecount="2" falsecount="0"/>
      <line num="165" count="95" type="cond" truecount="1" falsecount="0"/>
      <line num="166" count="46" type="cond" truecount="1" falsecount="0"/>
      <line num="167" count="10" type="stmt"/>
      <line num="168" count="10" type="stmt"/>
      <line num="169" count="36" type="cond" truecount="1" falsecount="0"/>
      <line num="170" count="46" type="cond" truecount="1" falsecount="0"/>
      <line num="171" count="1" type="stmt"/>
      <line num="172" count="1" type="stmt"/>
      <line num="173" count="35" type="cond" truecount="1" falsecount="0"/>
      <line num="174" count="35" type="stmt"/>
      <line num="175" count="35" type="stmt"/>
      <line num="176" count="4" type="cond" truecount="1" falsecount="0"/>
      <line num="177" count="4" type="stmt"/>
      <line num="178" count="4" type="stmt"/>
      <line num="179" count="1" type="stmt"/>
      <line num="180" count="1" type="cond" truecount="1" falsecount="0"/>
      <line num="181" count="63" type="stmt"/>
      <line num="182" count="63" type="stmt"/>
      <line num="183" count="63" type="stmt"/>
      <line num="184" count="63" type="stmt"/>
      <line num="185" count="63" type="stmt"/>
      <line num="186" count="63" type="stmt"/>
      <line num="187" count="63" type="stmt"/>
      <line num="188" count="63" type="stmt"/>
      <line num="189" count="63" type="cond" truecount="1" falsecount="0"/>
      <line num="190" count="31" type="cond" truecount="1" falsecount="0"/>
      <line num="191" count="14" type="cond" truecount="1" falsecount="0"/>
      <line num="192" count="5" type="stmt"/>
      <line num="193" count="5" type="stmt"/>
      <line num="194" count="31" type="cond" truecount="2" falsecount="0"/>
      <line num="195" count="4" type="stmt"/>
      <line num="196" count="4" type="stmt"/>
      <line num="197" count="31" type="stmt"/>
      <line num="198" count="63" type="stmt"/>
      <line num="199" count="63" type="stmt"/>
      <line num="200" count="63" type="stmt"/>
      <line num="201" count="1" type="stmt"/>
      <line num="202" count="1" type="cond" truecount="1" falsecount="0"/>
      <line num="203" count="44" type="stmt"/>
      <line num="204" count="44" type="stmt"/>
      <line num="205" count="44" type="stmt"/>
      <line num="206" count="44" type="stmt"/>
      <line num="207" count="44" type="stmt"/>
      <line num="208" count="44" type="stmt"/>
      <line num="209" count="44" type="cond" truecount="1" falsecount="0"/>
      <line num="210" count="6" type="stmt"/>
      <line num="211" count="6" type="stmt"/>
      <line num="212" count="38" type="cond" truecount="1" falsecount="0"/>
      <line num="213" count="38" type="stmt"/>
      <line num="214" count="38" type="stmt"/>
      <line num="215" count="1" type="stmt"/>
      <line num="216" count="1" type="stmt"/>
      <line num="217" count="49" type="cond" truecount="1" falsecount="0"/>
      <line num="218" count="49" type="stmt"/>
      <line num="219" count="49" type="stmt"/>
      <line num="220" count="1" type="stmt"/>
      <line num="221" count="63" type="cond" truecount="1" falsecount="0"/>
      <line num="222" count="63" type="stmt"/>
      <line num="223" count="63" type="stmt"/>
      <line num="224" count="1" type="stmt"/>
      <line num="225" count="59" type="cond" truecount="1" falsecount="0"/>
      <line num="226" count="59" type="stmt"/>
      <line num="227" count="59" type="stmt"/>
    </file>
    <file name="progress-bar.ts" path="C:\Users\User\test\toxin-slider\src\progress-bar.ts">
      <metrics statements="33" coveredstatements="33" conditionals="6" coveredconditionals="6" methods="2" coveredmethods="2"/>
      <line num="1" count="1" type="stmt"/>
      <line num="2" count="1" type="stmt"/>
      <line num="3" count="1" type="stmt"/>
      <line num="4" count="1" type="stmt"/>
      <line num="5" count="1" type="stmt"/>
      <line num="6" count="1" type="stmt"/>
      <line num="7" count="1" type="stmt"/>
      <line num="8" count="1" type="cond" truecount="1" falsecount="0"/>
      <line num="9" count="2" type="stmt"/>
      <line num="10" count="2" type="stmt"/>
      <line num="11" count="2" type="stmt"/>
      <line num="12" count="2" type="stmt"/>
      <line num="13" count="2" type="stmt"/>
      <line num="14" count="2" type="stmt"/>
      <line num="15" count="2" type="stmt"/>
      <line num="16" count="1" type="stmt"/>
      <line num="17" count="1" type="cond" truecount="1" falsecount="0"/>
      <line num="18" count="24" type="stmt"/>
      <line num="19" count="24" type="stmt"/>
      <line num="20" count="24" type="stmt"/>
      <line num="21" count="24" type="cond" truecount="1" falsecount="0"/>
      <line num="22" count="24" type="cond" truecount="1" falsecount="0"/>
      <line num="23" count="24" type="stmt"/>
      <line num="24" count="24" type="stmt"/>
      <line num="25" count="24" type="cond" truecount="1" falsecount="0"/>
      <line num="26" count="1" type="stmt"/>
      <line num="27" count="24" type="cond" truecount="1" falsecount="0"/>
      <line num="28" count="23" type="stmt"/>
      <line num="29" count="23" type="stmt"/>
      <line num="30" count="24" type="stmt"/>
      <line num="31" count="24" type="stmt"/>
      <line num="32" count="24" type="stmt"/>
      <line num="33" count="1" type="stmt"/>
    </file>
    <file name="thumb.ts" path="C:\Users\User\test\toxin-slider\src\thumb.ts">
      <metrics statements="225" coveredstatements="225" conditionals="68" coveredconditionals="52" methods="12" coveredmethods="12"/>
      <line num="1" count="1" type="stmt"/>
      <line num="2" count="1" type="stmt"/>
      <line num="3" count="1" type="stmt"/>
      <line num="4" count="1" type="stmt"/>
      <line num="5" count="1" type="stmt"/>
      <line num="6" count="1" type="stmt"/>
      <line num="7" count="1" type="stmt"/>
      <line num="8" count="1" type="stmt"/>
      <line num="9" count="1" type="stmt"/>
      <line num="10" count="1" type="stmt"/>
      <line num="11" count="3" type="cond" truecount="1" falsecount="0"/>
      <line num="12" count="3" type="stmt"/>
      <line num="13" count="3" type="stmt"/>
      <line num="14" count="3" type="stmt"/>
      <line num="15" count="3" type="stmt"/>
      <line num="16" count="1" type="stmt"/>
      <line num="17" count="1" type="stmt"/>
      <line num="18" count="1" type="stmt"/>
      <line num="19" count="1" type="stmt"/>
      <line num="20" count="1" type="stmt"/>
      <line num="21" count="1" type="stmt"/>
      <line num="22" count="1" type="stmt"/>
      <line num="23" count="1" type="stmt"/>
      <line num="24" count="1" type="stmt"/>
      <line num="25" count="1" type="stmt"/>
      <line num="26" count="1" type="stmt"/>
      <line num="27" count="1" type="stmt"/>
      <line num="28" count="1" type="stmt"/>
      <line num="29" count="1" type="stmt"/>
      <line num="30" count="1" type="stmt"/>
      <line num="31" count="1" type="stmt"/>
      <line num="32" count="1" type="stmt"/>
      <line num="33" count="1" type="stmt"/>
      <line num="34" count="1" type="stmt"/>
      <line num="35" count="1" type="stmt"/>
      <line num="36" count="1" type="stmt"/>
      <line num="37" count="1" type="stmt"/>
      <line num="38" count="1" type="stmt"/>
      <line num="39" count="1" type="stmt"/>
      <line num="40" count="1" type="stmt"/>
      <line num="41" count="1" type="stmt"/>
      <line num="42" count="1" type="stmt"/>
      <line num="43" count="1" type="stmt"/>
      <line num="44" count="1" type="stmt"/>
      <line num="45" count="1" type="stmt"/>
      <line num="46" count="1" type="cond" truecount="1" falsecount="0"/>
      <line num="47" count="9" type="stmt"/>
      <line num="48" count="9" type="stmt"/>
      <line num="49" count="9" type="stmt"/>
      <line num="50" count="9" type="stmt"/>
      <line num="51" count="9" type="stmt"/>
      <line num="52" count="9" type="stmt"/>
      <line num="53" count="9" type="stmt"/>
      <line num="54" count="9" type="stmt"/>
      <line num="55" count="9" type="stmt"/>
      <line num="56" count="9" type="stmt"/>
      <line num="57" count="9" type="stmt"/>
      <line num="58" count="9" type="stmt"/>
      <line num="59" count="1" type="stmt"/>
      <line num="60" count="1" type="cond" truecount="1" falsecount="0"/>
      <line num="61" count="80" type="stmt"/>
      <line num="62" count="80" type="stmt"/>
      <line num="63" count="80" type="stmt"/>
      <line num="64" count="80" type="stmt"/>
      <line num="65" count="80" type="cond" truecount="2" falsecount="0"/>
      <line num="66" count="80" type="stmt"/>
      <line num="67" count="80" type="cond" truecount="2" falsecount="0"/>
      <line num="68" count="11" type="stmt"/>
      <line num="69" count="78" type="cond" truecount="1" falsecount="0"/>
      <line num="70" count="69" type="stmt"/>
      <line num="71" count="69" type="stmt"/>
      <line num="72" count="80" type="stmt"/>
      <line num="73" count="80" type="cond" truecount="1" falsecount="0"/>
      <line num="74" count="10" type="stmt"/>
      <line num="75" count="80" type="cond" truecount="1" falsecount="0"/>
      <line num="76" count="70" type="stmt"/>
      <line num="77" count="70" type="stmt"/>
      <line num="78" count="80" type="stmt"/>
      <line num="79" count="80" type="stmt"/>
      <line num="80" count="80" type="stmt"/>
      <line num="81" count="1" type="stmt"/>
      <line num="82" count="1" type="cond" truecount="1" falsecount="0"/>
      <line num="83" count="232" type="cond" truecount="2" falsecount="0"/>
      <line num="84" count="232" type="stmt"/>
      <line num="85" count="1" type="stmt"/>
      <line num="86" count="1" type="cond" truecount="1" falsecount="0"/>
      <line num="87" count="20" type="stmt"/>
      <line num="88" count="20" type="stmt"/>
      <line num="89" count="1" type="stmt"/>
      <line num="90" count="1" type="cond" truecount="1" falsecount="0"/>
      <line num="91" count="16" type="stmt"/>
      <line num="92" count="16" type="stmt"/>
      <line num="93" count="16" type="stmt"/>
      <line num="94" count="16" type="stmt"/>
      <line num="95" count="16" type="stmt"/>
      <line num="96" count="16" type="stmt"/>
      <line num="97" count="16" type="stmt"/>
      <line num="98" count="16" type="stmt"/>
      <line num="99" count="16" type="stmt"/>
      <line num="100" count="16" type="stmt"/>
      <line num="101" count="16" type="stmt"/>
      <line num="102" count="1" type="stmt"/>
      <line num="103" count="1" type="cond" truecount="1" falsecount="0"/>
      <line num="104" count="11" type="stmt"/>
      <line num="105" count="11" type="stmt"/>
      <line num="106" count="11" type="stmt"/>
      <line num="107" count="11" type="stmt"/>
      <line num="108" count="11" type="stmt"/>
      <line num="109" count="11" type="stmt"/>
      <line num="110" count="11" type="stmt"/>
      <line num="111" count="11" type="stmt"/>
      <line num="112" count="11" type="stmt"/>
      <line num="113" count="11" type="stmt"/>
      <line num="114" count="1" type="stmt"/>
      <line num="115" count="1" type="cond" truecount="1" falsecount="0"/>
      <line num="116" count="80" type="cond" truecount="2" falsecount="0"/>
      <line num="117" count="80" type="stmt"/>
      <line num="118" count="80" type="stmt"/>
      <line num="119" count="80" type="stmt"/>
      <line num="120" count="80" type="cond" truecount="2" falsecount="0"/>
      <line num="121" count="80" type="stmt"/>
      <line num="122" count="80" type="stmt"/>
      <line num="123" count="80" type="stmt"/>
      <line num="124" count="80" type="stmt"/>
      <line num="125" count="1" type="stmt"/>
      <line num="126" count="1" type="stmt"/>
      <line num="127" count="6" type="cond" truecount="1" falsecount="0"/>
      <line num="128" count="6" type="stmt"/>
      <line num="129" count="6" type="stmt"/>
      <line num="130" count="6" type="stmt"/>
      <line num="131" count="6" type="stmt"/>
      <line num="132" count="6" type="stmt"/>
      <line num="133" count="6" type="stmt"/>
      <line num="134" count="6" type="stmt"/>
      <line num="135" count="6" type="stmt"/>
      <line num="136" count="6" type="cond" truecount="1" falsecount="0"/>
      <line num="137" count="3" type="cond" truecount="0" falsecount="2"/>
      <line num="138" count="3" type="cond" truecount="0" falsecount="1"/>
      <line num="139" count="3" type="stmt"/>
      <line num="140" count="3" type="cond" truecount="0" falsecount="2"/>
      <line num="141" count="3" type="cond" truecount="0" falsecount="1"/>
      <line num="142" count="3" type="stmt"/>
      <line num="143" count="6" type="stmt"/>
      <line num="144" count="6" type="stmt"/>
      <line num="145" count="6" type="cond" truecount="1" falsecount="2"/>
      <line num="146" count="6" type="cond" truecount="1" falsecount="2"/>
      <line num="147" count="6" type="stmt"/>
      <line num="148" count="6" type="stmt"/>
      <line num="149" count="6" type="cond" truecount="1" falsecount="1"/>
      <line num="150" count="6" type="cond" truecount="1" falsecount="1"/>
      <line num="151" count="6" type="stmt"/>
      <line num="152" count="6" type="stmt"/>
      <line num="153" count="6" type="cond" truecount="1" falsecount="1"/>
      <line num="154" count="6" type="cond" truecount="1" falsecount="1"/>
      <line num="155" count="6" type="stmt"/>
      <line num="156" count="6" type="stmt"/>
      <line num="157" count="6" type="stmt"/>
      <line num="158" count="6" type="stmt"/>
      <line num="159" count="6" type="stmt"/>
      <line num="160" count="6" type="stmt"/>
      <line num="161" count="6" type="stmt"/>
      <line num="162" count="6" type="cond" truecount="1" falsecount="0"/>
      <line num="163" count="6" type="cond" truecount="1" falsecount="0"/>
      <line num="164" count="6" type="stmt"/>
      <line num="165" count="6" type="stmt"/>
      <line num="166" count="6" type="stmt"/>
      <line num="167" count="6" type="stmt"/>
      <line num="168" count="1" type="stmt"/>
      <line num="169" count="10" type="cond" truecount="1" falsecount="0"/>
      <line num="170" count="10" type="stmt"/>
      <line num="171" count="10" type="stmt"/>
      <line num="172" count="10" type="stmt"/>
      <line num="173" count="10" type="stmt"/>
      <line num="174" count="10" type="cond" truecount="1" falsecount="1"/>
      <line num="175" count="10" type="cond" truecount="1" falsecount="1"/>
      <line num="176" count="10" type="stmt"/>
      <line num="177" count="10" type="cond" truecount="1" falsecount="0"/>
      <line num="178" count="2" type="stmt"/>
      <line num="179" count="2" type="cond" truecount="1" falsecount="0"/>
      <line num="180" count="2" type="cond" truecount="1" falsecount="0"/>
      <line num="181" count="10" type="cond" truecount="2" falsecount="0"/>
      <line num="182" count="2" type="stmt"/>
      <line num="183" count="2" type="cond" truecount="1" falsecount="0"/>
      <line num="184" count="2" type="cond" truecount="1" falsecount="0"/>
      <line num="185" count="8" type="cond" truecount="1" falsecount="0"/>
      <line num="186" count="6" type="stmt"/>
      <line num="187" count="6" type="cond" truecount="1" falsecount="0"/>
      <line num="188" count="6" type="cond" truecount="1" falsecount="0"/>
      <line num="189" count="6" type="stmt"/>
      <line num="190" count="10" type="stmt"/>
      <line num="191" count="10" type="stmt"/>
      <line num="192" count="10" type="stmt"/>
      <line num="193" count="10" type="stmt"/>
      <line num="194" count="10" type="stmt"/>
      <line num="195" count="1" type="stmt"/>
      <line num="196" count="6" type="cond" truecount="1" falsecount="0"/>
      <line num="197" count="6" type="stmt"/>
      <line num="198" count="6" type="stmt"/>
      <line num="199" count="6" type="stmt"/>
      <line num="200" count="6" type="stmt"/>
      <line num="201" count="6" type="stmt"/>
      <line num="202" count="6" type="stmt"/>
      <line num="203" count="6" type="stmt"/>
      <line num="204" count="6" type="stmt"/>
      <line num="205" count="6" type="stmt"/>
      <line num="206" count="6" type="stmt"/>
      <line num="207" count="1" type="stmt"/>
      <line num="208" count="11" type="cond" truecount="1" falsecount="0"/>
      <line num="209" count="11" type="stmt"/>
      <line num="210" count="11" type="stmt"/>
      <line num="211" count="11" type="stmt"/>
      <line num="212" count="11" type="cond" truecount="3" falsecount="0"/>
      <line num="213" count="5" type="stmt"/>
      <line num="214" count="5" type="stmt"/>
      <line num="215" count="9" type="cond" truecount="2" falsecount="0"/>
      <line num="216" count="6" type="stmt"/>
      <line num="217" count="6" type="stmt"/>
      <line num="218" count="6" type="stmt"/>
      <line num="219" count="11" type="stmt"/>
      <line num="220" count="1" type="stmt"/>
      <line num="221" count="1" type="cond" truecount="1" falsecount="0"/>
      <line num="222" count="1" type="stmt"/>
      <line num="223" count="1" type="stmt"/>
      <line num="224" count="1" type="stmt"/>
      <line num="225" count="1" type="stmt"/>
    </file>
    <file name="view.ts" path="C:\Users\User\test\toxin-slider\src\view.ts">
      <metrics statements="233" coveredstatements="233" conditionals="23" coveredconditionals="22" methods="4" coveredmethods="4"/>
      <line num="1" count="1" type="stmt"/>
      <line num="2" count="1" type="stmt"/>
      <line num="3" count="1" type="stmt"/>
      <line num="4" count="1" type="stmt"/>
      <line num="5" count="1" type="stmt"/>
      <line num="6" count="1" type="stmt"/>
      <line num="7" count="1" type="stmt"/>
      <line num="8" count="1" type="stmt"/>
      <line num="9" count="1" type="stmt"/>
      <line num="10" count="1" type="stmt"/>
      <line num="11" count="1" type="stmt"/>
      <line num="12" count="1" type="stmt"/>
      <line num="13" count="1" type="stmt"/>
      <line num="14" count="1" type="stmt"/>
      <line num="15" count="1" type="stmt"/>
      <line num="16" count="1" type="stmt"/>
      <line num="17" count="1" type="stmt"/>
      <line num="18" count="1" type="stmt"/>
      <line num="19" count="1" type="stmt"/>
      <line num="20" count="1" type="stmt"/>
      <line num="21" count="1" type="stmt"/>
      <line num="22" count="1" type="stmt"/>
      <line num="23" count="1" type="stmt"/>
      <line num="24" count="1" type="stmt"/>
      <line num="25" count="1" type="stmt"/>
      <line num="26" count="1" type="stmt"/>
      <line num="27" count="1" type="stmt"/>
      <line num="28" count="1" type="stmt"/>
      <line num="29" count="1" type="stmt"/>
      <line num="30" count="1" type="stmt"/>
      <line num="31" count="1" type="stmt"/>
      <line num="32" count="1" type="stmt"/>
      <line num="33" count="1" type="stmt"/>
      <line num="34" count="1" type="stmt"/>
      <line num="35" count="1" type="stmt"/>
      <line num="36" count="1" type="stmt"/>
      <line num="37" count="1" type="stmt"/>
      <line num="38" count="1" type="stmt"/>
      <line num="39" count="1" type="stmt"/>
      <line num="40" count="1" type="cond" truecount="1" falsecount="0"/>
      <line num="41" count="2" type="stmt"/>
      <line num="42" count="2" type="stmt"/>
      <line num="43" count="2" type="stmt"/>
      <line num="44" count="2" type="stmt"/>
      <line num="45" count="2" type="stmt"/>
      <line num="46" count="2" type="stmt"/>
      <line num="47" count="2" type="stmt"/>
      <line num="48" count="2" type="stmt"/>
      <line num="49" count="2" type="stmt"/>
      <line num="50" count="2" type="stmt"/>
      <line num="51" count="2" type="stmt"/>
      <line num="52" count="2" type="stmt"/>
      <line num="53" count="2" type="stmt"/>
      <line num="54" count="2" type="stmt"/>
      <line num="55" count="2" type="stmt"/>
      <line num="56" count="2" type="stmt"/>
      <line num="57" count="2" type="stmt"/>
      <line num="58" count="2" type="stmt"/>
      <line num="59" count="2" type="stmt"/>
      <line num="60" count="2" type="stmt"/>
      <line num="61" count="2" type="stmt"/>
      <line num="62" count="2" type="stmt"/>
      <line num="63" count="2" type="stmt"/>
      <line num="64" count="2" type="stmt"/>
      <line num="65" count="2" type="stmt"/>
      <line num="66" count="2" type="stmt"/>
      <line num="67" count="2" type="stmt"/>
      <line num="68" count="2" type="stmt"/>
      <line num="69" count="2" type="stmt"/>
      <line num="70" count="2" type="stmt"/>
      <line num="71" count="2" type="stmt"/>
      <line num="72" count="2" type="stmt"/>
      <line num="73" count="2" type="stmt"/>
      <line num="74" count="2" type="stmt"/>
      <line num="75" count="2" type="stmt"/>
      <line num="76" count="2" type="stmt"/>
      <line num="77" count="2" type="cond" truecount="0" falsecount="1"/>
      <line num="78" count="2" type="stmt"/>
      <line num="79" count="2" type="stmt"/>
      <line num="80" count="2" type="stmt"/>
      <line num="81" count="2" type="stmt"/>
      <line num="82" count="2" type="stmt"/>
      <line num="83" count="2" type="stmt"/>
      <line num="84" count="2" type="stmt"/>
      <line num="85" count="2" type="stmt"/>
      <line num="86" count="2" type="stmt"/>
      <line num="87" count="2" type="stmt"/>
      <line num="88" count="2" type="stmt"/>
      <line num="89" count="2" type="stmt"/>
      <line num="90" count="2" type="stmt"/>
      <line num="91" count="2" type="stmt"/>
      <line num="92" count="2" type="stmt"/>
      <line num="93" count="2" type="stmt"/>
      <line num="94" count="2" type="stmt"/>
      <line num="95" count="2" type="stmt"/>
      <line num="96" count="2" type="stmt"/>
      <line num="97" count="2" type="stmt"/>
      <line num="98" count="2" type="stmt"/>
      <line num="99" count="2" type="cond" truecount="1" falsecount="0"/>
      <line num="100" count="1" type="stmt"/>
      <line num="101" count="1" type="stmt"/>
      <line num="102" count="2" type="stmt"/>
      <line num="103" count="2" type="stmt"/>
      <line num="104" count="2" type="stmt"/>
      <line num="105" count="2" type="stmt"/>
      <line num="106" count="2" type="stmt"/>
      <line num="107" count="2" type="stmt"/>
      <line num="108" count="2" type="stmt"/>
      <line num="109" count="2" type="stmt"/>
      <line num="110" count="2" type="stmt"/>
      <line num="111" count="2" type="stmt"/>
      <line num="112" count="2" type="stmt"/>
      <line num="113" count="2" type="stmt"/>
      <line num="114" count="2" type="stmt"/>
      <line num="115" count="2" type="stmt"/>
      <line num="116" count="2" type="stmt"/>
      <line num="117" count="2" type="stmt"/>
      <line num="118" count="2" type="stmt"/>
      <line num="119" count="2" type="stmt"/>
      <line num="120" count="2" type="stmt"/>
      <line num="121" count="2" type="stmt"/>
      <line num="122" count="1" type="stmt"/>
      <line num="123" count="1" type="cond" truecount="1" falsecount="0"/>
      <line num="124" count="22" type="stmt"/>
      <line num="125" count="22" type="stmt"/>
      <line num="126" count="22" type="stmt"/>
      <line num="127" count="22" type="stmt"/>
      <line num="128" count="22" type="stmt"/>
      <line num="129" count="22" type="stmt"/>
      <line num="130" count="22" type="stmt"/>
      <line num="131" count="22" type="stmt"/>
      <line num="132" count="22" type="stmt"/>
      <line num="133" count="22" type="stmt"/>
      <line num="134" count="22" type="stmt"/>
      <line num="135" count="22" type="stmt"/>
      <line num="136" count="22" type="stmt"/>
      <line num="137" count="22" type="stmt"/>
      <line num="138" count="22" type="cond" truecount="1" falsecount="0"/>
      <line num="139" count="3" type="stmt"/>
      <line num="140" count="22" type="cond" truecount="1" falsecount="0"/>
      <line num="141" count="19" type="stmt"/>
      <line num="142" count="19" type="stmt"/>
      <line num="143" count="22" type="stmt"/>
      <line num="144" count="22" type="cond" truecount="1" falsecount="0"/>
      <line num="145" count="20" type="stmt"/>
      <line num="146" count="22" type="cond" truecount="1" falsecount="0"/>
      <line num="147" count="2" type="stmt"/>
      <line num="148" count="2" type="stmt"/>
      <line num="149" count="22" type="stmt"/>
      <line num="150" count="22" type="stmt"/>
      <line num="151" count="22" type="stmt"/>
      <line num="152" count="22" type="stmt"/>
      <line num="153" count="22" type="stmt"/>
      <line num="154" count="22" type="stmt"/>
      <line num="155" count="22" type="stmt"/>
      <line num="156" count="22" type="stmt"/>
      <line num="157" count="22" type="stmt"/>
      <line num="158" count="22" type="stmt"/>
      <line num="159" count="22" type="stmt"/>
      <line num="160" count="22" type="stmt"/>
      <line num="161" count="22" type="stmt"/>
      <line num="162" count="22" type="stmt"/>
      <line num="163" count="22" type="stmt"/>
      <line num="164" count="22" type="stmt"/>
      <line num="165" count="22" type="stmt"/>
      <line num="166" count="22" type="stmt"/>
      <line num="167" count="22" type="stmt"/>
      <line num="168" count="22" type="stmt"/>
      <line num="169" count="22" type="stmt"/>
      <line num="170" count="22" type="stmt"/>
      <line num="171" count="22" type="cond" truecount="2" falsecount="0"/>
      <line num="172" count="22" type="stmt"/>
      <line num="173" count="22" type="stmt"/>
      <line num="174" count="22" type="stmt"/>
      <line num="175" count="22" type="stmt"/>
      <line num="176" count="22" type="stmt"/>
      <line num="177" count="22" type="stmt"/>
      <line num="178" count="22" type="stmt"/>
      <line num="179" count="22" type="stmt"/>
      <line num="180" count="22" type="stmt"/>
      <line num="181" count="22" type="stmt"/>
      <line num="182" count="22" type="stmt"/>
      <line num="183" count="22" type="stmt"/>
      <line num="184" count="22" type="stmt"/>
      <line num="185" count="22" type="stmt"/>
      <line num="186" count="22" type="stmt"/>
      <line num="187" count="1" type="stmt"/>
      <line num="188" count="1" type="cond" truecount="1" falsecount="0"/>
      <line num="189" count="24" type="stmt"/>
      <line num="190" count="24" type="stmt"/>
      <line num="191" count="24" type="stmt"/>
      <line num="192" count="24" type="stmt"/>
      <line num="193" count="24" type="stmt"/>
      <line num="194" count="24" type="stmt"/>
      <line num="195" count="24" type="stmt"/>
      <line num="196" count="24" type="stmt"/>
      <line num="197" count="24" type="stmt"/>
      <line num="198" count="24" type="stmt"/>
      <line num="199" count="24" type="cond" truecount="1" falsecount="0"/>
      <line num="200" count="1" type="stmt"/>
      <line num="201" count="1" type="stmt"/>
      <line num="202" count="1" type="stmt"/>
      <line num="203" count="1" type="stmt"/>
      <line num="204" count="1" type="stmt"/>
      <line num="205" count="23" type="cond" truecount="1" falsecount="0"/>
      <line num="206" count="23" type="stmt"/>
      <line num="207" count="24" type="cond" truecount="1" falsecount="0"/>
      <line num="208" count="24" type="cond" truecount="1" falsecount="0"/>
      <line num="209" count="24" type="stmt"/>
      <line num="210" count="24" type="stmt"/>
      <line num="211" count="24" type="cond" truecount="1" falsecount="0"/>
      <line num="212" count="24" type="cond" truecount="1" falsecount="0"/>
      <line num="213" count="24" type="stmt"/>
      <line num="214" count="24" type="stmt"/>
      <line num="215" count="24" type="stmt"/>
      <line num="216" count="1" type="stmt"/>
      <line num="217" count="1" type="cond" truecount="1" falsecount="0"/>
      <line num="218" count="22" type="stmt"/>
      <line num="219" count="22" type="stmt"/>
      <line num="220" count="22" type="stmt"/>
      <line num="221" count="22" type="cond" truecount="1" falsecount="0"/>
      <line num="222" count="19" type="cond" truecount="1" falsecount="0"/>
      <line num="223" count="1" type="stmt"/>
      <line num="224" count="19" type="cond" truecount="2" falsecount="0"/>
      <line num="225" count="3" type="cond" truecount="1" falsecount="0"/>
      <line num="226" count="2" type="stmt"/>
      <line num="227" count="2" type="stmt"/>
      <line num="228" count="3" type="stmt"/>
      <line num="229" count="19" type="stmt"/>
      <line num="230" count="22" type="stmt"/>
      <line num="231" count="22" type="stmt"/>
      <line num="232" count="22" type="stmt"/>
      <line num="233" count="1" type="stmt"/>
    </file>
  </project>
</coverage>
