{"C:\\Users\\User\\test\\toxin-slider\\src\\bar.ts": {"path":"C:\\Users\\User\\test\\toxin-slider\\src\\bar.ts","all":false,"statementMap":{"0":{"start":{"line":1,"column":0},"end":{"line":1,"column":23}},"1":{"start":{"line":2,"column":0},"end":{"line":2,"column":0}},"2":{"start":{"line":3,"column":0},"end":{"line":3,"column":90}},"3":{"start":{"line":4,"column":0},"end":{"line":4,"column":59}},"4":{"start":{"line":5,"column":0},"end":{"line":5,"column":23}},"5":{"start":{"line":6,"column":0},"end":{"line":6,"column":0}},"6":{"start":{"line":7,"column":0},"end":{"line":7,"column":40}},"7":{"start":{"line":8,"column":0},"end":{"line":8,"column":0}},"8":{"start":{"line":9,"column":0},"end":{"line":9,"column":77}},"9":{"start":{"line":10,"column":0},"end":{"line":10,"column":0}},"10":{"start":{"line":11,"column":0},"end":{"line":11,"column":26}},"11":{"start":{"line":12,"column":0},"end":{"line":12,"column":24}},"12":{"start":{"line":13,"column":0},"end":{"line":13,"column":0}},"13":{"start":{"line":14,"column":0},"end":{"line":14,"column":21}},"14":{"start":{"line":15,"column":0},"end":{"line":15,"column":0}},"15":{"start":{"line":16,"column":0},"end":{"line":16,"column":67}},"16":{"start":{"line":17,"column":0},"end":{"line":17,"column":45}},"17":{"start":{"line":18,"column":0},"end":{"line":18,"column":0}},"18":{"start":{"line":19,"column":0},"end":{"line":19,"column":27}},"19":{"start":{"line":20,"column":0},"end":{"line":20,"column":31}},"20":{"start":{"line":21,"column":0},"end":{"line":21,"column":0}},"21":{"start":{"line":22,"column":0},"end":{"line":22,"column":65}},"22":{"start":{"line":23,"column":0},"end":{"line":23,"column":0}},"23":{"start":{"line":24,"column":0},"end":{"line":24,"column":28}},"24":{"start":{"line":25,"column":0},"end":{"line":25,"column":3}},"25":{"start":{"line":26,"column":0},"end":{"line":26,"column":0}},"26":{"start":{"line":27,"column":0},"end":{"line":27,"column":31}},"27":{"start":{"line":28,"column":0},"end":{"line":28,"column":33}},"28":{"start":{"line":29,"column":0},"end":{"line":29,"column":0}},"29":{"start":{"line":30,"column":0},"end":{"line":30,"column":16}},"30":{"start":{"line":31,"column":0},"end":{"line":31,"column":3}},"31":{"start":{"line":32,"column":0},"end":{"line":32,"column":1}},"32":{"start":{"line":33,"column":0},"end":{"line":33,"column":0}},"33":{"start":{"line":34,"column":0},"end":{"line":34,"column":59}},"34":{"start":{"line":35,"column":0},"end":{"line":35,"column":45}},"35":{"start":{"line":36,"column":0},"end":{"line":36,"column":35}},"36":{"start":{"line":37,"column":0},"end":{"line":37,"column":0}},"37":{"start":{"line":38,"column":0},"end":{"line":38,"column":25}},"38":{"start":{"line":39,"column":0},"end":{"line":39,"column":31}},"39":{"start":{"line":40,"column":0},"end":{"line":40,"column":31}},"40":{"start":{"line":41,"column":0},"end":{"line":41,"column":0}},"41":{"start":{"line":42,"column":0},"end":{"line":42,"column":31}},"42":{"start":{"line":43,"column":0},"end":{"line":43,"column":62}},"43":{"start":{"line":44,"column":0},"end":{"line":44,"column":57}},"44":{"start":{"line":45,"column":0},"end":{"line":45,"column":0}},"45":{"start":{"line":46,"column":0},"end":{"line":46,"column":39}},"46":{"start":{"line":47,"column":0},"end":{"line":47,"column":26}},"47":{"start":{"line":48,"column":0},"end":{"line":48,"column":38}},"48":{"start":{"line":49,"column":0},"end":{"line":49,"column":5}},"49":{"start":{"line":50,"column":0},"end":{"line":50,"column":0}},"50":{"start":{"line":51,"column":0},"end":{"line":51,"column":36}},"51":{"start":{"line":52,"column":0},"end":{"line":52,"column":30}},"52":{"start":{"line":53,"column":0},"end":{"line":53,"column":3}},"53":{"start":{"line":54,"column":0},"end":{"line":54,"column":0}},"54":{"start":{"line":55,"column":0},"end":{"line":55,"column":42}},"55":{"start":{"line":56,"column":0},"end":{"line":56,"column":39}},"56":{"start":{"line":57,"column":0},"end":{"line":57,"column":15}},"57":{"start":{"line":58,"column":0},"end":{"line":58,"column":5}},"58":{"start":{"line":59,"column":0},"end":{"line":59,"column":0}},"59":{"start":{"line":60,"column":0},"end":{"line":60,"column":46}},"60":{"start":{"line":61,"column":0},"end":{"line":61,"column":32}},"61":{"start":{"line":62,"column":0},"end":{"line":62,"column":5}},"62":{"start":{"line":63,"column":0},"end":{"line":63,"column":0}},"63":{"start":{"line":64,"column":0},"end":{"line":64,"column":40}},"64":{"start":{"line":65,"column":0},"end":{"line":65,"column":3}},"65":{"start":{"line":66,"column":0},"end":{"line":66,"column":1}}},"s":{"0":1,"1":1,"2":1,"3":1,"4":1,"5":1,"6":1,"7":1,"8":1,"9":1,"10":1,"11":1,"12":1,"13":1,"14":1,"15":1,"16":1,"17":1,"18":1,"19":1,"20":1,"21":1,"22":1,"23":1,"24":1,"25":1,"26":1,"27":6,"28":6,"29":6,"30":6,"31":1,"32":1,"33":4,"34":4,"35":4,"36":4,"37":4,"38":4,"39":4,"40":4,"41":4,"42":4,"43":4,"44":4,"45":4,"46":4,"47":4,"48":4,"49":4,"50":4,"51":4,"52":4,"53":4,"54":4,"55":4,"56":1,"57":1,"58":3,"59":4,"60":2,"61":2,"62":1,"63":1,"64":1,"65":4},"branchMap":{"0":{"type":"branch","line":16,"loc":{"start":{"line":16,"column":2},"end":{"line":25,"column":3}},"locations":[{"start":{"line":16,"column":2},"end":{"line":25,"column":3}}]},"1":{"type":"branch","line":27,"loc":{"start":{"line":27,"column":2},"end":{"line":31,"column":3}},"locations":[{"start":{"line":27,"column":2},"end":{"line":31,"column":3}}]},"2":{"type":"branch","line":34,"loc":{"start":{"line":34,"column":0},"end":{"line":66,"column":1}},"locations":[{"start":{"line":34,"column":0},"end":{"line":66,"column":1}}]},"3":{"type":"branch","line":39,"loc":{"start":{"line":39,"column":4},"end":{"line":39,"column":31}},"locations":[{"start":{"line":39,"column":4},"end":{"line":39,"column":31}}]},"4":{"type":"branch","line":39,"loc":{"start":{"line":39,"column":25},"end":{"line":39,"column":30}},"locations":[{"start":{"line":39,"column":25},"end":{"line":39,"column":30}}]},"5":{"type":"branch","line":40,"loc":{"start":{"line":40,"column":4},"end":{"line":40,"column":30}},"locations":[{"start":{"line":40,"column":4},"end":{"line":40,"column":30}}]},"6":{"type":"branch","line":40,"loc":{"start":{"line":40,"column":24},"end":{"line":40,"column":29}},"locations":[{"start":{"line":40,"column":24},"end":{"line":40,"column":29}}]},"7":{"type":"branch","line":43,"loc":{"start":{"line":43,"column":4},"end":{"line":43,"column":62}},"locations":[{"start":{"line":43,"column":4},"end":{"line":43,"column":62}}]},"8":{"type":"branch","line":43,"loc":{"start":{"line":43,"column":20},"end":{"line":43,"column":22}},"locations":[{"start":{"line":43,"column":20},"end":{"line":43,"column":22}}]},"9":{"type":"branch","line":43,"loc":{"start":{"line":43,"column":25},"end":{"line":43,"column":30}},"locations":[{"start":{"line":43,"column":25},"end":{"line":43,"column":30}}]},"10":{"type":"branch","line":43,"loc":{"start":{"line":43,"column":47},"end":{"line":43,"column":49}},"locations":[{"start":{"line":43,"column":47},"end":{"line":43,"column":49}}]},"11":{"type":"branch","line":43,"loc":{"start":{"line":43,"column":56},"end":{"line":43,"column":61}},"locations":[{"start":{"line":43,"column":56},"end":{"line":43,"column":61}}]},"12":{"type":"branch","line":44,"loc":{"start":{"line":44,"column":4},"end":{"line":44,"column":56}},"locations":[{"start":{"line":44,"column":4},"end":{"line":44,"column":56}}]},"13":{"type":"branch","line":44,"loc":{"start":{"line":44,"column":12},"end":{"line":44,"column":14}},"locations":[{"start":{"line":44,"column":12},"end":{"line":44,"column":14}}]},"14":{"type":"branch","line":44,"loc":{"start":{"line":44,"column":21},"end":{"line":44,"column":26}},"locations":[{"start":{"line":44,"column":21},"end":{"line":44,"column":26}}]},"15":{"type":"branch","line":44,"loc":{"start":{"line":44,"column":44},"end":{"line":44,"column":46}},"locations":[{"start":{"line":44,"column":44},"end":{"line":44,"column":46}}]},"16":{"type":"branch","line":44,"loc":{"start":{"line":44,"column":50},"end":{"line":44,"column":55}},"locations":[{"start":{"line":44,"column":50},"end":{"line":44,"column":55}}]},"17":{"type":"branch","line":51,"loc":{"start":{"line":51,"column":2},"end":{"line":53,"column":3}},"locations":[{"start":{"line":51,"column":2},"end":{"line":53,"column":3}}]},"18":{"type":"branch","line":55,"loc":{"start":{"line":55,"column":2},"end":{"line":65,"column":3}},"locations":[{"start":{"line":55,"column":2},"end":{"line":65,"column":3}}]},"19":{"type":"branch","line":56,"loc":{"start":{"line":56,"column":38},"end":{"line":58,"column":5}},"locations":[{"start":{"line":56,"column":38},"end":{"line":58,"column":5}}]},"20":{"type":"branch","line":59,"loc":{"start":{"line":59,"column":-1},"end":{"line":60,"column":45}},"locations":[{"start":{"line":59,"column":-1},"end":{"line":60,"column":45}}]},"21":{"type":"branch","line":60,"loc":{"start":{"line":60,"column":45},"end":{"line":62,"column":5}},"locations":[{"start":{"line":60,"column":45},"end":{"line":62,"column":5}}]},"22":{"type":"branch","line":63,"loc":{"start":{"line":63,"column":-1},"end":{"line":65,"column":3}},"locations":[{"start":{"line":63,"column":-1},"end":{"line":65,"column":3}}]}},"b":{"0":[1],"1":[6],"2":[4],"3":[1],"4":[0],"5":[3],"6":[0],"7":[1],"8":[0],"9":[0],"10":[0],"11":[0],"12":[3],"13":[0],"14":[0],"15":[0],"16":[0],"17":[4],"18":[4],"19":[1],"20":[3],"21":[2],"22":[1]},"fnMap":{"0":{"name":"Bar","decl":{"start":{"line":16,"column":2},"end":{"line":25,"column":3}},"loc":{"start":{"line":16,"column":2},"end":{"line":25,"column":3}},"line":16},"1":{"name":"update","decl":{"start":{"line":27,"column":2},"end":{"line":31,"column":3}},"loc":{"start":{"line":27,"column":2},"end":{"line":31,"column":3}},"line":27},"2":{"name":"handleBarMousedown","decl":{"start":{"line":34,"column":0},"end":{"line":66,"column":1}},"loc":{"start":{"line":34,"column":0},"end":{"line":66,"column":1}},"line":34},"3":{"name":"normalizeSize","decl":{"start":{"line":51,"column":2},"end":{"line":53,"column":3}},"loc":{"start":{"line":51,"column":2},"end":{"line":53,"column":3}},"line":51},"4":{"name":"normalizeClickPoint","decl":{"start":{"line":55,"column":2},"end":{"line":65,"column":3}},"loc":{"start":{"line":55,"column":2},"end":{"line":65,"column":3}},"line":55}},"f":{"0":1,"1":6,"2":4,"3":4,"4":4}}
,"C:\\Users\\User\\test\\toxin-slider\\src\\model.ts": {"path":"C:\\Users\\User\\test\\toxin-slider\\src\\model.ts","all":false,"statementMap":{"0":{"start":{"line":1,"column":0},"end":{"line":1,"column":28}},"1":{"start":{"line":2,"column":0},"end":{"line":2,"column":23}},"2":{"start":{"line":3,"column":0},"end":{"line":3,"column":13}},"3":{"start":{"line":4,"column":0},"end":{"line":4,"column":11}},"4":{"start":{"line":5,"column":0},"end":{"line":5,"column":12}},"5":{"start":{"line":6,"column":0},"end":{"line":6,"column":12}},"6":{"start":{"line":7,"column":0},"end":{"line":7,"column":10}},"7":{"start":{"line":8,"column":0},"end":{"line":8,"column":24}},"8":{"start":{"line":9,"column":0},"end":{"line":9,"column":4}},"9":{"start":{"line":10,"column":0},"end":{"line":10,"column":0}},"10":{"start":{"line":11,"column":0},"end":{"line":11,"column":21}},"11":{"start":{"line":12,"column":0},"end":{"line":12,"column":0}},"12":{"start":{"line":13,"column":0},"end":{"line":13,"column":34}},"13":{"start":{"line":14,"column":0},"end":{"line":14,"column":23}},"14":{"start":{"line":15,"column":0},"end":{"line":15,"column":3}},"15":{"start":{"line":16,"column":0},"end":{"line":16,"column":0}},"16":{"start":{"line":17,"column":0},"end":{"line":17,"column":40}},"17":{"start":{"line":18,"column":0},"end":{"line":18,"column":11}},"18":{"start":{"line":19,"column":0},"end":{"line":19,"column":16}},"19":{"start":{"line":20,"column":0},"end":{"line":20,"column":14}},"20":{"start":{"line":21,"column":0},"end":{"line":21,"column":15}},"21":{"start":{"line":22,"column":0},"end":{"line":22,"column":13}},"22":{"start":{"line":23,"column":0},"end":{"line":23,"column":27}},"23":{"start":{"line":24,"column":0},"end":{"line":24,"column":19}},"24":{"start":{"line":25,"column":0},"end":{"line":25,"column":0}},"25":{"start":{"line":26,"column":0},"end":{"line":26,"column":50}},"26":{"start":{"line":27,"column":0},"end":{"line":27,"column":25}},"27":{"start":{"line":28,"column":0},"end":{"line":28,"column":64}},"28":{"start":{"line":29,"column":0},"end":{"line":29,"column":36}},"29":{"start":{"line":30,"column":0},"end":{"line":30,"column":16}},"30":{"start":{"line":31,"column":0},"end":{"line":31,"column":34}},"31":{"start":{"line":32,"column":0},"end":{"line":32,"column":9}},"32":{"start":{"line":33,"column":0},"end":{"line":33,"column":14}},"33":{"start":{"line":34,"column":0},"end":{"line":34,"column":34}},"34":{"start":{"line":35,"column":0},"end":{"line":35,"column":7}},"35":{"start":{"line":36,"column":0},"end":{"line":36,"column":6}},"36":{"start":{"line":37,"column":0},"end":{"line":37,"column":0}},"37":{"start":{"line":38,"column":0},"end":{"line":38,"column":32}},"38":{"start":{"line":39,"column":0},"end":{"line":39,"column":43}},"39":{"start":{"line":40,"column":0},"end":{"line":40,"column":0}},"40":{"start":{"line":41,"column":0},"end":{"line":41,"column":88}},"41":{"start":{"line":42,"column":0},"end":{"line":42,"column":0}},"42":{"start":{"line":43,"column":0},"end":{"line":43,"column":32}},"43":{"start":{"line":44,"column":0},"end":{"line":44,"column":0}},"44":{"start":{"line":45,"column":0},"end":{"line":45,"column":31}},"45":{"start":{"line":46,"column":0},"end":{"line":46,"column":5}},"46":{"start":{"line":47,"column":0},"end":{"line":47,"column":0}},"47":{"start":{"line":48,"column":0},"end":{"line":48,"column":34}},"48":{"start":{"line":49,"column":0},"end":{"line":49,"column":49}},"49":{"start":{"line":50,"column":0},"end":{"line":50,"column":0}},"50":{"start":{"line":51,"column":0},"end":{"line":51,"column":35}},"51":{"start":{"line":52,"column":0},"end":{"line":52,"column":5}},"52":{"start":{"line":53,"column":0},"end":{"line":53,"column":0}},"53":{"start":{"line":54,"column":0},"end":{"line":54,"column":56}},"54":{"start":{"line":55,"column":0},"end":{"line":55,"column":0}},"55":{"start":{"line":56,"column":0},"end":{"line":56,"column":94}},"56":{"start":{"line":57,"column":0},"end":{"line":57,"column":0}},"57":{"start":{"line":58,"column":0},"end":{"line":58,"column":23}},"58":{"start":{"line":59,"column":0},"end":{"line":59,"column":27}},"59":{"start":{"line":60,"column":0},"end":{"line":60,"column":35}},"60":{"start":{"line":61,"column":0},"end":{"line":61,"column":14}},"61":{"start":{"line":62,"column":0},"end":{"line":62,"column":33}},"62":{"start":{"line":63,"column":0},"end":{"line":63,"column":7}},"63":{"start":{"line":64,"column":0},"end":{"line":64,"column":12}},"64":{"start":{"line":65,"column":0},"end":{"line":65,"column":33}},"65":{"start":{"line":66,"column":0},"end":{"line":66,"column":5}},"66":{"start":{"line":67,"column":0},"end":{"line":67,"column":0}},"67":{"start":{"line":68,"column":0},"end":{"line":68,"column":29}},"68":{"start":{"line":69,"column":0},"end":{"line":69,"column":3}},"69":{"start":{"line":70,"column":0},"end":{"line":70,"column":0}},"70":{"start":{"line":71,"column":0},"end":{"line":71,"column":32}},"71":{"start":{"line":72,"column":0},"end":{"line":72,"column":11}},"72":{"start":{"line":73,"column":0},"end":{"line":73,"column":15}},"73":{"start":{"line":74,"column":0},"end":{"line":74,"column":13}},"74":{"start":{"line":75,"column":0},"end":{"line":75,"column":19}},"75":{"start":{"line":76,"column":0},"end":{"line":76,"column":0}},"76":{"start":{"line":77,"column":0},"end":{"line":77,"column":51}},"77":{"start":{"line":78,"column":0},"end":{"line":78,"column":0}},"78":{"start":{"line":79,"column":0},"end":{"line":79,"column":48}},"79":{"start":{"line":80,"column":0},"end":{"line":80,"column":44}},"80":{"start":{"line":81,"column":0},"end":{"line":81,"column":0}},"81":{"start":{"line":82,"column":0},"end":{"line":82,"column":29}},"82":{"start":{"line":83,"column":0},"end":{"line":83,"column":3}},"83":{"start":{"line":84,"column":0},"end":{"line":84,"column":0}},"84":{"start":{"line":85,"column":0},"end":{"line":85,"column":26}},"85":{"start":{"line":86,"column":0},"end":{"line":86,"column":11}},"86":{"start":{"line":87,"column":0},"end":{"line":87,"column":16}},"87":{"start":{"line":88,"column":0},"end":{"line":88,"column":14}},"88":{"start":{"line":89,"column":0},"end":{"line":89,"column":15}},"89":{"start":{"line":90,"column":0},"end":{"line":90,"column":19}},"90":{"start":{"line":91,"column":0},"end":{"line":91,"column":0}},"91":{"start":{"line":92,"column":0},"end":{"line":92,"column":49}},"92":{"start":{"line":93,"column":0},"end":{"line":93,"column":36}},"93":{"start":{"line":94,"column":0},"end":{"line":94,"column":12}},"94":{"start":{"line":95,"column":0},"end":{"line":95,"column":87}},"95":{"start":{"line":96,"column":0},"end":{"line":96,"column":0}},"96":{"start":{"line":97,"column":0},"end":{"line":97,"column":31}},"97":{"start":{"line":98,"column":0},"end":{"line":98,"column":36}},"98":{"start":{"line":99,"column":0},"end":{"line":99,"column":7}},"99":{"start":{"line":100,"column":0},"end":{"line":100,"column":5}},"100":{"start":{"line":101,"column":0},"end":{"line":101,"column":0}},"101":{"start":{"line":102,"column":0},"end":{"line":102,"column":16}},"102":{"start":{"line":103,"column":0},"end":{"line":103,"column":3}},"103":{"start":{"line":104,"column":0},"end":{"line":104,"column":0}},"104":{"start":{"line":105,"column":0},"end":{"line":105,"column":39}},"105":{"start":{"line":106,"column":0},"end":{"line":106,"column":11}},"106":{"start":{"line":107,"column":0},"end":{"line":107,"column":16}},"107":{"start":{"line":108,"column":0},"end":{"line":108,"column":14}},"108":{"start":{"line":109,"column":0},"end":{"line":109,"column":15}},"109":{"start":{"line":110,"column":0},"end":{"line":110,"column":19}},"110":{"start":{"line":111,"column":0},"end":{"line":111,"column":28}},"111":{"start":{"line":112,"column":0},"end":{"line":112,"column":0}},"112":{"start":{"line":113,"column":0},"end":{"line":113,"column":22}},"113":{"start":{"line":114,"column":0},"end":{"line":114,"column":24}},"114":{"start":{"line":115,"column":0},"end":{"line":115,"column":21}},"115":{"start":{"line":116,"column":0},"end":{"line":116,"column":7}},"116":{"start":{"line":117,"column":0},"end":{"line":117,"column":0}},"117":{"start":{"line":118,"column":0},"end":{"line":118,"column":22}},"118":{"start":{"line":119,"column":0},"end":{"line":119,"column":19}},"119":{"start":{"line":120,"column":0},"end":{"line":120,"column":7}},"120":{"start":{"line":121,"column":0},"end":{"line":121,"column":0}},"121":{"start":{"line":122,"column":0},"end":{"line":122,"column":23}},"122":{"start":{"line":123,"column":0},"end":{"line":123,"column":39}},"123":{"start":{"line":124,"column":0},"end":{"line":124,"column":21}},"124":{"start":{"line":125,"column":0},"end":{"line":125,"column":9}},"125":{"start":{"line":126,"column":0},"end":{"line":126,"column":0}},"126":{"start":{"line":127,"column":0},"end":{"line":127,"column":35}},"127":{"start":{"line":128,"column":0},"end":{"line":128,"column":30}},"128":{"start":{"line":129,"column":0},"end":{"line":129,"column":9}},"129":{"start":{"line":130,"column":0},"end":{"line":130,"column":0}},"130":{"start":{"line":131,"column":0},"end":{"line":131,"column":63}},"131":{"start":{"line":132,"column":0},"end":{"line":132,"column":7}},"132":{"start":{"line":133,"column":0},"end":{"line":133,"column":0}},"133":{"start":{"line":134,"column":0},"end":{"line":134,"column":17}},"134":{"start":{"line":135,"column":0},"end":{"line":135,"column":5}},"135":{"start":{"line":136,"column":0},"end":{"line":136,"column":0}},"136":{"start":{"line":137,"column":0},"end":{"line":137,"column":22}},"137":{"start":{"line":138,"column":0},"end":{"line":138,"column":19}},"138":{"start":{"line":139,"column":0},"end":{"line":139,"column":5}},"139":{"start":{"line":140,"column":0},"end":{"line":140,"column":0}},"140":{"start":{"line":141,"column":0},"end":{"line":141,"column":20}},"141":{"start":{"line":142,"column":0},"end":{"line":142,"column":17}},"142":{"start":{"line":143,"column":0},"end":{"line":143,"column":5}},"143":{"start":{"line":144,"column":0},"end":{"line":144,"column":0}},"144":{"start":{"line":145,"column":0},"end":{"line":145,"column":21}},"145":{"start":{"line":146,"column":0},"end":{"line":146,"column":37}},"146":{"start":{"line":147,"column":0},"end":{"line":147,"column":19}},"147":{"start":{"line":148,"column":0},"end":{"line":148,"column":7}},"148":{"start":{"line":149,"column":0},"end":{"line":149,"column":0}},"149":{"start":{"line":150,"column":0},"end":{"line":150,"column":33}},"150":{"start":{"line":151,"column":0},"end":{"line":151,"column":28}},"151":{"start":{"line":152,"column":0},"end":{"line":152,"column":7}},"152":{"start":{"line":153,"column":0},"end":{"line":153,"column":0}},"153":{"start":{"line":154,"column":0},"end":{"line":154,"column":61}},"154":{"start":{"line":155,"column":0},"end":{"line":155,"column":5}},"155":{"start":{"line":156,"column":0},"end":{"line":156,"column":0}},"156":{"start":{"line":157,"column":0},"end":{"line":157,"column":15}},"157":{"start":{"line":158,"column":0},"end":{"line":158,"column":3}},"158":{"start":{"line":159,"column":0},"end":{"line":159,"column":0}},"159":{"start":{"line":160,"column":0},"end":{"line":160,"column":28}},"160":{"start":{"line":161,"column":0},"end":{"line":161,"column":11}},"161":{"start":{"line":162,"column":0},"end":{"line":162,"column":16}},"162":{"start":{"line":163,"column":0},"end":{"line":163,"column":14}},"163":{"start":{"line":164,"column":0},"end":{"line":164,"column":15}},"164":{"start":{"line":165,"column":0},"end":{"line":165,"column":13}},"165":{"start":{"line":166,"column":0},"end":{"line":166,"column":27}},"166":{"start":{"line":167,"column":0},"end":{"line":167,"column":19}},"167":{"start":{"line":168,"column":0},"end":{"line":168,"column":0}},"168":{"start":{"line":169,"column":0},"end":{"line":169,"column":23}},"169":{"start":{"line":170,"column":0},"end":{"line":170,"column":24}},"170":{"start":{"line":171,"column":0},"end":{"line":171,"column":24}},"171":{"start":{"line":172,"column":0},"end":{"line":172,"column":56}},"172":{"start":{"line":173,"column":0},"end":{"line":173,"column":9}},"173":{"start":{"line":174,"column":0},"end":{"line":174,"column":29}},"174":{"start":{"line":175,"column":0},"end":{"line":175,"column":54}},"175":{"start":{"line":176,"column":0},"end":{"line":176,"column":7}},"176":{"start":{"line":177,"column":0},"end":{"line":177,"column":5}},"177":{"start":{"line":178,"column":0},"end":{"line":178,"column":0}},"178":{"start":{"line":179,"column":0},"end":{"line":179,"column":22}},"179":{"start":{"line":180,"column":0},"end":{"line":180,"column":3}},"180":{"start":{"line":181,"column":0},"end":{"line":181,"column":0}},"181":{"start":{"line":182,"column":0},"end":{"line":182,"column":23}},"182":{"start":{"line":183,"column":0},"end":{"line":183,"column":11}},"183":{"start":{"line":184,"column":0},"end":{"line":184,"column":16}},"184":{"start":{"line":185,"column":0},"end":{"line":185,"column":14}},"185":{"start":{"line":186,"column":0},"end":{"line":186,"column":15}},"186":{"start":{"line":187,"column":0},"end":{"line":187,"column":19}},"187":{"start":{"line":188,"column":0},"end":{"line":188,"column":0}},"188":{"start":{"line":189,"column":0},"end":{"line":189,"column":21}},"189":{"start":{"line":190,"column":0},"end":{"line":190,"column":15}},"190":{"start":{"line":191,"column":0},"end":{"line":191,"column":5}},"191":{"start":{"line":192,"column":0},"end":{"line":192,"column":0}},"192":{"start":{"line":193,"column":0},"end":{"line":193,"column":75}},"193":{"start":{"line":194,"column":0},"end":{"line":194,"column":3}},"194":{"start":{"line":195,"column":0},"end":{"line":195,"column":1}},"195":{"start":{"line":196,"column":0},"end":{"line":196,"column":0}},"196":{"start":{"line":197,"column":0},"end":{"line":197,"column":96}},"197":{"start":{"line":198,"column":0},"end":{"line":198,"column":54}},"198":{"start":{"line":199,"column":0},"end":{"line":199,"column":1}},"199":{"start":{"line":200,"column":0},"end":{"line":200,"column":0}},"200":{"start":{"line":201,"column":0},"end":{"line":201,"column":94}},"201":{"start":{"line":202,"column":0},"end":{"line":202,"column":52}},"202":{"start":{"line":203,"column":0},"end":{"line":203,"column":1}}},"s":{"0":1,"1":1,"2":1,"3":1,"4":1,"5":1,"6":1,"7":1,"8":1,"9":1,"10":1,"11":1,"12":1,"13":1,"14":1,"15":1,"16":1,"17":35,"18":35,"19":35,"20":35,"21":35,"22":35,"23":35,"24":35,"25":35,"26":3,"27":2,"28":1,"29":1,"30":1,"31":1,"32":3,"33":1,"34":1,"35":35,"36":35,"37":35,"38":3,"39":3,"40":3,"41":3,"42":3,"43":3,"44":3,"45":3,"46":32,"47":35,"48":29,"49":29,"50":29,"51":29,"52":3,"53":3,"54":3,"55":3,"56":3,"57":35,"58":2,"59":1,"60":1,"61":1,"62":1,"63":35,"64":1,"65":1,"66":3,"67":3,"68":3,"69":1,"70":1,"71":29,"72":29,"73":29,"74":29,"75":29,"76":29,"77":29,"78":29,"79":29,"80":29,"81":29,"82":29,"83":1,"84":1,"85":29,"86":29,"87":29,"88":29,"89":29,"90":29,"91":29,"92":2,"93":29,"94":27,"95":27,"96":27,"97":8,"98":8,"99":27,"100":29,"101":29,"102":29,"103":1,"104":1,"105":64,"106":64,"107":64,"108":64,"109":64,"110":64,"111":64,"112":64,"113":34,"114":2,"115":2,"116":32,"117":34,"118":1,"119":1,"120":31,"121":34,"122":29,"123":1,"124":1,"125":28,"126":29,"127":1,"128":1,"129":27,"130":27,"131":27,"132":2,"133":2,"134":2,"135":30,"136":64,"137":3,"138":3,"139":27,"140":64,"141":1,"142":1,"143":26,"144":64,"145":24,"146":9,"147":9,"148":15,"149":24,"150":1,"151":1,"152":14,"153":14,"154":14,"155":2,"156":2,"157":2,"158":1,"159":1,"160":35,"161":35,"162":35,"163":35,"164":35,"165":35,"166":35,"167":35,"168":35,"169":8,"170":6,"171":3,"172":3,"173":8,"174":1,"175":1,"176":8,"177":35,"178":35,"179":35,"180":1,"181":1,"182":29,"183":29,"184":29,"185":29,"186":29,"187":29,"188":29,"189":3,"190":3,"191":26,"192":26,"193":26,"194":1,"195":1,"196":32,"197":32,"198":32,"199":1,"200":35,"201":35,"202":35},"branchMap":{"0":{"type":"branch","line":13,"loc":{"start":{"line":13,"column":2},"end":{"line":15,"column":3}},"locations":[{"start":{"line":13,"column":2},"end":{"line":15,"column":3}}]},"1":{"type":"branch","line":17,"loc":{"start":{"line":17,"column":2},"end":{"line":69,"column":3}},"locations":[{"start":{"line":17,"column":2},"end":{"line":69,"column":3}}]},"2":{"type":"branch","line":38,"loc":{"start":{"line":38,"column":31},"end":{"line":46,"column":5}},"locations":[{"start":{"line":38,"column":31},"end":{"line":46,"column":5}}]},"3":{"type":"branch","line":47,"loc":{"start":{"line":47,"column":-1},"end":{"line":48,"column":33}},"locations":[{"start":{"line":47,"column":-1},"end":{"line":48,"column":33}}]},"4":{"type":"branch","line":48,"loc":{"start":{"line":48,"column":33},"end":{"line":52,"column":5}},"locations":[{"start":{"line":48,"column":33},"end":{"line":52,"column":5}}]},"5":{"type":"branch","line":53,"loc":{"start":{"line":53,"column":-1},"end":{"line":58,"column":22}},"locations":[{"start":{"line":53,"column":-1},"end":{"line":58,"column":22}}]},"6":{"type":"branch","line":58,"loc":{"start":{"line":58,"column":22},"end":{"line":64,"column":11}},"locations":[{"start":{"line":58,"column":22},"end":{"line":64,"column":11}}]},"7":{"type":"branch","line":59,"loc":{"start":{"line":59,"column":26},"end":{"line":63,"column":7}},"locations":[{"start":{"line":59,"column":26},"end":{"line":63,"column":7}}]},"8":{"type":"branch","line":64,"loc":{"start":{"line":64,"column":5},"end":{"line":66,"column":5}},"locations":[{"start":{"line":64,"column":5},"end":{"line":66,"column":5}}]},"9":{"type":"branch","line":67,"loc":{"start":{"line":67,"column":-1},"end":{"line":69,"column":3}},"locations":[{"start":{"line":67,"column":-1},"end":{"line":69,"column":3}}]},"10":{"type":"branch","line":26,"loc":{"start":{"line":26,"column":28},"end":{"line":36,"column":5}},"locations":[{"start":{"line":26,"column":28},"end":{"line":36,"column":5}}]},"11":{"type":"branch","line":27,"loc":{"start":{"line":27,"column":24},"end":{"line":33,"column":13}},"locations":[{"start":{"line":27,"column":24},"end":{"line":33,"column":13}}]},"12":{"type":"branch","line":28,"loc":{"start":{"line":28,"column":63},"end":{"line":32,"column":9}},"locations":[{"start":{"line":28,"column":63},"end":{"line":32,"column":9}}]},"13":{"type":"branch","line":33,"loc":{"start":{"line":33,"column":7},"end":{"line":35,"column":7}},"locations":[{"start":{"line":33,"column":7},"end":{"line":35,"column":7}}]},"14":{"type":"branch","line":71,"loc":{"start":{"line":71,"column":2},"end":{"line":83,"column":3}},"locations":[{"start":{"line":71,"column":2},"end":{"line":83,"column":3}}]},"15":{"type":"branch","line":85,"loc":{"start":{"line":85,"column":2},"end":{"line":103,"column":3}},"locations":[{"start":{"line":85,"column":2},"end":{"line":103,"column":3}}]},"16":{"type":"branch","line":92,"loc":{"start":{"line":92,"column":48},"end":{"line":94,"column":11}},"locations":[{"start":{"line":92,"column":48},"end":{"line":94,"column":11}}]},"17":{"type":"branch","line":94,"loc":{"start":{"line":94,"column":5},"end":{"line":100,"column":5}},"locations":[{"start":{"line":94,"column":5},"end":{"line":100,"column":5}}]},"18":{"type":"branch","line":95,"loc":{"start":{"line":95,"column":44},"end":{"line":95,"column":56}},"locations":[{"start":{"line":95,"column":44},"end":{"line":95,"column":56}}]},"19":{"type":"branch","line":95,"loc":{"start":{"line":95,"column":57},"end":{"line":95,"column":86}},"locations":[{"start":{"line":95,"column":57},"end":{"line":95,"column":86}}]},"20":{"type":"branch","line":95,"loc":{"start":{"line":95,"column":73},"end":{"line":95,"column":85}},"locations":[{"start":{"line":95,"column":73},"end":{"line":95,"column":85}}]},"21":{"type":"branch","line":97,"loc":{"start":{"line":97,"column":30},"end":{"line":99,"column":7}},"locations":[{"start":{"line":97,"column":30},"end":{"line":99,"column":7}}]},"22":{"type":"branch","line":105,"loc":{"start":{"line":105,"column":2},"end":{"line":158,"column":3}},"locations":[{"start":{"line":105,"column":2},"end":{"line":158,"column":3}}]},"23":{"type":"branch","line":113,"loc":{"start":{"line":113,"column":21},"end":{"line":135,"column":5}},"locations":[{"start":{"line":113,"column":21},"end":{"line":135,"column":5}}]},"24":{"type":"branch","line":114,"loc":{"start":{"line":114,"column":23},"end":{"line":116,"column":7}},"locations":[{"start":{"line":114,"column":23},"end":{"line":116,"column":7}}]},"25":{"type":"branch","line":117,"loc":{"start":{"line":117,"column":-1},"end":{"line":118,"column":21}},"locations":[{"start":{"line":117,"column":-1},"end":{"line":118,"column":21}}]},"26":{"type":"branch","line":118,"loc":{"start":{"line":118,"column":21},"end":{"line":120,"column":7}},"locations":[{"start":{"line":118,"column":21},"end":{"line":120,"column":7}}]},"27":{"type":"branch","line":121,"loc":{"start":{"line":121,"column":-1},"end":{"line":122,"column":22}},"locations":[{"start":{"line":121,"column":-1},"end":{"line":122,"column":22}}]},"28":{"type":"branch","line":122,"loc":{"start":{"line":122,"column":22},"end":{"line":132,"column":7}},"locations":[{"start":{"line":122,"column":22},"end":{"line":132,"column":7}}]},"29":{"type":"branch","line":123,"loc":{"start":{"line":123,"column":38},"end":{"line":125,"column":9}},"locations":[{"start":{"line":123,"column":38},"end":{"line":125,"column":9}}]},"30":{"type":"branch","line":126,"loc":{"start":{"line":126,"column":-1},"end":{"line":127,"column":34}},"locations":[{"start":{"line":126,"column":-1},"end":{"line":127,"column":34}}]},"31":{"type":"branch","line":127,"loc":{"start":{"line":127,"column":34},"end":{"line":129,"column":9}},"locations":[{"start":{"line":127,"column":34},"end":{"line":129,"column":9}}]},"32":{"type":"branch","line":130,"loc":{"start":{"line":130,"column":-1},"end":{"line":132,"column":7}},"locations":[{"start":{"line":130,"column":-1},"end":{"line":132,"column":7}}]},"33":{"type":"branch","line":133,"loc":{"start":{"line":133,"column":-1},"end":{"line":135,"column":5}},"locations":[{"start":{"line":133,"column":-1},"end":{"line":135,"column":5}}]},"34":{"type":"branch","line":136,"loc":{"start":{"line":136,"column":-1},"end":{"line":137,"column":21}},"locations":[{"start":{"line":136,"column":-1},"end":{"line":137,"column":21}}]},"35":{"type":"branch","line":137,"loc":{"start":{"line":137,"column":21},"end":{"line":139,"column":5}},"locations":[{"start":{"line":137,"column":21},"end":{"line":139,"column":5}}]},"36":{"type":"branch","line":140,"loc":{"start":{"line":140,"column":-1},"end":{"line":141,"column":19}},"locations":[{"start":{"line":140,"column":-1},"end":{"line":141,"column":19}}]},"37":{"type":"branch","line":141,"loc":{"start":{"line":141,"column":19},"end":{"line":143,"column":5}},"locations":[{"start":{"line":141,"column":19},"end":{"line":143,"column":5}}]},"38":{"type":"branch","line":144,"loc":{"start":{"line":144,"column":-1},"end":{"line":145,"column":20}},"locations":[{"start":{"line":144,"column":-1},"end":{"line":145,"column":20}}]},"39":{"type":"branch","line":145,"loc":{"start":{"line":145,"column":20},"end":{"line":155,"column":5}},"locations":[{"start":{"line":145,"column":20},"end":{"line":155,"column":5}}]},"40":{"type":"branch","line":146,"loc":{"start":{"line":146,"column":36},"end":{"line":148,"column":7}},"locations":[{"start":{"line":146,"column":36},"end":{"line":148,"column":7}}]},"41":{"type":"branch","line":149,"loc":{"start":{"line":149,"column":-1},"end":{"line":150,"column":32}},"locations":[{"start":{"line":149,"column":-1},"end":{"line":150,"column":32}}]},"42":{"type":"branch","line":150,"loc":{"start":{"line":150,"column":32},"end":{"line":152,"column":7}},"locations":[{"start":{"line":150,"column":32},"end":{"line":152,"column":7}}]},"43":{"type":"branch","line":153,"loc":{"start":{"line":153,"column":-1},"end":{"line":155,"column":5}},"locations":[{"start":{"line":153,"column":-1},"end":{"line":155,"column":5}}]},"44":{"type":"branch","line":156,"loc":{"start":{"line":156,"column":-1},"end":{"line":158,"column":3}},"locations":[{"start":{"line":156,"column":-1},"end":{"line":158,"column":3}}]},"45":{"type":"branch","line":160,"loc":{"start":{"line":160,"column":2},"end":{"line":180,"column":3}},"locations":[{"start":{"line":160,"column":2},"end":{"line":180,"column":3}}]},"46":{"type":"branch","line":169,"loc":{"start":{"line":169,"column":22},"end":{"line":177,"column":5}},"locations":[{"start":{"line":169,"column":22},"end":{"line":177,"column":5}}]},"47":{"type":"branch","line":170,"loc":{"start":{"line":170,"column":23},"end":{"line":174,"column":13}},"locations":[{"start":{"line":170,"column":23},"end":{"line":174,"column":13}}]},"48":{"type":"branch","line":171,"loc":{"start":{"line":171,"column":23},"end":{"line":173,"column":9}},"locations":[{"start":{"line":171,"column":23},"end":{"line":173,"column":9}}]},"49":{"type":"branch","line":174,"loc":{"start":{"line":174,"column":7},"end":{"line":176,"column":7}},"locations":[{"start":{"line":174,"column":7},"end":{"line":176,"column":7}}]},"50":{"type":"branch","line":174,"loc":{"start":{"line":174,"column":28},"end":{"line":176,"column":7}},"locations":[{"start":{"line":174,"column":28},"end":{"line":176,"column":7}}]},"51":{"type":"branch","line":182,"loc":{"start":{"line":182,"column":2},"end":{"line":194,"column":3}},"locations":[{"start":{"line":182,"column":2},"end":{"line":194,"column":3}}]},"52":{"type":"branch","line":189,"loc":{"start":{"line":189,"column":20},"end":{"line":191,"column":5}},"locations":[{"start":{"line":189,"column":20},"end":{"line":191,"column":5}}]},"53":{"type":"branch","line":192,"loc":{"start":{"line":192,"column":-1},"end":{"line":194,"column":3}},"locations":[{"start":{"line":192,"column":-1},"end":{"line":194,"column":3}}]},"54":{"type":"branch","line":197,"loc":{"start":{"line":197,"column":0},"end":{"line":199,"column":1}},"locations":[{"start":{"line":197,"column":0},"end":{"line":199,"column":1}}]},"55":{"type":"branch","line":201,"loc":{"start":{"line":201,"column":0},"end":{"line":203,"column":1}},"locations":[{"start":{"line":201,"column":0},"end":{"line":203,"column":1}}]}},"b":{"0":[1],"1":[35],"2":[3],"3":[32],"4":[29],"5":[3],"6":[2],"7":[1],"8":[1],"9":[3],"10":[3],"11":[2],"12":[1],"13":[1],"14":[29],"15":[29],"16":[2],"17":[27],"18":[12],"19":[18],"20":[14],"21":[8],"22":[64],"23":[34],"24":[2],"25":[32],"26":[1],"27":[31],"28":[29],"29":[1],"30":[28],"31":[1],"32":[27],"33":[2],"34":[30],"35":[3],"36":[27],"37":[1],"38":[26],"39":[24],"40":[9],"41":[15],"42":[1],"43":[14],"44":[2],"45":[35],"46":[8],"47":[6],"48":[3],"49":[2],"50":[1],"51":[29],"52":[3],"53":[26],"54":[32],"55":[35]},"fnMap":{"0":{"name":"Model","decl":{"start":{"line":13,"column":2},"end":{"line":15,"column":3}},"loc":{"start":{"line":13,"column":2},"end":{"line":15,"column":3}},"line":13},"1":{"name":"update","decl":{"start":{"line":17,"column":2},"end":{"line":69,"column":3}},"loc":{"start":{"line":17,"column":2},"end":{"line":69,"column":3}},"line":17},"2":{"name":"assignToNearest","decl":{"start":{"line":26,"column":28},"end":{"line":36,"column":5}},"loc":{"start":{"line":26,"column":28},"end":{"line":36,"column":5}},"line":26},"3":{"name":"normalizeState","decl":{"start":{"line":71,"column":2},"end":{"line":83,"column":3}},"loc":{"start":{"line":71,"column":2},"end":{"line":83,"column":3}},"line":71},"4":{"name":"normalizeStep","decl":{"start":{"line":85,"column":2},"end":{"line":103,"column":3}},"loc":{"start":{"line":85,"column":2},"end":{"line":103,"column":3}},"line":85},"5":{"name":"normalizeValue","decl":{"start":{"line":105,"column":2},"end":{"line":158,"column":3}},"loc":{"start":{"line":105,"column":2},"end":{"line":158,"column":3}},"line":105},"6":{"name":"sortValues","decl":{"start":{"line":160,"column":2},"end":{"line":180,"column":3}},"loc":{"start":{"line":160,"column":2},"end":{"line":180,"column":3}},"line":160},"7":{"name":"getModulo","decl":{"start":{"line":182,"column":2},"end":{"line":194,"column":3}},"loc":{"start":{"line":182,"column":2},"end":{"line":194,"column":3}},"line":182},"8":{"name":"isDragMessage","decl":{"start":{"line":197,"column":0},"end":{"line":199,"column":1}},"loc":{"start":{"line":197,"column":0},"end":{"line":199,"column":1}},"line":197},"9":{"name":"isBarMessage","decl":{"start":{"line":201,"column":0},"end":{"line":203,"column":1}},"loc":{"start":{"line":201,"column":0},"end":{"line":203,"column":1}},"line":201}},"f":{"0":1,"1":35,"2":3,"3":29,"4":29,"5":64,"6":35,"7":29,"8":32,"9":35}}
,"C:\\Users\\User\\test\\toxin-slider\\src\\progress-bar.ts": {"path":"C:\\Users\\User\\test\\toxin-slider\\src\\progress-bar.ts","all":false,"statementMap":{"0":{"start":{"line":1,"column":0},"end":{"line":1,"column":23}},"1":{"start":{"line":2,"column":0},"end":{"line":2,"column":0}},"2":{"start":{"line":3,"column":0},"end":{"line":3,"column":103}},"3":{"start":{"line":4,"column":0},"end":{"line":4,"column":0}},"4":{"start":{"line":5,"column":0},"end":{"line":5,"column":34}},"5":{"start":{"line":6,"column":0},"end":{"line":6,"column":32}},"6":{"start":{"line":7,"column":0},"end":{"line":7,"column":0}},"7":{"start":{"line":8,"column":0},"end":{"line":8,"column":71}},"8":{"start":{"line":9,"column":0},"end":{"line":9,"column":40}},"9":{"start":{"line":10,"column":0},"end":{"line":10,"column":0}},"10":{"start":{"line":11,"column":0},"end":{"line":11,"column":43}},"11":{"start":{"line":12,"column":0},"end":{"line":12,"column":39}},"12":{"start":{"line":13,"column":0},"end":{"line":13,"column":0}},"13":{"start":{"line":14,"column":0},"end":{"line":14,"column":23}},"14":{"start":{"line":15,"column":0},"end":{"line":15,"column":3}},"15":{"start":{"line":16,"column":0},"end":{"line":16,"column":0}},"16":{"start":{"line":17,"column":0},"end":{"line":17,"column":48}},"17":{"start":{"line":18,"column":0},"end":{"line":18,"column":26}},"18":{"start":{"line":19,"column":0},"end":{"line":19,"column":18}},"19":{"start":{"line":20,"column":0},"end":{"line":20,"column":22}},"20":{"start":{"line":21,"column":0},"end":{"line":21,"column":82}},"21":{"start":{"line":22,"column":0},"end":{"line":22,"column":77}},"22":{"start":{"line":23,"column":0},"end":{"line":23,"column":6}},"23":{"start":{"line":24,"column":0},"end":{"line":24,"column":0}},"24":{"start":{"line":25,"column":0},"end":{"line":25,"column":23}},"25":{"start":{"line":26,"column":0},"end":{"line":26,"column":70}},"26":{"start":{"line":27,"column":0},"end":{"line":27,"column":12}},"27":{"start":{"line":28,"column":0},"end":{"line":28,"column":73}},"28":{"start":{"line":29,"column":0},"end":{"line":29,"column":5}},"29":{"start":{"line":30,"column":0},"end":{"line":30,"column":0}},"30":{"start":{"line":31,"column":0},"end":{"line":31,"column":16}},"31":{"start":{"line":32,"column":0},"end":{"line":32,"column":3}},"32":{"start":{"line":33,"column":0},"end":{"line":33,"column":1}}},"s":{"0":1,"1":1,"2":1,"3":1,"4":1,"5":1,"6":1,"7":1,"8":2,"9":2,"10":2,"11":2,"12":2,"13":2,"14":2,"15":1,"16":1,"17":12,"18":12,"19":12,"20":12,"21":12,"22":12,"23":12,"24":12,"25":7,"26":12,"27":5,"28":5,"29":12,"30":12,"31":12,"32":1},"branchMap":{"0":{"type":"branch","line":8,"loc":{"start":{"line":8,"column":2},"end":{"line":15,"column":3}},"locations":[{"start":{"line":8,"column":2},"end":{"line":15,"column":3}}]},"1":{"type":"branch","line":17,"loc":{"start":{"line":17,"column":2},"end":{"line":32,"column":3}},"locations":[{"start":{"line":17,"column":2},"end":{"line":32,"column":3}}]},"2":{"type":"branch","line":21,"loc":{"start":{"line":21,"column":8},"end":{"line":21,"column":82}},"locations":[{"start":{"line":21,"column":8},"end":{"line":21,"column":82}}]},"3":{"type":"branch","line":22,"loc":{"start":{"line":22,"column":8},"end":{"line":22,"column":76}},"locations":[{"start":{"line":22,"column":8},"end":{"line":22,"column":76}}]},"4":{"type":"branch","line":25,"loc":{"start":{"line":25,"column":22},"end":{"line":27,"column":11}},"locations":[{"start":{"line":25,"column":22},"end":{"line":27,"column":11}}]},"5":{"type":"branch","line":27,"loc":{"start":{"line":27,"column":5},"end":{"line":29,"column":5}},"locations":[{"start":{"line":27,"column":5},"end":{"line":29,"column":5}}]}},"b":{"0":[2],"1":[12],"2":[7],"3":[5],"4":[7],"5":[5]},"fnMap":{"0":{"name":"ProgressBar","decl":{"start":{"line":8,"column":2},"end":{"line":15,"column":3}},"loc":{"start":{"line":8,"column":2},"end":{"line":15,"column":3}},"line":8},"1":{"name":"update","decl":{"start":{"line":17,"column":2},"end":{"line":32,"column":3}},"loc":{"start":{"line":17,"column":2},"end":{"line":32,"column":3}},"line":17}},"f":{"0":2,"1":12}}
,"C:\\Users\\User\\test\\toxin-slider\\src\\thumb.ts": {"path":"C:\\Users\\User\\test\\toxin-slider\\src\\thumb.ts","all":false,"statementMap":{"0":{"start":{"line":1,"column":0},"end":{"line":1,"column":23}},"1":{"start":{"line":2,"column":0},"end":{"line":2,"column":0}},"2":{"start":{"line":3,"column":0},"end":{"line":3,"column":96}},"3":{"start":{"line":4,"column":0},"end":{"line":4,"column":101}},"4":{"start":{"line":5,"column":0},"end":{"line":5,"column":0}},"5":{"start":{"line":6,"column":0},"end":{"line":6,"column":20}},"6":{"start":{"line":7,"column":0},"end":{"line":7,"column":12}},"7":{"start":{"line":8,"column":0},"end":{"line":8,"column":7}},"8":{"start":{"line":9,"column":0},"end":{"line":9,"column":10}},"9":{"start":{"line":10,"column":0},"end":{"line":10,"column":1}},"10":{"start":{"line":11,"column":0},"end":{"line":11,"column":0}},"11":{"start":{"line":12,"column":0},"end":{"line":12,"column":28}},"12":{"start":{"line":13,"column":0},"end":{"line":13,"column":28}},"13":{"start":{"line":14,"column":0},"end":{"line":14,"column":0}},"14":{"start":{"line":15,"column":0},"end":{"line":15,"column":26}},"15":{"start":{"line":16,"column":0},"end":{"line":16,"column":0}},"16":{"start":{"line":17,"column":0},"end":{"line":17,"column":28}},"17":{"start":{"line":18,"column":0},"end":{"line":18,"column":0}},"18":{"start":{"line":19,"column":0},"end":{"line":19,"column":23}},"19":{"start":{"line":20,"column":0},"end":{"line":20,"column":13}},"20":{"start":{"line":21,"column":0},"end":{"line":21,"column":16}},"21":{"start":{"line":22,"column":0},"end":{"line":22,"column":22}},"22":{"start":{"line":23,"column":0},"end":{"line":23,"column":18}},"23":{"start":{"line":24,"column":0},"end":{"line":24,"column":25}},"24":{"start":{"line":25,"column":0},"end":{"line":25,"column":14}},"25":{"start":{"line":26,"column":0},"end":{"line":26,"column":4}},"26":{"start":{"line":27,"column":0},"end":{"line":27,"column":0}},"27":{"start":{"line":28,"column":0},"end":{"line":28,"column":20}},"28":{"start":{"line":29,"column":0},"end":{"line":29,"column":35}},"29":{"start":{"line":30,"column":0},"end":{"line":30,"column":19}},"30":{"start":{"line":31,"column":0},"end":{"line":31,"column":23}},"31":{"start":{"line":32,"column":0},"end":{"line":32,"column":19}},"32":{"start":{"line":33,"column":0},"end":{"line":33,"column":22}},"33":{"start":{"line":34,"column":0},"end":{"line":34,"column":22}},"34":{"start":{"line":35,"column":0},"end":{"line":35,"column":4}},"35":{"start":{"line":36,"column":0},"end":{"line":36,"column":0}},"36":{"start":{"line":37,"column":0},"end":{"line":37,"column":62}},"37":{"start":{"line":38,"column":0},"end":{"line":38,"column":64}},"38":{"start":{"line":39,"column":0},"end":{"line":39,"column":52}},"39":{"start":{"line":40,"column":0},"end":{"line":40,"column":0}},"40":{"start":{"line":41,"column":0},"end":{"line":41,"column":65}},"41":{"start":{"line":42,"column":0},"end":{"line":42,"column":40}},"42":{"start":{"line":43,"column":0},"end":{"line":43,"column":0}},"43":{"start":{"line":44,"column":0},"end":{"line":44,"column":35}},"44":{"start":{"line":45,"column":0},"end":{"line":45,"column":53}},"45":{"start":{"line":46,"column":0},"end":{"line":46,"column":49}},"46":{"start":{"line":47,"column":0},"end":{"line":47,"column":0}},"47":{"start":{"line":48,"column":0},"end":{"line":48,"column":71}},"48":{"start":{"line":49,"column":0},"end":{"line":49,"column":0}},"49":{"start":{"line":50,"column":0},"end":{"line":50,"column":23}},"50":{"start":{"line":51,"column":0},"end":{"line":51,"column":3}},"51":{"start":{"line":52,"column":0},"end":{"line":52,"column":0}},"52":{"start":{"line":53,"column":0},"end":{"line":53,"column":36}},"53":{"start":{"line":54,"column":0},"end":{"line":54,"column":45}},"54":{"start":{"line":55,"column":0},"end":{"line":55,"column":0}},"55":{"start":{"line":56,"column":0},"end":{"line":56,"column":20}},"56":{"start":{"line":57,"column":0},"end":{"line":57,"column":0}},"57":{"start":{"line":58,"column":0},"end":{"line":58,"column":100}},"58":{"start":{"line":59,"column":0},"end":{"line":59,"column":0}},"59":{"start":{"line":60,"column":0},"end":{"line":60,"column":23}},"60":{"start":{"line":61,"column":0},"end":{"line":61,"column":57}},"61":{"start":{"line":62,"column":0},"end":{"line":62,"column":12}},"62":{"start":{"line":63,"column":0},"end":{"line":63,"column":60}},"63":{"start":{"line":64,"column":0},"end":{"line":64,"column":5}},"64":{"start":{"line":65,"column":0},"end":{"line":65,"column":0}},"65":{"start":{"line":66,"column":0},"end":{"line":66,"column":30}},"66":{"start":{"line":67,"column":0},"end":{"line":67,"column":67}},"67":{"start":{"line":68,"column":0},"end":{"line":68,"column":12}},"68":{"start":{"line":69,"column":0},"end":{"line":69,"column":70}},"69":{"start":{"line":70,"column":0},"end":{"line":70,"column":5}},"70":{"start":{"line":71,"column":0},"end":{"line":71,"column":0}},"71":{"start":{"line":72,"column":0},"end":{"line":72,"column":16}},"72":{"start":{"line":73,"column":0},"end":{"line":73,"column":3}},"73":{"start":{"line":74,"column":0},"end":{"line":74,"column":0}},"74":{"start":{"line":75,"column":0},"end":{"line":75,"column":25}},"75":{"start":{"line":76,"column":0},"end":{"line":76,"column":82}},"76":{"start":{"line":77,"column":0},"end":{"line":77,"column":3}},"77":{"start":{"line":78,"column":0},"end":{"line":78,"column":0}},"78":{"start":{"line":79,"column":0},"end":{"line":79,"column":33}},"79":{"start":{"line":80,"column":0},"end":{"line":80,"column":30}},"80":{"start":{"line":81,"column":0},"end":{"line":81,"column":3}},"81":{"start":{"line":82,"column":0},"end":{"line":82,"column":0}},"82":{"start":{"line":83,"column":0},"end":{"line":83,"column":28}},"83":{"start":{"line":84,"column":0},"end":{"line":84,"column":24}},"84":{"start":{"line":85,"column":0},"end":{"line":85,"column":28}},"85":{"start":{"line":86,"column":0},"end":{"line":86,"column":7}},"86":{"start":{"line":87,"column":0},"end":{"line":87,"column":43}},"87":{"start":{"line":88,"column":0},"end":{"line":88,"column":43}},"88":{"start":{"line":89,"column":0},"end":{"line":89,"column":32}},"89":{"start":{"line":90,"column":0},"end":{"line":90,"column":8}},"90":{"start":{"line":91,"column":0},"end":{"line":91,"column":6}},"91":{"start":{"line":92,"column":0},"end":{"line":92,"column":0}},"92":{"start":{"line":93,"column":0},"end":{"line":93,"column":16}},"93":{"start":{"line":94,"column":0},"end":{"line":94,"column":3}},"94":{"start":{"line":95,"column":0},"end":{"line":95,"column":0}},"95":{"start":{"line":96,"column":0},"end":{"line":96,"column":29}},"96":{"start":{"line":97,"column":0},"end":{"line":97,"column":51}},"97":{"start":{"line":98,"column":0},"end":{"line":98,"column":40}},"98":{"start":{"line":99,"column":0},"end":{"line":99,"column":0}},"99":{"start":{"line":100,"column":0},"end":{"line":100,"column":53}},"100":{"start":{"line":101,"column":0},"end":{"line":101,"column":55}},"101":{"start":{"line":102,"column":0},"end":{"line":102,"column":10}},"102":{"start":{"line":103,"column":0},"end":{"line":103,"column":0}},"103":{"start":{"line":104,"column":0},"end":{"line":104,"column":16}},"104":{"start":{"line":105,"column":0},"end":{"line":105,"column":3}},"105":{"start":{"line":106,"column":0},"end":{"line":106,"column":1}},"106":{"start":{"line":107,"column":0},"end":{"line":107,"column":0}},"107":{"start":{"line":108,"column":0},"end":{"line":108,"column":61}},"108":{"start":{"line":109,"column":0},"end":{"line":109,"column":51}},"109":{"start":{"line":110,"column":0},"end":{"line":110,"column":9}},"110":{"start":{"line":111,"column":0},"end":{"line":111,"column":11}},"111":{"start":{"line":112,"column":0},"end":{"line":112,"column":13}},"112":{"start":{"line":113,"column":0},"end":{"line":113,"column":10}},"113":{"start":{"line":114,"column":0},"end":{"line":114,"column":9}},"114":{"start":{"line":115,"column":0},"end":{"line":115,"column":12}},"115":{"start":{"line":116,"column":0},"end":{"line":116,"column":0}},"116":{"start":{"line":117,"column":0},"end":{"line":117,"column":25}},"117":{"start":{"line":118,"column":0},"end":{"line":118,"column":55}},"118":{"start":{"line":119,"column":0},"end":{"line":119,"column":51}},"119":{"start":{"line":120,"column":0},"end":{"line":120,"column":10}},"120":{"start":{"line":121,"column":0},"end":{"line":121,"column":56}},"121":{"start":{"line":122,"column":0},"end":{"line":122,"column":50}},"122":{"start":{"line":123,"column":0},"end":{"line":123,"column":3}},"123":{"start":{"line":124,"column":0},"end":{"line":124,"column":0}},"124":{"start":{"line":125,"column":0},"end":{"line":125,"column":40}},"125":{"start":{"line":126,"column":0},"end":{"line":126,"column":33}},"126":{"start":{"line":127,"column":0},"end":{"line":127,"column":35}},"127":{"start":{"line":128,"column":0},"end":{"line":128,"column":0}},"128":{"start":{"line":129,"column":0},"end":{"line":129,"column":36}},"129":{"start":{"line":130,"column":0},"end":{"line":130,"column":33}},"130":{"start":{"line":131,"column":0},"end":{"line":131,"column":33}},"131":{"start":{"line":132,"column":0},"end":{"line":132,"column":0}},"132":{"start":{"line":133,"column":0},"end":{"line":133,"column":40}},"133":{"start":{"line":134,"column":0},"end":{"line":134,"column":26}},"134":{"start":{"line":135,"column":0},"end":{"line":135,"column":27}},"135":{"start":{"line":136,"column":0},"end":{"line":136,"column":0}},"136":{"start":{"line":137,"column":0},"end":{"line":137,"column":62}},"137":{"start":{"line":138,"column":0},"end":{"line":138,"column":0}},"138":{"start":{"line":139,"column":0},"end":{"line":139,"column":57}},"139":{"start":{"line":140,"column":0},"end":{"line":140,"column":63}},"140":{"start":{"line":141,"column":0},"end":{"line":141,"column":0}},"141":{"start":{"line":142,"column":0},"end":{"line":142,"column":37}},"142":{"start":{"line":143,"column":0},"end":{"line":143,"column":42}},"143":{"start":{"line":144,"column":0},"end":{"line":144,"column":55}},"144":{"start":{"line":145,"column":0},"end":{"line":145,"column":0}},"145":{"start":{"line":146,"column":0},"end":{"line":146,"column":75}},"146":{"start":{"line":147,"column":0},"end":{"line":147,"column":69}},"147":{"start":{"line":148,"column":0},"end":{"line":148,"column":1}},"148":{"start":{"line":149,"column":0},"end":{"line":149,"column":0}},"149":{"start":{"line":150,"column":0},"end":{"line":150,"column":61}},"150":{"start":{"line":151,"column":0},"end":{"line":151,"column":51}},"151":{"start":{"line":152,"column":0},"end":{"line":152,"column":32}},"152":{"start":{"line":153,"column":0},"end":{"line":153,"column":0}},"153":{"start":{"line":154,"column":0},"end":{"line":154,"column":40}},"154":{"start":{"line":155,"column":0},"end":{"line":155,"column":26}},"155":{"start":{"line":156,"column":0},"end":{"line":156,"column":27}},"156":{"start":{"line":157,"column":0},"end":{"line":157,"column":0}},"157":{"start":{"line":158,"column":0},"end":{"line":158,"column":44}},"158":{"start":{"line":159,"column":0},"end":{"line":159,"column":39}},"159":{"start":{"line":160,"column":0},"end":{"line":160,"column":24}},"160":{"start":{"line":161,"column":0},"end":{"line":161,"column":10}},"161":{"start":{"line":162,"column":0},"end":{"line":162,"column":51}},"162":{"start":{"line":163,"column":0},"end":{"line":163,"column":39}},"163":{"start":{"line":164,"column":0},"end":{"line":164,"column":9}},"164":{"start":{"line":165,"column":0},"end":{"line":165,"column":25}},"165":{"start":{"line":166,"column":0},"end":{"line":166,"column":10}},"166":{"start":{"line":167,"column":0},"end":{"line":167,"column":39}},"167":{"start":{"line":168,"column":0},"end":{"line":168,"column":43}},"168":{"start":{"line":169,"column":0},"end":{"line":169,"column":44}},"169":{"start":{"line":170,"column":0},"end":{"line":170,"column":3}},"170":{"start":{"line":171,"column":0},"end":{"line":171,"column":0}},"171":{"start":{"line":172,"column":0},"end":{"line":172,"column":62}},"172":{"start":{"line":173,"column":0},"end":{"line":173,"column":0}},"173":{"start":{"line":174,"column":0},"end":{"line":174,"column":26}},"174":{"start":{"line":175,"column":0},"end":{"line":175,"column":1}},"175":{"start":{"line":176,"column":0},"end":{"line":176,"column":0}},"176":{"start":{"line":177,"column":0},"end":{"line":177,"column":59}},"177":{"start":{"line":178,"column":0},"end":{"line":178,"column":51}},"178":{"start":{"line":179,"column":0},"end":{"line":179,"column":25}},"179":{"start":{"line":180,"column":0},"end":{"line":180,"column":0}},"180":{"start":{"line":181,"column":0},"end":{"line":181,"column":65}},"181":{"start":{"line":182,"column":0},"end":{"line":182,"column":59}},"182":{"start":{"line":183,"column":0},"end":{"line":183,"column":0}},"183":{"start":{"line":184,"column":0},"end":{"line":184,"column":23}},"184":{"start":{"line":185,"column":0},"end":{"line":185,"column":0}},"185":{"start":{"line":186,"column":0},"end":{"line":186,"column":26}},"186":{"start":{"line":187,"column":0},"end":{"line":187,"column":1}}},"s":{"0":1,"1":1,"2":1,"3":1,"4":1,"5":1,"6":1,"7":1,"8":1,"9":1,"10":1,"11":1,"12":1,"13":1,"14":1,"15":1,"16":1,"17":1,"18":1,"19":1,"20":1,"21":1,"22":1,"23":1,"24":1,"25":1,"26":1,"27":1,"28":1,"29":1,"30":1,"31":1,"32":1,"33":1,"34":1,"35":1,"36":1,"37":1,"38":1,"39":1,"40":1,"41":4,"42":4,"43":4,"44":4,"45":4,"46":4,"47":4,"48":4,"49":4,"50":4,"51":1,"52":1,"53":30,"54":30,"55":30,"56":30,"57":30,"58":30,"59":30,"60":6,"61":30,"62":24,"63":24,"64":30,"65":30,"66":5,"67":30,"68":25,"69":25,"70":30,"71":30,"72":30,"73":1,"74":1,"75":42,"76":42,"77":1,"78":1,"79":2,"80":2,"81":1,"82":1,"83":16,"84":16,"85":16,"86":16,"87":16,"88":16,"89":16,"90":16,"91":16,"92":16,"93":16,"94":1,"95":1,"96":30,"97":30,"98":30,"99":30,"100":30,"101":30,"102":30,"103":30,"104":30,"105":1,"106":1,"107":6,"108":6,"109":6,"110":6,"111":6,"112":6,"113":6,"114":6,"115":6,"116":6,"117":3,"118":3,"119":3,"120":3,"121":3,"122":3,"123":6,"124":6,"125":6,"126":6,"127":6,"128":6,"129":6,"130":6,"131":6,"132":6,"133":6,"134":6,"135":6,"136":6,"137":6,"138":6,"139":6,"140":6,"141":6,"142":6,"143":6,"144":6,"145":6,"146":6,"147":6,"148":1,"149":10,"150":10,"151":10,"152":10,"153":10,"154":10,"155":10,"156":10,"157":10,"158":2,"159":2,"160":2,"161":10,"162":2,"163":2,"164":2,"165":8,"166":6,"167":6,"168":6,"169":6,"170":10,"171":10,"172":10,"173":10,"174":10,"175":1,"176":6,"177":6,"178":6,"179":6,"180":6,"181":6,"182":6,"183":6,"184":6,"185":6,"186":6},"branchMap":{"0":{"type":"branch","line":6,"loc":{"start":{"line":6,"column":0},"end":{"line":10,"column":1}},"locations":[{"start":{"line":6,"column":0},"end":{"line":10,"column":1}}]},"1":{"type":"branch","line":41,"loc":{"start":{"line":41,"column":2},"end":{"line":51,"column":3}},"locations":[{"start":{"line":41,"column":2},"end":{"line":51,"column":3}}]},"2":{"type":"branch","line":53,"loc":{"start":{"line":53,"column":2},"end":{"line":73,"column":3}},"locations":[{"start":{"line":53,"column":2},"end":{"line":73,"column":3}}]},"3":{"type":"branch","line":58,"loc":{"start":{"line":58,"column":90},"end":{"line":58,"column":94}},"locations":[{"start":{"line":58,"column":90},"end":{"line":58,"column":94}}]},"4":{"type":"branch","line":60,"loc":{"start":{"line":60,"column":22},"end":{"line":62,"column":11}},"locations":[{"start":{"line":60,"column":22},"end":{"line":62,"column":11}}]},"5":{"type":"branch","line":62,"loc":{"start":{"line":62,"column":5},"end":{"line":64,"column":5}},"locations":[{"start":{"line":62,"column":5},"end":{"line":64,"column":5}}]},"6":{"type":"branch","line":66,"loc":{"start":{"line":66,"column":29},"end":{"line":68,"column":11}},"locations":[{"start":{"line":66,"column":29},"end":{"line":68,"column":11}}]},"7":{"type":"branch","line":68,"loc":{"start":{"line":68,"column":5},"end":{"line":70,"column":5}},"locations":[{"start":{"line":68,"column":5},"end":{"line":70,"column":5}}]},"8":{"type":"branch","line":75,"loc":{"start":{"line":75,"column":2},"end":{"line":77,"column":3}},"locations":[{"start":{"line":75,"column":2},"end":{"line":77,"column":3}}]},"9":{"type":"branch","line":76,"loc":{"start":{"line":76,"column":39},"end":{"line":76,"column":60}},"locations":[{"start":{"line":76,"column":39},"end":{"line":76,"column":60}}]},"10":{"type":"branch","line":76,"loc":{"start":{"line":76,"column":61},"end":{"line":76,"column":81}},"locations":[{"start":{"line":76,"column":61},"end":{"line":76,"column":81}}]},"11":{"type":"branch","line":79,"loc":{"start":{"line":79,"column":2},"end":{"line":81,"column":3}},"locations":[{"start":{"line":79,"column":2},"end":{"line":81,"column":3}}]},"12":{"type":"branch","line":83,"loc":{"start":{"line":83,"column":2},"end":{"line":94,"column":3}},"locations":[{"start":{"line":83,"column":2},"end":{"line":94,"column":3}}]},"13":{"type":"branch","line":96,"loc":{"start":{"line":96,"column":10},"end":{"line":105,"column":3}},"locations":[{"start":{"line":96,"column":10},"end":{"line":105,"column":3}}]},"14":{"type":"branch","line":97,"loc":{"start":{"line":97,"column":39},"end":{"line":97,"column":44}},"locations":[{"start":{"line":97,"column":39},"end":{"line":97,"column":44}}]},"15":{"type":"branch","line":97,"loc":{"start":{"line":97,"column":45},"end":{"line":97,"column":50}},"locations":[{"start":{"line":97,"column":45},"end":{"line":97,"column":50}}]},"16":{"type":"branch","line":101,"loc":{"start":{"line":101,"column":19},"end":{"line":101,"column":37}},"locations":[{"start":{"line":101,"column":19},"end":{"line":101,"column":37}}]},"17":{"type":"branch","line":101,"loc":{"start":{"line":101,"column":38},"end":{"line":101,"column":55}},"locations":[{"start":{"line":101,"column":38},"end":{"line":101,"column":55}}]},"18":{"type":"branch","line":108,"loc":{"start":{"line":108,"column":0},"end":{"line":148,"column":1}},"locations":[{"start":{"line":108,"column":0},"end":{"line":148,"column":1}}]},"19":{"type":"branch","line":117,"loc":{"start":{"line":117,"column":24},"end":{"line":123,"column":3}},"locations":[{"start":{"line":117,"column":24},"end":{"line":123,"column":3}}]},"20":{"type":"branch","line":118,"loc":{"start":{"line":118,"column":44},"end":{"line":118,"column":46}},"locations":[{"start":{"line":118,"column":44},"end":{"line":118,"column":46}}]},"21":{"type":"branch","line":118,"loc":{"start":{"line":118,"column":49},"end":{"line":118,"column":54}},"locations":[{"start":{"line":118,"column":49},"end":{"line":118,"column":54}}]},"22":{"type":"branch","line":119,"loc":{"start":{"line":119,"column":45},"end":{"line":119,"column":50}},"locations":[{"start":{"line":119,"column":45},"end":{"line":119,"column":50}}]},"23":{"type":"branch","line":121,"loc":{"start":{"line":121,"column":44},"end":{"line":121,"column":46}},"locations":[{"start":{"line":121,"column":44},"end":{"line":121,"column":46}}]},"24":{"type":"branch","line":121,"loc":{"start":{"line":121,"column":50},"end":{"line":121,"column":55}},"locations":[{"start":{"line":121,"column":50},"end":{"line":121,"column":55}}]},"25":{"type":"branch","line":122,"loc":{"start":{"line":122,"column":44},"end":{"line":122,"column":49}},"locations":[{"start":{"line":122,"column":44},"end":{"line":122,"column":49}}]},"26":{"type":"branch","line":126,"loc":{"start":{"line":126,"column":4},"end":{"line":126,"column":33}},"locations":[{"start":{"line":126,"column":4},"end":{"line":126,"column":33}}]},"27":{"type":"branch","line":126,"loc":{"start":{"line":126,"column":22},"end":{"line":126,"column":24}},"locations":[{"start":{"line":126,"column":22},"end":{"line":126,"column":24}}]},"28":{"type":"branch","line":126,"loc":{"start":{"line":126,"column":27},"end":{"line":126,"column":32}},"locations":[{"start":{"line":126,"column":27},"end":{"line":126,"column":32}}]},"29":{"type":"branch","line":127,"loc":{"start":{"line":127,"column":4},"end":{"line":127,"column":34}},"locations":[{"start":{"line":127,"column":4},"end":{"line":127,"column":34}}]},"30":{"type":"branch","line":127,"loc":{"start":{"line":127,"column":22},"end":{"line":127,"column":24}},"locations":[{"start":{"line":127,"column":22},"end":{"line":127,"column":24}}]},"31":{"type":"branch","line":127,"loc":{"start":{"line":127,"column":28},"end":{"line":127,"column":33}},"locations":[{"start":{"line":127,"column":28},"end":{"line":127,"column":33}}]},"32":{"type":"branch","line":130,"loc":{"start":{"line":130,"column":4},"end":{"line":130,"column":33}},"locations":[{"start":{"line":130,"column":4},"end":{"line":130,"column":33}}]},"33":{"type":"branch","line":130,"loc":{"start":{"line":130,"column":27},"end":{"line":130,"column":32}},"locations":[{"start":{"line":130,"column":27},"end":{"line":130,"column":32}}]},"34":{"type":"branch","line":131,"loc":{"start":{"line":131,"column":4},"end":{"line":131,"column":32}},"locations":[{"start":{"line":131,"column":4},"end":{"line":131,"column":32}}]},"35":{"type":"branch","line":131,"loc":{"start":{"line":131,"column":26},"end":{"line":131,"column":31}},"locations":[{"start":{"line":131,"column":26},"end":{"line":131,"column":31}}]},"36":{"type":"branch","line":134,"loc":{"start":{"line":134,"column":4},"end":{"line":134,"column":26}},"locations":[{"start":{"line":134,"column":4},"end":{"line":134,"column":26}}]},"37":{"type":"branch","line":134,"loc":{"start":{"line":134,"column":20},"end":{"line":134,"column":25}},"locations":[{"start":{"line":134,"column":20},"end":{"line":134,"column":25}}]},"38":{"type":"branch","line":135,"loc":{"start":{"line":135,"column":4},"end":{"line":135,"column":26}},"locations":[{"start":{"line":135,"column":4},"end":{"line":135,"column":26}}]},"39":{"type":"branch","line":135,"loc":{"start":{"line":135,"column":20},"end":{"line":135,"column":25}},"locations":[{"start":{"line":135,"column":20},"end":{"line":135,"column":25}}]},"40":{"type":"branch","line":143,"loc":{"start":{"line":143,"column":4},"end":{"line":143,"column":42}},"locations":[{"start":{"line":143,"column":4},"end":{"line":143,"column":42}}]},"41":{"type":"branch","line":144,"loc":{"start":{"line":144,"column":4},"end":{"line":144,"column":54}},"locations":[{"start":{"line":144,"column":4},"end":{"line":144,"column":54}}]},"42":{"type":"branch","line":150,"loc":{"start":{"line":150,"column":0},"end":{"line":175,"column":1}},"locations":[{"start":{"line":150,"column":0},"end":{"line":175,"column":1}}]},"43":{"type":"branch","line":155,"loc":{"start":{"line":155,"column":4},"end":{"line":155,"column":26}},"locations":[{"start":{"line":155,"column":4},"end":{"line":155,"column":26}}]},"44":{"type":"branch","line":155,"loc":{"start":{"line":155,"column":20},"end":{"line":155,"column":25}},"locations":[{"start":{"line":155,"column":20},"end":{"line":155,"column":25}}]},"45":{"type":"branch","line":156,"loc":{"start":{"line":156,"column":4},"end":{"line":156,"column":26}},"locations":[{"start":{"line":156,"column":4},"end":{"line":156,"column":26}}]},"46":{"type":"branch","line":156,"loc":{"start":{"line":156,"column":20},"end":{"line":156,"column":25}},"locations":[{"start":{"line":156,"column":20},"end":{"line":156,"column":25}}]},"47":{"type":"branch","line":158,"loc":{"start":{"line":158,"column":43},"end":{"line":162,"column":9}},"locations":[{"start":{"line":158,"column":43},"end":{"line":162,"column":9}}]},"48":{"type":"branch","line":160,"loc":{"start":{"line":160,"column":6},"end":{"line":160,"column":24}},"locations":[{"start":{"line":160,"column":6},"end":{"line":160,"column":24}}]},"49":{"type":"branch","line":161,"loc":{"start":{"line":161,"column":6},"end":{"line":161,"column":9}},"locations":[{"start":{"line":161,"column":6},"end":{"line":161,"column":9}}]},"50":{"type":"branch","line":162,"loc":{"start":{"line":162,"column":3},"end":{"line":170,"column":3}},"locations":[{"start":{"line":162,"column":3},"end":{"line":170,"column":3}}]},"51":{"type":"branch","line":162,"loc":{"start":{"line":162,"column":50},"end":{"line":166,"column":9}},"locations":[{"start":{"line":162,"column":50},"end":{"line":166,"column":9}}]},"52":{"type":"branch","line":164,"loc":{"start":{"line":164,"column":6},"end":{"line":164,"column":9}},"locations":[{"start":{"line":164,"column":6},"end":{"line":164,"column":9}}]},"53":{"type":"branch","line":165,"loc":{"start":{"line":165,"column":6},"end":{"line":165,"column":24}},"locations":[{"start":{"line":165,"column":6},"end":{"line":165,"column":24}}]},"54":{"type":"branch","line":166,"loc":{"start":{"line":166,"column":3},"end":{"line":170,"column":3}},"locations":[{"start":{"line":166,"column":3},"end":{"line":170,"column":3}}]},"55":{"type":"branch","line":168,"loc":{"start":{"line":168,"column":6},"end":{"line":168,"column":43}},"locations":[{"start":{"line":168,"column":6},"end":{"line":168,"column":43}}]},"56":{"type":"branch","line":169,"loc":{"start":{"line":169,"column":6},"end":{"line":169,"column":43}},"locations":[{"start":{"line":169,"column":6},"end":{"line":169,"column":43}}]},"57":{"type":"branch","line":177,"loc":{"start":{"line":177,"column":0},"end":{"line":187,"column":1}},"locations":[{"start":{"line":177,"column":0},"end":{"line":187,"column":1}}]}},"b":{"0":[1],"1":[4],"2":[30],"3":[0],"4":[6],"5":[24],"6":[5],"7":[25],"8":[42],"9":[22],"10":[20],"11":[2],"12":[16],"13":[30],"14":[13],"15":[17],"16":[17],"17":[13],"18":[6],"19":[3],"20":[0],"21":[0],"22":[0],"23":[0],"24":[0],"25":[0],"26":[3],"27":[0],"28":[0],"29":[3],"30":[0],"31":[0],"32":[3],"33":[0],"34":[3],"35":[0],"36":[3],"37":[0],"38":[3],"39":[0],"40":[3],"41":[3],"42":[10],"43":[5],"44":[0],"45":[5],"46":[0],"47":[2],"48":[1],"49":[1],"50":[8],"51":[2],"52":[1],"53":[1],"54":[6],"55":[3],"56":[3],"57":[6]},"fnMap":{"0":{"name":"Thumb","decl":{"start":{"line":41,"column":2},"end":{"line":51,"column":3}},"loc":{"start":{"line":41,"column":2},"end":{"line":51,"column":3}},"line":41},"1":{"name":"update","decl":{"start":{"line":53,"column":2},"end":{"line":73,"column":3}},"loc":{"start":{"line":53,"column":2},"end":{"line":73,"column":3}},"line":53},"2":{"name":"getPosition","decl":{"start":{"line":75,"column":2},"end":{"line":77,"column":3}},"loc":{"start":{"line":75,"column":2},"end":{"line":77,"column":3}},"line":75},"3":{"name":"getDirection","decl":{"start":{"line":79,"column":2},"end":{"line":81,"column":3}},"loc":{"start":{"line":79,"column":2},"end":{"line":81,"column":3}},"line":79},"4":{"name":"sendDragMessage","decl":{"start":{"line":83,"column":2},"end":{"line":94,"column":3}},"loc":{"start":{"line":83,"column":2},"end":{"line":94,"column":3}},"line":83},"5":{"name":"position","decl":{"start":{"line":96,"column":10},"end":{"line":105,"column":3}},"loc":{"start":{"line":96,"column":10},"end":{"line":105,"column":3}},"line":96},"6":{"name":"handleThumbMousedown","decl":{"start":{"line":108,"column":0},"end":{"line":148,"column":1}},"loc":{"start":{"line":108,"column":0},"end":{"line":148,"column":1}},"line":108},"7":{"name":"handleThumbMousemove","decl":{"start":{"line":150,"column":0},"end":{"line":175,"column":1}},"loc":{"start":{"line":150,"column":0},"end":{"line":175,"column":1}},"line":150},"8":{"name":"handleThumbMouseup","decl":{"start":{"line":177,"column":0},"end":{"line":187,"column":1}},"loc":{"start":{"line":177,"column":0},"end":{"line":187,"column":1}},"line":177}},"f":{"0":4,"1":30,"2":42,"3":2,"4":16,"5":30,"6":6,"7":10,"8":6}}
}
