{"C:\\Users\\User\\test\\toxin-slider\\src\\thumb.ts": {"path":"C:\\Users\\User\\test\\toxin-slider\\src\\thumb.ts","all":false,"statementMap":{"0":{"start":{"line":1,"column":0},"end":{"line":1,"column":23}},"1":{"start":{"line":2,"column":0},"end":{"line":2,"column":0}},"2":{"start":{"line":3,"column":0},"end":{"line":3,"column":96}},"3":{"start":{"line":4,"column":0},"end":{"line":4,"column":101}},"4":{"start":{"line":5,"column":0},"end":{"line":5,"column":0}},"5":{"start":{"line":6,"column":0},"end":{"line":6,"column":26}},"6":{"start":{"line":7,"column":0},"end":{"line":7,"column":7}},"7":{"start":{"line":8,"column":0},"end":{"line":8,"column":7}},"8":{"start":{"line":9,"column":0},"end":{"line":9,"column":10}},"9":{"start":{"line":10,"column":0},"end":{"line":10,"column":1}},"10":{"start":{"line":11,"column":0},"end":{"line":11,"column":0}},"11":{"start":{"line":12,"column":0},"end":{"line":12,"column":28}},"12":{"start":{"line":13,"column":0},"end":{"line":13,"column":36}},"13":{"start":{"line":14,"column":0},"end":{"line":14,"column":0}},"14":{"start":{"line":15,"column":0},"end":{"line":15,"column":34}},"15":{"start":{"line":16,"column":0},"end":{"line":16,"column":0}},"16":{"start":{"line":17,"column":0},"end":{"line":17,"column":36}},"17":{"start":{"line":18,"column":0},"end":{"line":18,"column":0}},"18":{"start":{"line":19,"column":0},"end":{"line":19,"column":31}},"19":{"start":{"line":20,"column":0},"end":{"line":20,"column":13}},"20":{"start":{"line":21,"column":0},"end":{"line":21,"column":16}},"21":{"start":{"line":22,"column":0},"end":{"line":22,"column":22}},"22":{"start":{"line":23,"column":0},"end":{"line":23,"column":18}},"23":{"start":{"line":24,"column":0},"end":{"line":24,"column":27}},"24":{"start":{"line":25,"column":0},"end":{"line":25,"column":4}},"25":{"start":{"line":26,"column":0},"end":{"line":26,"column":0}},"26":{"start":{"line":27,"column":0},"end":{"line":27,"column":44}},"27":{"start":{"line":28,"column":0},"end":{"line":28,"column":0}},"28":{"start":{"line":29,"column":0},"end":{"line":29,"column":60}},"29":{"start":{"line":30,"column":0},"end":{"line":30,"column":0}},"30":{"start":{"line":31,"column":0},"end":{"line":31,"column":65}},"31":{"start":{"line":32,"column":0},"end":{"line":32,"column":40}},"32":{"start":{"line":33,"column":0},"end":{"line":33,"column":0}},"33":{"start":{"line":34,"column":0},"end":{"line":34,"column":35}},"34":{"start":{"line":35,"column":0},"end":{"line":35,"column":53}},"35":{"start":{"line":36,"column":0},"end":{"line":36,"column":49}},"36":{"start":{"line":37,"column":0},"end":{"line":37,"column":0}},"37":{"start":{"line":38,"column":0},"end":{"line":38,"column":71}},"38":{"start":{"line":39,"column":0},"end":{"line":39,"column":0}},"39":{"start":{"line":40,"column":0},"end":{"line":40,"column":23}},"40":{"start":{"line":41,"column":0},"end":{"line":41,"column":3}},"41":{"start":{"line":42,"column":0},"end":{"line":42,"column":0}},"42":{"start":{"line":43,"column":0},"end":{"line":43,"column":36}},"43":{"start":{"line":44,"column":0},"end":{"line":44,"column":23}},"44":{"start":{"line":45,"column":0},"end":{"line":45,"column":0}},"45":{"start":{"line":46,"column":0},"end":{"line":46,"column":20}},"46":{"start":{"line":47,"column":0},"end":{"line":47,"column":0}},"47":{"start":{"line":48,"column":0},"end":{"line":48,"column":36}},"48":{"start":{"line":49,"column":0},"end":{"line":49,"column":0}},"49":{"start":{"line":50,"column":0},"end":{"line":50,"column":23}},"50":{"start":{"line":51,"column":0},"end":{"line":51,"column":57}},"51":{"start":{"line":52,"column":0},"end":{"line":52,"column":12}},"52":{"start":{"line":53,"column":0},"end":{"line":53,"column":60}},"53":{"start":{"line":54,"column":0},"end":{"line":54,"column":5}},"54":{"start":{"line":55,"column":0},"end":{"line":55,"column":0}},"55":{"start":{"line":56,"column":0},"end":{"line":56,"column":32}},"56":{"start":{"line":57,"column":0},"end":{"line":57,"column":67}},"57":{"start":{"line":58,"column":0},"end":{"line":58,"column":12}},"58":{"start":{"line":59,"column":0},"end":{"line":59,"column":70}},"59":{"start":{"line":60,"column":0},"end":{"line":60,"column":5}},"60":{"start":{"line":61,"column":0},"end":{"line":61,"column":0}},"61":{"start":{"line":62,"column":0},"end":{"line":62,"column":16}},"62":{"start":{"line":63,"column":0},"end":{"line":63,"column":3}},"63":{"start":{"line":64,"column":0},"end":{"line":64,"column":0}},"64":{"start":{"line":65,"column":0},"end":{"line":65,"column":25}},"65":{"start":{"line":66,"column":0},"end":{"line":66,"column":80}},"66":{"start":{"line":67,"column":0},"end":{"line":67,"column":3}},"67":{"start":{"line":68,"column":0},"end":{"line":68,"column":0}},"68":{"start":{"line":69,"column":0},"end":{"line":69,"column":33}},"69":{"start":{"line":70,"column":0},"end":{"line":70,"column":30}},"70":{"start":{"line":71,"column":0},"end":{"line":71,"column":3}},"71":{"start":{"line":72,"column":0},"end":{"line":72,"column":0}},"72":{"start":{"line":73,"column":0},"end":{"line":73,"column":25}},"73":{"start":{"line":74,"column":0},"end":{"line":74,"column":28}},"74":{"start":{"line":75,"column":0},"end":{"line":75,"column":24}},"75":{"start":{"line":76,"column":0},"end":{"line":76,"column":24}},"76":{"start":{"line":77,"column":0},"end":{"line":77,"column":5}},"77":{"start":{"line":78,"column":0},"end":{"line":78,"column":38}},"78":{"start":{"line":79,"column":0},"end":{"line":79,"column":0}},"79":{"start":{"line":80,"column":0},"end":{"line":80,"column":21}},"80":{"start":{"line":81,"column":0},"end":{"line":81,"column":63}},"81":{"start":{"line":82,"column":0},"end":{"line":82,"column":59}},"82":{"start":{"line":83,"column":0},"end":{"line":83,"column":0}},"83":{"start":{"line":84,"column":0},"end":{"line":84,"column":58}},"84":{"start":{"line":85,"column":0},"end":{"line":85,"column":5}},"85":{"start":{"line":86,"column":0},"end":{"line":86,"column":0}},"86":{"start":{"line":87,"column":0},"end":{"line":87,"column":62}},"87":{"start":{"line":88,"column":0},"end":{"line":88,"column":56}},"88":{"start":{"line":89,"column":0},"end":{"line":89,"column":0}},"89":{"start":{"line":90,"column":0},"end":{"line":90,"column":56}},"90":{"start":{"line":91,"column":0},"end":{"line":91,"column":3}},"91":{"start":{"line":92,"column":0},"end":{"line":92,"column":0}},"92":{"start":{"line":93,"column":0},"end":{"line":93,"column":47}},"93":{"start":{"line":94,"column":0},"end":{"line":94,"column":37}},"94":{"start":{"line":95,"column":0},"end":{"line":95,"column":0}},"95":{"start":{"line":96,"column":0},"end":{"line":96,"column":16}},"96":{"start":{"line":97,"column":0},"end":{"line":97,"column":3}},"97":{"start":{"line":98,"column":0},"end":{"line":98,"column":0}},"98":{"start":{"line":99,"column":0},"end":{"line":99,"column":75}},"99":{"start":{"line":100,"column":0},"end":{"line":100,"column":44}},"100":{"start":{"line":101,"column":0},"end":{"line":101,"column":9}},"101":{"start":{"line":102,"column":0},"end":{"line":102,"column":19}},"102":{"start":{"line":103,"column":0},"end":{"line":103,"column":32}},"103":{"start":{"line":104,"column":0},"end":{"line":104,"column":7}},"104":{"start":{"line":105,"column":0},"end":{"line":105,"column":11}},"105":{"start":{"line":106,"column":0},"end":{"line":106,"column":0}},"106":{"start":{"line":107,"column":0},"end":{"line":107,"column":63}},"107":{"start":{"line":108,"column":0},"end":{"line":108,"column":0}},"108":{"start":{"line":109,"column":0},"end":{"line":109,"column":16}},"109":{"start":{"line":110,"column":0},"end":{"line":110,"column":3}},"110":{"start":{"line":111,"column":0},"end":{"line":111,"column":0}},"111":{"start":{"line":112,"column":0},"end":{"line":112,"column":29}},"112":{"start":{"line":113,"column":0},"end":{"line":113,"column":51}},"113":{"start":{"line":114,"column":0},"end":{"line":114,"column":90}},"114":{"start":{"line":115,"column":0},"end":{"line":115,"column":0}},"115":{"start":{"line":116,"column":0},"end":{"line":116,"column":67}},"116":{"start":{"line":117,"column":0},"end":{"line":117,"column":0}},"117":{"start":{"line":118,"column":0},"end":{"line":118,"column":16}},"118":{"start":{"line":119,"column":0},"end":{"line":119,"column":3}},"119":{"start":{"line":120,"column":0},"end":{"line":120,"column":1}},"120":{"start":{"line":121,"column":0},"end":{"line":121,"column":0}},"121":{"start":{"line":122,"column":0},"end":{"line":122,"column":61}},"122":{"start":{"line":123,"column":0},"end":{"line":123,"column":33}},"123":{"start":{"line":124,"column":0},"end":{"line":124,"column":51}},"124":{"start":{"line":125,"column":0},"end":{"line":125,"column":82}},"125":{"start":{"line":126,"column":0},"end":{"line":126,"column":0}},"126":{"start":{"line":127,"column":0},"end":{"line":127,"column":30}},"127":{"start":{"line":128,"column":0},"end":{"line":128,"column":56}},"128":{"start":{"line":129,"column":0},"end":{"line":129,"column":58}},"129":{"start":{"line":130,"column":0},"end":{"line":130,"column":0}},"130":{"start":{"line":131,"column":0},"end":{"line":131,"column":53}},"131":{"start":{"line":132,"column":0},"end":{"line":132,"column":54}},"132":{"start":{"line":133,"column":0},"end":{"line":133,"column":0}},"133":{"start":{"line":134,"column":0},"end":{"line":134,"column":17}},"134":{"start":{"line":135,"column":0},"end":{"line":135,"column":28}},"135":{"start":{"line":136,"column":0},"end":{"line":136,"column":5}},"136":{"start":{"line":137,"column":0},"end":{"line":137,"column":12}},"137":{"start":{"line":138,"column":0},"end":{"line":138,"column":21}},"138":{"start":{"line":139,"column":0},"end":{"line":139,"column":21}},"139":{"start":{"line":140,"column":0},"end":{"line":140,"column":18}},"140":{"start":{"line":141,"column":0},"end":{"line":141,"column":17}},"141":{"start":{"line":142,"column":0},"end":{"line":142,"column":6}},"142":{"start":{"line":143,"column":0},"end":{"line":143,"column":25}},"143":{"start":{"line":144,"column":0},"end":{"line":144,"column":4}},"144":{"start":{"line":145,"column":0},"end":{"line":145,"column":0}},"145":{"start":{"line":146,"column":0},"end":{"line":146,"column":17}},"146":{"start":{"line":147,"column":0},"end":{"line":147,"column":24}},"147":{"start":{"line":148,"column":0},"end":{"line":148,"column":14}},"148":{"start":{"line":149,"column":0},"end":{"line":149,"column":23}},"149":{"start":{"line":150,"column":0},"end":{"line":150,"column":4}},"150":{"start":{"line":151,"column":0},"end":{"line":151,"column":1}},"151":{"start":{"line":152,"column":0},"end":{"line":152,"column":0}},"152":{"start":{"line":153,"column":0},"end":{"line":153,"column":61}},"153":{"start":{"line":154,"column":0},"end":{"line":154,"column":9}},"154":{"start":{"line":155,"column":0},"end":{"line":155,"column":10}},"155":{"start":{"line":156,"column":0},"end":{"line":156,"column":19}},"156":{"start":{"line":157,"column":0},"end":{"line":157,"column":19}},"157":{"start":{"line":158,"column":0},"end":{"line":158,"column":16}},"158":{"start":{"line":159,"column":0},"end":{"line":159,"column":15}},"159":{"start":{"line":160,"column":0},"end":{"line":160,"column":21}},"160":{"start":{"line":161,"column":0},"end":{"line":161,"column":17}},"161":{"start":{"line":162,"column":0},"end":{"line":162,"column":27}},"162":{"start":{"line":163,"column":0},"end":{"line":163,"column":27}},"163":{"start":{"line":164,"column":0},"end":{"line":164,"column":24}},"164":{"start":{"line":165,"column":0},"end":{"line":165,"column":24}},"165":{"start":{"line":166,"column":0},"end":{"line":166,"column":4}},"166":{"start":{"line":167,"column":0},"end":{"line":167,"column":0}},"167":{"start":{"line":168,"column":0},"end":{"line":168,"column":33}},"168":{"start":{"line":169,"column":0},"end":{"line":169,"column":26}},"169":{"start":{"line":170,"column":0},"end":{"line":170,"column":27}},"170":{"start":{"line":171,"column":0},"end":{"line":171,"column":0}},"171":{"start":{"line":172,"column":0},"end":{"line":172,"column":32}},"172":{"start":{"line":173,"column":0},"end":{"line":173,"column":40}},"173":{"start":{"line":174,"column":0},"end":{"line":174,"column":15}},"174":{"start":{"line":175,"column":0},"end":{"line":175,"column":5}},"175":{"start":{"line":176,"column":0},"end":{"line":176,"column":0}},"176":{"start":{"line":177,"column":0},"end":{"line":177,"column":40}},"177":{"start":{"line":178,"column":0},"end":{"line":178,"column":25}},"178":{"start":{"line":179,"column":0},"end":{"line":179,"column":5}},"179":{"start":{"line":180,"column":0},"end":{"line":180,"column":0}},"180":{"start":{"line":181,"column":0},"end":{"line":181,"column":41}},"181":{"start":{"line":182,"column":0},"end":{"line":182,"column":4}},"182":{"start":{"line":183,"column":0},"end":{"line":183,"column":0}},"183":{"start":{"line":184,"column":0},"end":{"line":184,"column":39}},"184":{"start":{"line":185,"column":0},"end":{"line":185,"column":0}},"185":{"start":{"line":186,"column":0},"end":{"line":186,"column":7}},"186":{"start":{"line":187,"column":0},"end":{"line":187,"column":47}},"187":{"start":{"line":188,"column":0},"end":{"line":188,"column":51}},"188":{"start":{"line":189,"column":0},"end":{"line":189,"column":1}},"189":{"start":{"line":190,"column":0},"end":{"line":190,"column":0}},"190":{"start":{"line":191,"column":0},"end":{"line":191,"column":59}},"191":{"start":{"line":192,"column":0},"end":{"line":192,"column":65}},"192":{"start":{"line":193,"column":0},"end":{"line":193,"column":59}},"193":{"start":{"line":194,"column":0},"end":{"line":194,"column":0}},"194":{"start":{"line":195,"column":0},"end":{"line":195,"column":51}},"195":{"start":{"line":196,"column":0},"end":{"line":196,"column":0}},"196":{"start":{"line":197,"column":0},"end":{"line":197,"column":7}},"197":{"start":{"line":198,"column":0},"end":{"line":198,"column":26}},"198":{"start":{"line":199,"column":0},"end":{"line":199,"column":23}},"199":{"start":{"line":200,"column":0},"end":{"line":200,"column":1}}},"s":{"0":1,"1":1,"2":1,"3":1,"4":1,"5":1,"6":1,"7":1,"8":1,"9":1,"10":1,"11":1,"12":1,"13":1,"14":1,"15":1,"16":1,"17":1,"18":1,"19":1,"20":1,"21":1,"22":1,"23":1,"24":1,"25":1,"26":1,"27":1,"28":1,"29":1,"30":1,"31":4,"32":4,"33":4,"34":4,"35":4,"36":4,"37":4,"38":4,"39":4,"40":4,"41":1,"42":1,"43":6,"44":6,"45":6,"46":6,"47":6,"48":6,"49":6,"50":2,"51":6,"52":4,"53":4,"54":6,"55":6,"56":1,"57":6,"58":5,"59":5,"60":6,"61":6,"62":6,"63":1,"64":1,"65":3,"66":3,"67":1,"68":1,"69":2,"70":2,"71":1,"72":1,"73":1,"74":1,"75":1,"76":1,"77":1,"78":1,"79":1,"80":0,"81":0,"82":0,"83":0,"84":0,"85":1,"86":1,"87":1,"88":1,"89":1,"90":1,"91":1,"92":1,"93":1,"94":1,"95":1,"96":1,"97":1,"98":1,"99":1,"100":1,"101":1,"102":1,"103":1,"104":1,"105":1,"106":1,"107":1,"108":1,"109":1,"110":1,"111":1,"112":6,"113":6,"114":6,"115":6,"116":6,"117":6,"118":6,"119":1,"120":1,"121":1,"122":1,"123":1,"124":1,"125":1,"126":1,"127":1,"128":1,"129":1,"130":1,"131":1,"132":1,"133":1,"134":1,"135":1,"136":1,"137":1,"138":1,"139":1,"140":1,"141":1,"142":1,"143":1,"144":1,"145":1,"146":1,"147":1,"148":1,"149":1,"150":1,"151":1,"152":1,"153":1,"154":1,"155":1,"156":1,"157":1,"158":1,"159":1,"160":1,"161":1,"162":1,"163":1,"164":1,"165":1,"166":1,"167":1,"168":1,"169":1,"170":1,"171":1,"172":1,"173":0,"174":0,"175":1,"176":1,"177":0,"178":0,"179":1,"180":1,"181":1,"182":1,"183":1,"184":1,"185":1,"186":1,"187":1,"188":1,"189":1,"190":0,"191":0,"192":0,"193":0,"194":0,"195":0,"196":0,"197":0,"198":0,"199":0},"branchMap":{"0":{"type":"branch","line":31,"loc":{"start":{"line":31,"column":2},"end":{"line":41,"column":3}},"locations":[{"start":{"line":31,"column":2},"end":{"line":41,"column":3}}]},"1":{"type":"branch","line":43,"loc":{"start":{"line":43,"column":2},"end":{"line":63,"column":3}},"locations":[{"start":{"line":43,"column":2},"end":{"line":63,"column":3}}]},"2":{"type":"branch","line":50,"loc":{"start":{"line":50,"column":22},"end":{"line":52,"column":11}},"locations":[{"start":{"line":50,"column":22},"end":{"line":52,"column":11}}]},"3":{"type":"branch","line":52,"loc":{"start":{"line":52,"column":5},"end":{"line":54,"column":5}},"locations":[{"start":{"line":52,"column":5},"end":{"line":54,"column":5}}]},"4":{"type":"branch","line":56,"loc":{"start":{"line":56,"column":31},"end":{"line":58,"column":11}},"locations":[{"start":{"line":56,"column":31},"end":{"line":58,"column":11}}]},"5":{"type":"branch","line":58,"loc":{"start":{"line":58,"column":5},"end":{"line":60,"column":5}},"locations":[{"start":{"line":58,"column":5},"end":{"line":60,"column":5}}]},"6":{"type":"branch","line":65,"loc":{"start":{"line":65,"column":2},"end":{"line":67,"column":3}},"locations":[{"start":{"line":65,"column":2},"end":{"line":67,"column":3}}]},"7":{"type":"branch","line":66,"loc":{"start":{"line":66,"column":38},"end":{"line":66,"column":59}},"locations":[{"start":{"line":66,"column":38},"end":{"line":66,"column":59}}]},"8":{"type":"branch","line":66,"loc":{"start":{"line":66,"column":60},"end":{"line":66,"column":79}},"locations":[{"start":{"line":66,"column":60},"end":{"line":66,"column":79}}]},"9":{"type":"branch","line":69,"loc":{"start":{"line":69,"column":2},"end":{"line":71,"column":3}},"locations":[{"start":{"line":69,"column":2},"end":{"line":71,"column":3}}]},"10":{"type":"branch","line":73,"loc":{"start":{"line":73,"column":2},"end":{"line":91,"column":3}},"locations":[{"start":{"line":73,"column":2},"end":{"line":91,"column":3}}]},"11":{"type":"branch","line":80,"loc":{"start":{"line":80,"column":20},"end":{"line":85,"column":5}},"locations":[{"start":{"line":80,"column":20},"end":{"line":85,"column":5}}]},"12":{"type":"branch","line":87,"loc":{"start":{"line":87,"column":50},"end":{"line":87,"column":52}},"locations":[{"start":{"line":87,"column":50},"end":{"line":87,"column":52}}]},"13":{"type":"branch","line":87,"loc":{"start":{"line":87,"column":56},"end":{"line":87,"column":61}},"locations":[{"start":{"line":87,"column":56},"end":{"line":87,"column":61}}]},"14":{"type":"branch","line":88,"loc":{"start":{"line":88,"column":50},"end":{"line":88,"column":55}},"locations":[{"start":{"line":88,"column":50},"end":{"line":88,"column":55}}]},"15":{"type":"branch","line":93,"loc":{"start":{"line":93,"column":2},"end":{"line":97,"column":3}},"locations":[{"start":{"line":93,"column":2},"end":{"line":97,"column":3}}]},"16":{"type":"branch","line":99,"loc":{"start":{"line":99,"column":2},"end":{"line":110,"column":3}},"locations":[{"start":{"line":99,"column":2},"end":{"line":110,"column":3}}]},"17":{"type":"branch","line":105,"loc":{"start":{"line":105,"column":6},"end":{"line":105,"column":10}},"locations":[{"start":{"line":105,"column":6},"end":{"line":105,"column":10}}]},"18":{"type":"branch","line":112,"loc":{"start":{"line":112,"column":10},"end":{"line":119,"column":3}},"locations":[{"start":{"line":112,"column":10},"end":{"line":119,"column":3}}]},"19":{"type":"branch","line":113,"loc":{"start":{"line":113,"column":39},"end":{"line":113,"column":44}},"locations":[{"start":{"line":113,"column":39},"end":{"line":113,"column":44}}]},"20":{"type":"branch","line":113,"loc":{"start":{"line":113,"column":45},"end":{"line":113,"column":50}},"locations":[{"start":{"line":113,"column":45},"end":{"line":113,"column":50}}]},"21":{"type":"branch","line":114,"loc":{"start":{"line":114,"column":48},"end":{"line":114,"column":69}},"locations":[{"start":{"line":114,"column":48},"end":{"line":114,"column":69}}]},"22":{"type":"branch","line":114,"loc":{"start":{"line":114,"column":70},"end":{"line":114,"column":89}},"locations":[{"start":{"line":114,"column":70},"end":{"line":114,"column":89}}]},"23":{"type":"branch","line":122,"loc":{"start":{"line":122,"column":0},"end":{"line":151,"column":1}},"locations":[{"start":{"line":122,"column":0},"end":{"line":151,"column":1}}]},"24":{"type":"branch","line":128,"loc":{"start":{"line":128,"column":4},"end":{"line":128,"column":56}},"locations":[{"start":{"line":128,"column":4},"end":{"line":128,"column":56}}]},"25":{"type":"branch","line":129,"loc":{"start":{"line":129,"column":22},"end":{"line":129,"column":24}},"locations":[{"start":{"line":129,"column":22},"end":{"line":129,"column":24}}]},"26":{"type":"branch","line":129,"loc":{"start":{"line":129,"column":28},"end":{"line":129,"column":33}},"locations":[{"start":{"line":129,"column":28},"end":{"line":129,"column":33}}]},"27":{"type":"branch","line":129,"loc":{"start":{"line":129,"column":51},"end":{"line":129,"column":56}},"locations":[{"start":{"line":129,"column":51},"end":{"line":129,"column":56}}]},"28":{"type":"branch","line":153,"loc":{"start":{"line":153,"column":0},"end":{"line":189,"column":1}},"locations":[{"start":{"line":153,"column":0},"end":{"line":189,"column":1}}]},"29":{"type":"branch","line":169,"loc":{"start":{"line":169,"column":4},"end":{"line":169,"column":26}},"locations":[{"start":{"line":169,"column":4},"end":{"line":169,"column":26}}]},"30":{"type":"branch","line":170,"loc":{"start":{"line":170,"column":20},"end":{"line":170,"column":25}},"locations":[{"start":{"line":170,"column":20},"end":{"line":170,"column":25}}]},"31":{"type":"branch","line":172,"loc":{"start":{"line":172,"column":25},"end":{"line":182,"column":3}},"locations":[{"start":{"line":172,"column":25},"end":{"line":182,"column":3}}]},"32":{"type":"branch","line":173,"loc":{"start":{"line":173,"column":39},"end":{"line":175,"column":5}},"locations":[{"start":{"line":173,"column":39},"end":{"line":175,"column":5}}]},"33":{"type":"branch","line":177,"loc":{"start":{"line":177,"column":39},"end":{"line":179,"column":5}},"locations":[{"start":{"line":177,"column":39},"end":{"line":179,"column":5}}]}},"b":{"0":[4],"1":[6],"2":[2],"3":[4],"4":[1],"5":[5],"6":[3],"7":[2],"8":[1],"9":[2],"10":[1],"11":[0],"12":[0],"13":[0],"14":[0],"15":[1],"16":[1],"17":[0],"18":[6],"19":[2],"20":[4],"21":[5],"22":[1],"23":[1],"24":[0],"25":[0],"26":[0],"27":[0],"28":[1],"29":[0],"30":[0],"31":[1],"32":[0],"33":[0]},"fnMap":{"0":{"name":"Thumb","decl":{"start":{"line":31,"column":2},"end":{"line":41,"column":3}},"loc":{"start":{"line":31,"column":2},"end":{"line":41,"column":3}},"line":31},"1":{"name":"update","decl":{"start":{"line":43,"column":2},"end":{"line":63,"column":3}},"loc":{"start":{"line":43,"column":2},"end":{"line":63,"column":3}},"line":43},"2":{"name":"getPosition","decl":{"start":{"line":65,"column":2},"end":{"line":67,"column":3}},"loc":{"start":{"line":65,"column":2},"end":{"line":67,"column":3}},"line":65},"3":{"name":"getDirection","decl":{"start":{"line":69,"column":2},"end":{"line":71,"column":3}},"loc":{"start":{"line":69,"column":2},"end":{"line":71,"column":3}},"line":69},"4":{"name":"getDragRestriction","decl":{"start":{"line":73,"column":2},"end":{"line":91,"column":3}},"loc":{"start":{"line":73,"column":2},"end":{"line":91,"column":3}},"line":73},"5":{"name":"setDragPosition","decl":{"start":{"line":93,"column":2},"end":{"line":97,"column":3}},"loc":{"start":{"line":93,"column":2},"end":{"line":97,"column":3}},"line":93},"6":{"name":"sendDragMessage","decl":{"start":{"line":99,"column":2},"end":{"line":110,"column":3}},"loc":{"start":{"line":99,"column":2},"end":{"line":110,"column":3}},"line":99},"7":{"name":"position","decl":{"start":{"line":112,"column":10},"end":{"line":119,"column":3}},"loc":{"start":{"line":112,"column":10},"end":{"line":119,"column":3}},"line":112},"8":{"name":"handleThumbMousedown","decl":{"start":{"line":122,"column":0},"end":{"line":151,"column":1}},"loc":{"start":{"line":122,"column":0},"end":{"line":151,"column":1}},"line":122},"9":{"name":"handleThumbMousemove","decl":{"start":{"line":153,"column":0},"end":{"line":189,"column":1}},"loc":{"start":{"line":153,"column":0},"end":{"line":189,"column":1}},"line":153},"10":{"name":"getInnerOffset","decl":{"start":{"line":172,"column":25},"end":{"line":182,"column":3}},"loc":{"start":{"line":172,"column":25},"end":{"line":182,"column":3}},"line":172},"11":{"name":"handleThumbMouseup","decl":{"start":{"line":191,"column":0},"end":{"line":200,"column":1}},"loc":{"start":{"line":191,"column":0},"end":{"line":200,"column":1}},"line":191}},"f":{"0":4,"1":6,"2":3,"3":2,"4":1,"5":1,"6":1,"7":6,"8":1,"9":1,"10":1,"11":0}}
}
