TN:
SF:src\thumb.ts
FN:31,Thumb
FN:41,update
FN:63,getPosition
FN:67,getDirection
FN:71,position
FNF:5
FNH:5
FNDA:3,Thumb
FNDA:4,update
FNDA:2,getPosition
FNDA:2,getDirection
FNDA:4,position
DA:1,1
DA:2,1
DA:3,1
DA:4,1
DA:5,1
DA:6,1
DA:7,1
DA:8,1
DA:9,1
DA:10,1
DA:11,1
DA:12,1
DA:13,1
DA:14,1
DA:15,1
DA:16,1
DA:17,1
DA:18,1
DA:19,1
DA:20,1
DA:21,1
DA:22,1
DA:23,1
DA:24,1
DA:25,1
DA:26,1
DA:27,1
DA:28,1
DA:29,1
DA:30,1
DA:31,1
DA:32,3
DA:33,3
DA:34,3
DA:35,3
DA:36,3
DA:37,3
DA:38,3
DA:39,3
DA:40,1
DA:41,1
DA:42,4
DA:43,4
DA:44,4
DA:45,4
DA:46,4
DA:47,4
DA:48,4
DA:49,1
DA:50,4
DA:51,3
DA:52,3
DA:53,4
DA:54,4
DA:55,1
DA:56,4
DA:57,3
DA:58,3
DA:59,4
DA:60,4
DA:61,4
DA:62,1
DA:63,1
DA:64,2
DA:65,2
DA:66,1
DA:67,1
DA:68,2
DA:69,2
DA:70,1
DA:71,1
DA:72,4
DA:73,4
DA:74,4
DA:75,4
DA:76,4
DA:77,4
DA:78,4
DA:79,1
LF:79
LH:79
BRDA:31,0,0,3
BRDA:41,1,0,4
BRDA:48,2,0,1
BRDA:50,3,0,3
BRDA:54,4,0,1
BRDA:56,5,0,3
BRDA:63,6,0,2
BRDA:64,7,0,0
BRDA:67,8,0,2
BRDA:71,9,0,4
BRDA:72,10,0,2
BRDA:72,11,0,2
BRDA:73,12,0,0
BRF:13
BRH:11
end_of_record
