TN:
SF:src\thumb.ts
FN:40,Thumb
FN:52,update
FN:74,getPosition
FN:78,getDirection
FN:82,sendDragMessage
FN:95,position
FN:107,handleThumbMousedown
FN:135,handleThumbMousemove
FN:156,handleThumbMouseup
FNF:9
FNH:9
FNDA:4,Thumb
FNDA:23,update
FNDA:12,getPosition
FNDA:2,getDirection
FNDA:16,sendDragMessage
FNDA:23,position
FNDA:6,handleThumbMousedown
FNDA:10,handleThumbMousemove
FNDA:6,handleThumbMouseup
DA:1,1
DA:2,1
DA:3,1
DA:4,1
DA:5,1
DA:6,1
DA:7,1
DA:8,1
DA:9,1
DA:10,1
DA:11,1
DA:12,1
DA:13,1
DA:14,1
DA:15,1
DA:16,1
DA:17,1
DA:18,1
DA:19,1
DA:20,1
DA:21,1
DA:22,1
DA:23,1
DA:24,1
DA:25,1
DA:26,1
DA:27,1
DA:28,1
DA:29,1
DA:30,1
DA:31,1
DA:32,1
DA:33,1
DA:34,1
DA:35,1
DA:36,1
DA:37,1
DA:38,1
DA:39,1
DA:40,1
DA:41,4
DA:42,4
DA:43,4
DA:44,4
DA:45,4
DA:46,4
DA:47,4
DA:48,4
DA:49,4
DA:50,4
DA:51,1
DA:52,1
DA:53,23
DA:54,23
DA:55,23
DA:56,23
DA:57,23
DA:58,23
DA:59,23
DA:60,3
DA:61,23
DA:62,20
DA:63,20
DA:64,23
DA:65,23
DA:66,2
DA:67,23
DA:68,21
DA:69,21
DA:70,23
DA:71,23
DA:72,23
DA:73,1
DA:74,1
DA:75,12
DA:76,12
DA:77,1
DA:78,1
DA:79,2
DA:80,2
DA:81,1
DA:82,1
DA:83,16
DA:84,16
DA:85,16
DA:86,16
DA:87,16
DA:88,16
DA:89,16
DA:90,16
DA:91,16
DA:92,16
DA:93,16
DA:94,1
DA:95,1
DA:96,23
DA:97,23
DA:98,23
DA:99,23
DA:100,23
DA:101,23
DA:102,23
DA:103,23
DA:104,23
DA:105,1
DA:106,1
DA:107,6
DA:108,6
DA:109,6
DA:110,6
DA:111,6
DA:112,6
DA:113,6
DA:114,6
DA:115,6
DA:116,6
DA:117,2
DA:118,2
DA:119,6
DA:120,4
DA:121,4
DA:122,4
DA:123,6
DA:124,6
DA:125,6
DA:126,6
DA:127,6
DA:128,6
DA:129,6
DA:130,6
DA:131,6
DA:132,6
DA:133,6
DA:134,1
DA:135,10
DA:136,10
DA:137,10
DA:138,10
DA:139,10
DA:140,10
DA:141,10
DA:142,10
DA:143,10
DA:144,2
DA:145,10
DA:146,2
DA:147,8
DA:148,6
DA:149,6
DA:150,10
DA:151,10
DA:152,10
DA:153,10
DA:154,10
DA:155,1
DA:156,6
DA:157,6
DA:158,6
DA:159,6
DA:160,6
DA:161,6
DA:162,6
DA:163,6
DA:164,6
DA:165,6
DA:166,6
LF:166
LH:166
BRDA:40,0,0,4
BRDA:52,1,0,23
BRDA:59,2,0,3
BRDA:61,3,0,20
BRDA:65,4,0,2
BRDA:67,5,0,21
BRDA:74,6,0,12
BRDA:75,7,0,2
BRDA:75,8,0,10
BRDA:78,9,0,2
BRDA:82,10,0,16
BRDA:95,11,0,23
BRDA:96,12,0,11
BRDA:96,13,0,12
BRDA:97,14,0,13
BRDA:97,15,0,10
BRDA:100,16,0,12
BRDA:100,17,0,11
BRDA:107,18,0,6
BRDA:116,19,0,2
BRDA:117,20,0,0
BRDA:117,21,0,0
BRDA:118,22,0,0
BRDA:119,23,0,4
BRDA:120,24,0,0
BRDA:120,25,0,0
BRDA:121,26,0,0
BRDA:125,27,0,2
BRDA:125,28,0,0
BRDA:125,29,0,0
BRDA:125,30,0,0
BRDA:126,31,0,4
BRDA:126,32,0,0
BRDA:126,33,0,0
BRDA:126,34,0,0
BRDA:135,35,0,10
BRDA:140,36,0,5
BRDA:140,37,0,0
BRDA:141,38,0,5
BRDA:141,39,0,0
BRDA:143,40,0,2
BRDA:145,41,0,8
BRDA:145,42,0,2
BRDA:147,43,0,6
BRDA:156,44,0,6
BRF:45
BRH:31
end_of_record
