TN:
SF:src\bar.ts
FN:16,Bar
FN:27,update
FN:34,handleBarMousedown
FN:51,normalizeSize
FN:55,normalizeClickPoint
FNF:5
FNH:5
FNDA:2,Bar
FNDA:24,update
FNDA:4,handleBarMousedown
FNDA:4,normalizeSize
FNDA:4,normalizeClickPoint
DA:1,1
DA:2,1
DA:3,1
DA:4,1
DA:5,1
DA:6,1
DA:7,1
DA:8,1
DA:9,1
DA:10,1
DA:11,1
DA:12,1
DA:13,1
DA:14,1
DA:15,1
DA:16,1
DA:17,2
DA:18,2
DA:19,2
DA:20,2
DA:21,2
DA:22,2
DA:23,2
DA:24,2
DA:25,2
DA:26,1
DA:27,1
DA:28,24
DA:29,24
DA:30,24
DA:31,24
DA:32,1
DA:33,1
DA:34,4
DA:35,4
DA:36,4
DA:37,4
DA:38,4
DA:39,4
DA:40,4
DA:41,4
DA:42,4
DA:43,4
DA:44,4
DA:45,4
DA:46,4
DA:47,4
DA:48,4
DA:49,4
DA:50,4
DA:51,4
DA:52,4
DA:53,4
DA:54,4
DA:55,4
DA:56,4
DA:57,1
DA:58,1
DA:59,3
DA:60,4
DA:61,1
DA:62,1
DA:63,2
DA:64,2
DA:65,2
DA:66,4
LF:66
LH:66
BRDA:16,0,0,2
BRDA:27,1,0,24
BRDA:34,2,0,4
BRDA:39,3,0,1
BRDA:39,4,0,0
BRDA:40,5,0,3
BRDA:40,6,0,0
BRDA:43,7,0,1
BRDA:43,8,0,0
BRDA:43,9,0,0
BRDA:43,10,0,0
BRDA:43,11,0,0
BRDA:44,12,0,3
BRDA:44,13,0,0
BRDA:44,14,0,0
BRDA:44,15,0,0
BRDA:44,16,0,0
BRDA:51,17,0,4
BRDA:55,18,0,4
BRDA:56,19,0,1
BRDA:59,20,0,3
BRDA:60,21,0,1
BRDA:63,22,0,2
BRF:23
BRH:13
end_of_record
TN:
SF:src\controller.ts
FN:9,Controller
FN:20,handleSliderUpdate
FNF:2
FNH:2
FNDA:2,Controller
FNDA:22,handleSliderUpdate
DA:1,1
DA:2,1
DA:3,1
DA:4,1
DA:5,1
DA:6,1
DA:7,1
DA:8,1
DA:9,1
DA:10,2
DA:11,2
DA:12,2
DA:13,2
DA:14,2
DA:15,2
DA:16,2
DA:17,2
DA:18,1
DA:19,1
DA:20,22
DA:21,22
DA:22,22
DA:23,22
DA:24,22
LF:24
LH:24
BRDA:9,0,0,2
BRDA:20,1,0,22
BRF:2
BRH:2
end_of_record
TN:
SF:src\model.ts
FN:13,Model
FN:17,update
FN:28,assignToNearest
FN:40,assignToCongruent
FN:91,normalizeState
FN:105,normalizeStep
FN:125,normalizeValue
FN:180,sortValues
FN:202,getModulo
FN:217,isDragMessage
FN:221,isBarMessage
FN:225,isMoveMessage
FNF:12
FNH:12
FNDA:3,Model
FNDA:63,update
FNDA:4,assignToNearest
FNDA:15,assignToCongruent
FNDA:44,normalizeState
FNDA:44,normalizeStep
FNDA:107,normalizeValue
FNDA:63,sortValues
FNDA:44,getModulo
FNDA:49,isDragMessage
FNDA:63,isBarMessage
FNDA:59,isMoveMessage
DA:1,1
DA:2,1
DA:3,1
DA:4,1
DA:5,1
DA:6,1
DA:7,1
DA:8,1
DA:9,1
DA:10,1
DA:11,1
DA:12,1
DA:13,1
DA:14,3
DA:15,3
DA:16,1
DA:17,1
DA:18,63
DA:19,63
DA:20,63
DA:21,63
DA:22,63
DA:23,63
DA:24,63
DA:25,63
DA:26,63
DA:27,63
DA:28,63
DA:29,4
DA:30,3
DA:31,2
DA:32,2
DA:33,1
DA:34,1
DA:35,4
DA:36,1
DA:37,1
DA:38,63
DA:39,63
DA:40,63
DA:41,15
DA:42,14
DA:43,8
DA:44,14
DA:45,6
DA:46,6
DA:47,15
DA:48,1
DA:49,1
DA:50,63
DA:51,63
DA:52,63
DA:53,4
DA:54,4
DA:55,4
DA:56,4
DA:57,4
DA:58,4
DA:59,4
DA:60,4
DA:61,59
DA:62,63
DA:63,10
DA:64,10
DA:65,10
DA:66,10
DA:67,10
DA:68,10
DA:69,10
DA:70,10
DA:71,10
DA:72,10
DA:73,10
DA:74,10
DA:75,49
DA:76,63
DA:77,44
DA:78,44
DA:79,44
DA:80,44
DA:81,5
DA:82,5
DA:83,5
DA:84,5
DA:85,5
DA:86,5
DA:87,5
DA:88,5
DA:89,5
DA:90,1
DA:91,1
DA:92,44
DA:93,44
DA:94,44
DA:95,44
DA:96,44
DA:97,44
DA:98,44
DA:99,44
DA:100,44
DA:101,44
DA:102,44
DA:103,44
DA:104,1
DA:105,1
DA:106,44
DA:107,44
DA:108,44
DA:109,44
DA:110,44
DA:111,44
DA:112,44
DA:113,3
DA:114,44
DA:115,41
DA:116,41
DA:117,41
DA:118,13
DA:119,13
DA:120,41
DA:121,44
DA:122,44
DA:123,44
DA:124,1
DA:125,1
DA:126,107
DA:127,107
DA:128,107
DA:129,107
DA:130,107
DA:131,107
DA:132,107
DA:133,107
DA:134,47
DA:135,3
DA:136,3
DA:137,44
DA:138,47
DA:139,3
DA:140,3
DA:141,41
DA:142,45
DA:143,39
DA:144,2
DA:145,2
DA:146,37
DA:147,39
DA:148,2
DA:149,2
DA:150,35
DA:151,35
DA:152,35
DA:153,2
DA:154,2
DA:155,2
DA:156,60
DA:157,107
DA:158,8
DA:159,8
DA:160,52
DA:161,107
DA:162,2
DA:163,2
DA:164,50
DA:165,95
DA:166,46
DA:167,10
DA:168,10
DA:169,36
DA:170,46
DA:171,1
DA:172,1
DA:173,35
DA:174,35
DA:175,35
DA:176,4
DA:177,4
DA:178,4
DA:179,1
DA:180,1
DA:181,63
DA:182,63
DA:183,63
DA:184,63
DA:185,63
DA:186,63
DA:187,63
DA:188,63
DA:189,63
DA:190,31
DA:191,14
DA:192,5
DA:193,5
DA:194,31
DA:195,4
DA:196,4
DA:197,31
DA:198,63
DA:199,63
DA:200,63
DA:201,1
DA:202,1
DA:203,44
DA:204,44
DA:205,44
DA:206,44
DA:207,44
DA:208,44
DA:209,44
DA:210,6
DA:211,6
DA:212,38
DA:213,38
DA:214,38
DA:215,1
DA:216,1
DA:217,49
DA:218,49
DA:219,49
DA:220,1
DA:221,63
DA:222,63
DA:223,63
DA:224,1
DA:225,59
DA:226,59
DA:227,59
LF:227
LH:227
BRDA:13,0,0,3
BRDA:17,1,0,63
BRDA:52,2,0,4
BRDA:61,3,0,59
BRDA:62,4,0,10
BRDA:65,5,0,3
BRDA:65,6,0,1
BRDA:68,7,0,1
BRDA:69,8,0,9
BRDA:75,9,0,49
BRDA:76,10,0,44
BRDA:81,11,0,5
BRDA:28,12,0,4
BRDA:29,13,0,3
BRDA:30,14,0,2
BRDA:32,15,0,1
BRDA:35,16,0,1
BRDA:40,17,0,15
BRDA:41,18,0,14
BRDA:42,19,0,8
BRDA:44,20,0,6
BRDA:47,21,0,1
BRDA:91,22,0,44
BRDA:105,23,0,44
BRDA:112,24,0,3
BRDA:114,25,0,41
BRDA:115,26,0,20
BRDA:115,27,0,26
BRDA:115,28,0,19
BRDA:117,29,0,13
BRDA:125,30,0,107
BRDA:133,31,0,47
BRDA:134,32,0,3
BRDA:137,33,0,44
BRDA:138,34,0,3
BRDA:141,35,0,45
BRDA:141,36,0,41
BRDA:142,37,0,39
BRDA:143,38,0,2
BRDA:146,39,0,37
BRDA:147,40,0,2
BRDA:150,41,0,35
BRDA:153,42,0,2
BRDA:156,43,0,60
BRDA:157,44,0,105
BRDA:157,45,0,8
BRDA:160,46,0,52
BRDA:161,47,0,2
BRDA:164,48,0,95
BRDA:164,49,0,50
BRDA:165,50,0,46
BRDA:166,51,0,10
BRDA:169,52,0,36
BRDA:170,53,0,1
BRDA:173,54,0,35
BRDA:176,55,0,4
BRDA:180,56,0,63
BRDA:189,57,0,31
BRDA:190,58,0,14
BRDA:191,59,0,5
BRDA:194,60,0,17
BRDA:194,61,0,4
BRDA:202,62,0,44
BRDA:209,63,0,6
BRDA:212,64,0,38
BRDA:217,65,0,49
BRDA:221,66,0,63
BRDA:225,67,0,59
BRF:68
BRH:68
end_of_record
TN:
SF:src\progress-bar.ts
FN:8,ProgressBar
FN:17,update
FNF:2
FNH:2
FNDA:2,ProgressBar
FNDA:24,update
DA:1,1
DA:2,1
DA:3,1
DA:4,1
DA:5,1
DA:6,1
DA:7,1
DA:8,1
DA:9,2
DA:10,2
DA:11,2
DA:12,2
DA:13,2
DA:14,2
DA:15,2
DA:16,1
DA:17,1
DA:18,24
DA:19,24
DA:20,24
DA:21,24
DA:22,24
DA:23,24
DA:24,24
DA:25,24
DA:26,1
DA:27,24
DA:28,23
DA:29,23
DA:30,24
DA:31,24
DA:32,24
DA:33,1
LF:33
LH:33
BRDA:8,0,0,2
BRDA:17,1,0,24
BRDA:21,2,0,21
BRDA:22,3,0,3
BRDA:25,4,0,1
BRDA:27,5,0,23
BRF:6
BRH:6
end_of_record
TN:
SF:src\thumb.ts
FN:46,Thumb
FN:60,update
FN:82,getPosition
FN:86,getDirection
FN:90,sendDragMessage
FN:103,sendMoveMessage
FN:115,position
FN:127,handleThumbMousedown
FN:169,handleThumbMousemove
FN:196,handleThumbMouseup
FN:208,handleThumbKeydown
FN:221,handleThumbKeyup
FNF:12
FNH:12
FNDA:9,Thumb
FNDA:80,update
FNDA:232,getPosition
FNDA:20,getDirection
FNDA:16,sendDragMessage
FNDA:11,sendMoveMessage
FNDA:80,position
FNDA:6,handleThumbMousedown
FNDA:10,handleThumbMousemove
FNDA:6,handleThumbMouseup
FNDA:11,handleThumbKeydown
FNDA:1,handleThumbKeyup
DA:1,1
DA:2,1
DA:3,1
DA:4,1
DA:5,1
DA:6,1
DA:7,1
DA:8,1
DA:9,1
DA:10,1
DA:11,3
DA:12,3
DA:13,3
DA:14,3
DA:15,3
DA:16,1
DA:17,1
DA:18,1
DA:19,1
DA:20,1
DA:21,1
DA:22,1
DA:23,1
DA:24,1
DA:25,1
DA:26,1
DA:27,1
DA:28,1
DA:29,1
DA:30,1
DA:31,1
DA:32,1
DA:33,1
DA:34,1
DA:35,1
DA:36,1
DA:37,1
DA:38,1
DA:39,1
DA:40,1
DA:41,1
DA:42,1
DA:43,1
DA:44,1
DA:45,1
DA:46,1
DA:47,9
DA:48,9
DA:49,9
DA:50,9
DA:51,9
DA:52,9
DA:53,9
DA:54,9
DA:55,9
DA:56,9
DA:57,9
DA:58,9
DA:59,1
DA:60,1
DA:61,80
DA:62,80
DA:63,80
DA:64,80
DA:65,80
DA:66,80
DA:67,80
DA:68,11
DA:69,78
DA:70,69
DA:71,69
DA:72,80
DA:73,80
DA:74,10
DA:75,80
DA:76,70
DA:77,70
DA:78,80
DA:79,80
DA:80,80
DA:81,1
DA:82,1
DA:83,232
DA:84,232
DA:85,1
DA:86,1
DA:87,20
DA:88,20
DA:89,1
DA:90,1
DA:91,16
DA:92,16
DA:93,16
DA:94,16
DA:95,16
DA:96,16
DA:97,16
DA:98,16
DA:99,16
DA:100,16
DA:101,16
DA:102,1
DA:103,1
DA:104,11
DA:105,11
DA:106,11
DA:107,11
DA:108,11
DA:109,11
DA:110,11
DA:111,11
DA:112,11
DA:113,11
DA:114,1
DA:115,1
DA:116,80
DA:117,80
DA:118,80
DA:119,80
DA:120,80
DA:121,80
DA:122,80
DA:123,80
DA:124,80
DA:125,1
DA:126,1
DA:127,6
DA:128,6
DA:129,6
DA:130,6
DA:131,6
DA:132,6
DA:133,6
DA:134,6
DA:135,6
DA:136,6
DA:137,3
DA:138,3
DA:139,3
DA:140,3
DA:141,3
DA:142,3
DA:143,6
DA:144,6
DA:145,6
DA:146,6
DA:147,6
DA:148,6
DA:149,6
DA:150,6
DA:151,6
DA:152,6
DA:153,6
DA:154,6
DA:155,6
DA:156,6
DA:157,6
DA:158,6
DA:159,6
DA:160,6
DA:161,6
DA:162,6
DA:163,6
DA:164,6
DA:165,6
DA:166,6
DA:167,6
DA:168,1
DA:169,10
DA:170,10
DA:171,10
DA:172,10
DA:173,10
DA:174,10
DA:175,10
DA:176,10
DA:177,10
DA:178,2
DA:179,2
DA:180,2
DA:181,10
DA:182,2
DA:183,2
DA:184,2
DA:185,8
DA:186,6
DA:187,6
DA:188,6
DA:189,6
DA:190,10
DA:191,10
DA:192,10
DA:193,10
DA:194,10
DA:195,1
DA:196,6
DA:197,6
DA:198,6
DA:199,6
DA:200,6
DA:201,6
DA:202,6
DA:203,6
DA:204,6
DA:205,6
DA:206,6
DA:207,1
DA:208,11
DA:209,11
DA:210,11
DA:211,11
DA:212,11
DA:213,5
DA:214,5
DA:215,9
DA:216,6
DA:217,6
DA:218,6
DA:219,11
DA:220,1
DA:221,1
DA:222,1
DA:223,1
DA:224,1
DA:225,1
LF:225
LH:225
BRDA:11,0,0,3
BRDA:46,1,0,9
BRDA:60,2,0,80
BRDA:65,3,0,48
BRDA:65,4,0,32
BRDA:67,5,0,78
BRDA:67,6,0,11
BRDA:69,7,0,69
BRDA:73,8,0,10
BRDA:75,9,0,70
BRDA:82,10,0,232
BRDA:83,11,0,212
BRDA:83,12,0,20
BRDA:86,13,0,20
BRDA:90,14,0,16
BRDA:103,15,0,11
BRDA:115,16,0,80
BRDA:116,17,0,58
BRDA:116,18,0,22
BRDA:120,19,0,22
BRDA:120,20,0,58
BRDA:127,21,0,6
BRDA:136,22,0,3
BRDA:137,23,0,0
BRDA:137,24,0,0
BRDA:138,25,0,0
BRDA:140,26,0,0
BRDA:140,27,0,0
BRDA:141,28,0,0
BRDA:145,29,0,3
BRDA:145,30,0,0
BRDA:145,31,0,0
BRDA:146,32,0,3
BRDA:146,33,0,0
BRDA:146,34,0,0
BRDA:149,35,0,3
BRDA:149,36,0,0
BRDA:150,37,0,3
BRDA:150,38,0,0
BRDA:153,39,0,3
BRDA:153,40,0,0
BRDA:154,41,0,3
BRDA:154,42,0,0
BRDA:162,43,0,3
BRDA:163,44,0,3
BRDA:169,45,0,10
BRDA:174,46,0,5
BRDA:174,47,0,0
BRDA:175,48,0,5
BRDA:175,49,0,0
BRDA:177,50,0,2
BRDA:179,51,0,1
BRDA:180,52,0,1
BRDA:181,53,0,8
BRDA:181,54,0,2
BRDA:183,55,0,1
BRDA:184,56,0,1
BRDA:185,57,0,6
BRDA:187,58,0,3
BRDA:188,59,0,3
BRDA:196,60,0,6
BRDA:208,61,0,11
BRDA:212,62,0,10
BRDA:212,63,0,9
BRDA:212,64,0,5
BRDA:215,65,0,6
BRDA:215,66,0,5
BRDA:221,67,0,1
BRF:68
BRH:52
end_of_record
TN:
SF:src\view.ts
FN:40,View
FN:123,update
FN:188,calculateRange
FN:217,sortThumbs
FNF:4
FNH:4
FNDA:2,View
FNDA:22,update
FNDA:24,calculateRange
FNDA:22,sortThumbs
DA:1,1
DA:2,1
DA:3,1
DA:4,1
DA:5,1
DA:6,1
DA:7,1
DA:8,1
DA:9,1
DA:10,1
DA:11,1
DA:12,1
DA:13,1
DA:14,1
DA:15,1
DA:16,1
DA:17,1
DA:18,1
DA:19,1
DA:20,1
DA:21,1
DA:22,1
DA:23,1
DA:24,1
DA:25,1
DA:26,1
DA:27,1
DA:28,1
DA:29,1
DA:30,1
DA:31,1
DA:32,1
DA:33,1
DA:34,1
DA:35,1
DA:36,1
DA:37,1
DA:38,1
DA:39,1
DA:40,1
DA:41,2
DA:42,2
DA:43,2
DA:44,2
DA:45,2
DA:46,2
DA:47,2
DA:48,2
DA:49,2
DA:50,2
DA:51,2
DA:52,2
DA:53,2
DA:54,2
DA:55,2
DA:56,2
DA:57,2
DA:58,2
DA:59,2
DA:60,2
DA:61,2
DA:62,2
DA:63,2
DA:64,2
DA:65,2
DA:66,2
DA:67,2
DA:68,2
DA:69,2
DA:70,2
DA:71,2
DA:72,2
DA:73,2
DA:74,2
DA:75,2
DA:76,2
DA:77,2
DA:78,2
DA:79,2
DA:80,2
DA:81,2
DA:82,2
DA:83,2
DA:84,2
DA:85,2
DA:86,2
DA:87,2
DA:88,2
DA:89,2
DA:90,2
DA:91,2
DA:92,2
DA:93,2
DA:94,2
DA:95,2
DA:96,2
DA:97,2
DA:98,2
DA:99,2
DA:100,1
DA:101,1
DA:102,2
DA:103,2
DA:104,2
DA:105,2
DA:106,2
DA:107,2
DA:108,2
DA:109,2
DA:110,2
DA:111,2
DA:112,2
DA:113,2
DA:114,2
DA:115,2
DA:116,2
DA:117,2
DA:118,2
DA:119,2
DA:120,2
DA:121,2
DA:122,1
DA:123,1
DA:124,22
DA:125,22
DA:126,22
DA:127,22
DA:128,22
DA:129,22
DA:130,22
DA:131,22
DA:132,22
DA:133,22
DA:134,22
DA:135,22
DA:136,22
DA:137,22
DA:138,22
DA:139,3
DA:140,22
DA:141,19
DA:142,19
DA:143,22
DA:144,22
DA:145,20
DA:146,22
DA:147,2
DA:148,2
DA:149,22
DA:150,22
DA:151,22
DA:152,22
DA:153,22
DA:154,22
DA:155,22
DA:156,22
DA:157,22
DA:158,22
DA:159,22
DA:160,22
DA:161,22
DA:162,22
DA:163,22
DA:164,22
DA:165,22
DA:166,22
DA:167,22
DA:168,22
DA:169,22
DA:170,22
DA:171,22
DA:172,22
DA:173,22
DA:174,22
DA:175,22
DA:176,22
DA:177,22
DA:178,22
DA:179,22
DA:180,22
DA:181,22
DA:182,22
DA:183,22
DA:184,22
DA:185,22
DA:186,22
DA:187,1
DA:188,1
DA:189,24
DA:190,24
DA:191,24
DA:192,24
DA:193,24
DA:194,24
DA:195,24
DA:196,24
DA:197,24
DA:198,24
DA:199,24
DA:200,1
DA:201,1
DA:202,1
DA:203,1
DA:204,1
DA:205,23
DA:206,23
DA:207,24
DA:208,24
DA:209,24
DA:210,24
DA:211,24
DA:212,24
DA:213,24
DA:214,24
DA:215,24
DA:216,1
DA:217,1
DA:218,22
DA:219,22
DA:220,22
DA:221,22
DA:222,19
DA:223,1
DA:224,19
DA:225,3
DA:226,2
DA:227,2
DA:228,3
DA:229,19
DA:230,22
DA:231,22
DA:232,22
DA:233,1
LF:233
LH:233
BRDA:40,0,0,2
BRDA:77,1,0,0
BRDA:99,2,0,1
BRDA:123,3,0,22
BRDA:138,4,0,3
BRDA:140,5,0,19
BRDA:144,6,0,20
BRDA:146,7,0,2
BRDA:171,8,0,19
BRDA:171,9,0,3
BRDA:188,10,0,24
BRDA:199,11,0,1
BRDA:205,12,0,23
BRDA:207,13,0,19
BRDA:208,14,0,4
BRDA:211,15,0,19
BRDA:212,16,0,4
BRDA:217,17,0,22
BRDA:221,18,0,19
BRDA:222,19,0,1
BRDA:224,20,0,18
BRDA:224,21,0,3
BRDA:225,22,0,2
BRF:23
BRH:22
end_of_record
